2015-04-22 01:43:44 uri:/news.action; code:404; msg:Unable to find a route to match the URI: news.action-HTTP_Exception_404 [ 404 ]: Unable to find a route to match the URI: news.action ~ SYSPATH/classes/kohana/request.php [ 1124 ]; referer:
2015-04-22 01:43:44 uri:/login.jsp; code:404; msg:Unable to find a route to match the URI: login.jsp-HTTP_Exception_404 [ 404 ]: Unable to find a route to match the URI: login.jsp ~ SYSPATH/classes/kohana/request.php [ 1124 ]; referer:
2015-04-22 01:43:44 uri:/siteEnter.action; code:404; msg:Unable to find a route to match the URI: siteEnter.action-HTTP_Exception_404 [ 404 ]: Unable to find a route to match the URI: siteEnter.action ~ SYSPATH/classes/kohana/request.php [ 1124 ]; referer:
2015-04-22 01:43:44 uri:/login!init.action; code:404; msg:Unable to find a route to match the URI: login!init.action-HTTP_Exception_404 [ 404 ]: Unable to find a route to match the URI: login!init.action ~ SYSPATH/classes/kohana/request.php [ 1124 ]; referer:
2015-04-22 01:43:45 uri:/admin/index.jsp; code:404; msg:Unable to find a route to match the URI: admin/index.jsp-HTTP_Exception_404 [ 404 ]: Unable to find a route to match the URI: admin/index.jsp ~ SYSPATH/classes/kohana/request.php [ 1124 ]; referer:
2015-04-22 01:43:45 uri:/index!download.action; code:404; msg:Unable to find a route to match the URI: index!download.action-HTTP_Exception_404 [ 404 ]: Unable to find a route to match the URI: index!download.action ~ SYSPATH/classes/kohana/request.php [ 1124 ]; referer:
2015-04-22 01:43:45 uri:/index!execute.action; code:404; msg:Unable to find a route to match the URI: index!execute.action-HTTP_Exception_404 [ 404 ]: Unable to find a route to match the URI: index!execute.action ~ SYSPATH/classes/kohana/request.php [ 1124 ]; referer:
2015-04-22 01:43:45 uri:/index!WCIndex.action; code:404; msg:Unable to find a route to match the URI: index!WCIndex.action-HTTP_Exception_404 [ 404 ]: Unable to find a route to match the URI: index!WCIndex.action ~ SYSPATH/classes/kohana/request.php [ 1124 ]; referer:
2015-04-22 01:43:45 uri:/index!OAIndex.action; code:404; msg:Unable to find a route to match the URI: index!OAIndex.action-HTTP_Exception_404 [ 404 ]: Unable to find a route to match the URI: index!OAIndex.action ~ SYSPATH/classes/kohana/request.php [ 1124 ]; referer:
2015-04-22 01:43:45 uri:/userInfoAction.action; code:404; msg:Unable to find a route to match the URI: userInfoAction.action-HTTP_Exception_404 [ 404 ]: Unable to find a route to match the URI: userInfoAction.action ~ SYSPATH/classes/kohana/request.php [ 1124 ]; referer:
2015-04-22 01:43:45 uri:/admin/install!license.action; code:404; msg:Unable to find a route to match the URI: admin/install!license.action-HTTP_Exception_404 [ 404 ]: Unable to find a route to match the URI: admin/install!license.action ~ SYSPATH/classes/kohana/request.php [ 1124 ]; referer:
2015-04-22 01:43:45 uri:/admin/index.action; code:404; msg:Unable to find a route to match the URI: admin/index.action-HTTP_Exception_404 [ 404 ]: Unable to find a route to match the URI: admin/index.action ~ SYSPATH/classes/kohana/request.php [ 1124 ]; referer:
2015-04-22 01:43:45 uri:/license!getExpireDateOfDays.action; code:404; msg:Unable to find a route to match the URI: license!getExpireDateOfDays.action-HTTP_Exception_404 [ 404 ]: Unable to find a route to match the URI: license!getExpireDateOfDays.action ~ SYSPATH/classes/kohana/request.php [ 1124 ]; referer:
2015-04-22 01:43:45 uri:/userAction_loginUI.action; code:404; msg:Unable to find a route to match the URI: userAction_loginUI.action-HTTP_Exception_404 [ 404 ]: Unable to find a route to match the URI: userAction_loginUI.action ~ SYSPATH/classes/kohana/request.php [ 1124 ]; referer:
2015-04-22 01:43:45 uri:/unAuthorizedAccess.action; code:404; msg:Unable to find a route to match the URI: unAuthorizedAccess.action-HTTP_Exception_404 [ 404 ]: Unable to find a route to match the URI: unAuthorizedAccess.action ~ SYSPATH/classes/kohana/request.php [ 1124 ]; referer:
2015-04-22 03:47:18 uri:/robots.txt; code:404; msg:Unable to find a route to match the URI: robots.txt-HTTP_Exception_404 [ 404 ]: Unable to find a route to match the URI: robots.txt ~ SYSPATH/classes/kohana/request.php [ 1124 ]; referer:
2015-04-22 05:40:52 uri:/robots.txt; code:404; msg:Unable to find a route to match the URI: robots.txt-HTTP_Exception_404 [ 404 ]: Unable to find a route to match the URI: robots.txt ~ SYSPATH/classes/kohana/request.php [ 1124 ]; referer:
2015-04-22 09:19:08 uri:/123; code:404; msg:The requested URL 123 was not found on this server.-HTTP_Exception_404 [ 404 ]: The requested URL 123 was not found on this server. ~ SYSPATH/classes/kohana/request/client/internal.php [ 87 ]; referer:http://www.xgomo.com/123
2015-04-22 10:04:23 uri:/robots.txt; code:404; msg:Unable to find a route to match the URI: robots.txt-HTTP_Exception_404 [ 404 ]: Unable to find a route to match the URI: robots.txt ~ SYSPATH/classes/kohana/request.php [ 1124 ]; referer:
2015-04-22 11:29:08 uri:/muieblackcat; code:404; msg:The requested URL muieblackcat was not found on this server.-HTTP_Exception_404 [ 404 ]: The requested URL muieblackcat was not found on this server. ~ SYSPATH/classes/kohana/request/client/internal.php [ 87 ]; referer:
2015-04-22 11:45:56 uri:/robots.txt; code:404; msg:Unable to find a route to match the URI: robots.txt-HTTP_Exception_404 [ 404 ]: Unable to find a route to match the URI: robots.txt ~ SYSPATH/classes/kohana/request.php [ 1124 ]; referer:
2015-04-22 13:20:19 uri:/muieblackcat; code:404; msg:The requested URL muieblackcat was not found on this server.-HTTP_Exception_404 [ 404 ]: The requested URL muieblackcat was not found on this server. ~ SYSPATH/classes/kohana/request/client/internal.php [ 87 ]; referer:
2015-04-22 13:53:30 uri:/80; code:404; msg:The requested URL 80 was not found on this server.-HTTP_Exception_404 [ 404 ]: The requested URL 80 was not found on this server. ~ SYSPATH/classes/kohana/request/client/internal.php [ 87 ]; referer:
2015-04-22 13:56:31 uri:/team/about; code:404; msg:The requested URL team/about was not found on this server.-HTTP_Exception_404 [ 404 ]: The requested URL team/about was not found on this server. ~ SYSPATH/classes/kohana/request/client/internal.php [ 87 ]; referer:http://www.xgomo.com/service
2015-04-22 14:12:40 uri:/detail/1ki; code:404; msg:The requested URL detail/1ki was not found on this server.-HTTP_Exception_404 [ 404 ]: The requested URL detail/1ki was not found on this server. ~ SYSPATH/classes/kohana/request/client/internal.php [ 87 ]; referer:http://www.xgomo.com/
2015-04-22 14:49:53 uri:/team/about; code:404; msg:The requested URL team/about was not found on this server.-HTTP_Exception_404 [ 404 ]: The requested URL team/about was not found on this server. ~ SYSPATH/classes/kohana/request/client/internal.php [ 87 ]; referer:http://www.xgomo.com/
2015-04-22 14:50:00 uri:/detail/1ki; code:404; msg:The requested URL detail/1ki was not found on this server.-HTTP_Exception_404 [ 404 ]: The requested URL detail/1ki was not found on this server. ~ SYSPATH/classes/kohana/request/client/internal.php [ 87 ]; referer:http://www.xgomo.com/team/about
2015-04-22 14:50:29 uri:/team/contact; code:404; msg:The requested URL team/contact was not found on this server.-HTTP_Exception_404 [ 404 ]: The requested URL team/contact was not found on this server. ~ SYSPATH/classes/kohana/request/client/internal.php [ 87 ]; referer:http://www.xgomo.com/company
2015-04-22 14:50:34 uri:/team/about; code:404; msg:The requested URL team/about was not found on this server.-HTTP_Exception_404 [ 404 ]: The requested URL team/about was not found on this server. ~ SYSPATH/classes/kohana/request/client/internal.php [ 87 ]; referer:http://www.xgomo.com/team/contact
2015-04-22 14:50:37 uri:/team/about; code:404; msg:The requested URL team/about was not found on this server.-HTTP_Exception_404 [ 404 ]: The requested URL team/about was not found on this server. ~ SYSPATH/classes/kohana/request/client/internal.php [ 87 ]; referer:http://www.xgomo.com/team/about
2015-04-22 15:39:01 uri:/robots.txt; code:404; msg:Unable to find a route to match the URI: robots.txt-HTTP_Exception_404 [ 404 ]: Unable to find a route to match the URI: robots.txt ~ SYSPATH/classes/kohana/request.php [ 1124 ]; referer:
2015-04-22 15:50:08 uri:/manager/html; code:404; msg:The requested URL manager/html was not found on this server.-HTTP_Exception_404 [ 404 ]: The requested URL manager/html was not found on this server. ~ SYSPATH/classes/kohana/request/client/internal.php [ 87 ]; referer:
2015-04-22 15:59:29 uri:/index.action; code:404; msg:Unable to find a route to match the URI: index.action-HTTP_Exception_404 [ 404 ]: Unable to find a route to match the URI: index.action ~ SYSPATH/classes/kohana/request.php [ 1124 ]; referer:
2015-04-22 15:59:29 uri:/news.action; code:404; msg:Unable to find a route to match the URI: news.action-HTTP_Exception_404 [ 404 ]: Unable to find a route to match the URI: news.action ~ SYSPATH/classes/kohana/request.php [ 1124 ]; referer:
2015-04-22 15:59:29 uri:/login.jsp; code:404; msg:Unable to find a route to match the URI: login.jsp-HTTP_Exception_404 [ 404 ]: Unable to find a route to match the URI: login.jsp ~ SYSPATH/classes/kohana/request.php [ 1124 ]; referer:
2015-04-22 15:59:29 uri:/siteEnter.action; code:404; msg:Unable to find a route to match the URI: siteEnter.action-HTTP_Exception_404 [ 404 ]: Unable to find a route to match the URI: siteEnter.action ~ SYSPATH/classes/kohana/request.php [ 1124 ]; referer:
2015-04-22 15:59:29 uri:/login!init.action; code:404; msg:Unable to find a route to match the URI: login!init.action-HTTP_Exception_404 [ 404 ]: Unable to find a route to match the URI: login!init.action ~ SYSPATH/classes/kohana/request.php [ 1124 ]; referer:
2015-04-22 15:59:29 uri:/admin/index.jsp; code:404; msg:Unable to find a route to match the URI: admin/index.jsp-HTTP_Exception_404 [ 404 ]: Unable to find a route to match the URI: admin/index.jsp ~ SYSPATH/classes/kohana/request.php [ 1124 ]; referer:
2015-04-22 15:59:29 uri:/index!download.action; code:404; msg:Unable to find a route to match the URI: index!download.action-HTTP_Exception_404 [ 404 ]: Unable to find a route to match the URI: index!download.action ~ SYSPATH/classes/kohana/request.php [ 1124 ]; referer:
2015-04-22 15:59:29 uri:/index!execute.action; code:404; msg:Unable to find a route to match the URI: index!execute.action-HTTP_Exception_404 [ 404 ]: Unable to find a route to match the URI: index!execute.action ~ SYSPATH/classes/kohana/request.php [ 1124 ]; referer:
2015-04-22 15:59:30 uri:/index!WCIndex.action; code:404; msg:Unable to find a route to match the URI: index!WCIndex.action-HTTP_Exception_404 [ 404 ]: Unable to find a route to match the URI: index!WCIndex.action ~ SYSPATH/classes/kohana/request.php [ 1124 ]; referer:
2015-04-22 15:59:30 uri:/index!OAIndex.action; code:404; msg:Unable to find a route to match the URI: index!OAIndex.action-HTTP_Exception_404 [ 404 ]: Unable to find a route to match the URI: index!OAIndex.action ~ SYSPATH/classes/kohana/request.php [ 1124 ]; referer:
2015-04-22 15:59:30 uri:/userInfoAction.action; code:404; msg:Unable to find a route to match the URI: userInfoAction.action-HTTP_Exception_404 [ 404 ]: Unable to find a route to match the URI: userInfoAction.action ~ SYSPATH/classes/kohana/request.php [ 1124 ]; referer:
2015-04-22 15:59:30 uri:/admin/install!license.action; code:404; msg:Unable to find a route to match the URI: admin/install!license.action-HTTP_Exception_404 [ 404 ]: Unable to find a route to match the URI: admin/install!license.action ~ SYSPATH/classes/kohana/request.php [ 1124 ]; referer:
2015-04-22 15:59:30 uri:/admin/index.action; code:404; msg:Unable to find a route to match the URI: admin/index.action-HTTP_Exception_404 [ 404 ]: Unable to find a route to match the URI: admin/index.action ~ SYSPATH/classes/kohana/request.php [ 1124 ]; referer:
2015-04-22 15:59:30 uri:/license!getExpireDateOfDays.action; code:404; msg:Unable to find a route to match the URI: license!getExpireDateOfDays.action-HTTP_Exception_404 [ 404 ]: Unable to find a route to match the URI: license!getExpireDateOfDays.action ~ SYSPATH/classes/kohana/request.php [ 1124 ]; referer:
2015-04-22 15:59:30 uri:/userAction_loginUI.action; code:404; msg:Unable to find a route to match the URI: userAction_loginUI.action-HTTP_Exception_404 [ 404 ]: Unable to find a route to match the URI: userAction_loginUI.action ~ SYSPATH/classes/kohana/request.php [ 1124 ]; referer:
2015-04-22 15:59:30 uri:/unAuthorizedAccess.action; code:404; msg:Unable to find a route to match the URI: unAuthorizedAccess.action-HTTP_Exception_404 [ 404 ]: Unable to find a route to match the URI: unAuthorizedAccess.action ~ SYSPATH/classes/kohana/request.php [ 1124 ]; referer:
2015-04-22 19:11:10 uri:/jmx-console/; code:404; msg:The requested URL jmx-console was not found on this server.-HTTP_Exception_404 [ 404 ]: The requested URL jmx-console was not found on this server. ~ SYSPATH/classes/kohana/request/client/internal.php [ 87 ]; referer:http://121.40.211.61/
2015-04-22 19:11:12 uri:/web-console/; code:404; msg:The requested URL web-console was not found on this server.-HTTP_Exception_404 [ 404 ]: The requested URL web-console was not found on this server. ~ SYSPATH/classes/kohana/request/client/internal.php [ 87 ]; referer:http://121.40.211.61/
2015-04-22 19:11:14 uri:/invoker/JMXInvokerServlet; code:404; msg:The requested URL invoker/JMXInvokerServlet was not found on this server.-HTTP_Exception_404 [ 404 ]: The requested URL invoker/JMXInvokerServlet was not found on this server. ~ SYSPATH/classes/kohana/request/client/internal.php [ 87 ]; referer:http://121.40.211.61/
2015-04-22 19:11:16 uri:/invoker/EJBInvokerServlet; code:404; msg:The requested URL invoker/EJBInvokerServlet was not found on this server.-HTTP_Exception_404 [ 404 ]: The requested URL invoker/EJBInvokerServlet was not found on this server. ~ SYSPATH/classes/kohana/request/client/internal.php [ 87 ]; referer:http://121.40.211.61/
2015-04-22 19:11:18 uri:/status/; code:404; msg:The requested URL status was not found on this server.-HTTP_Exception_404 [ 404 ]: The requested URL status was not found on this server. ~ SYSPATH/classes/kohana/request/client/internal.php [ 87 ]; referer:http://121.40.211.61/
2015-04-22 19:11:20 uri:/server-status/; code:404; msg:The requested URL server-status was not found on this server.-HTTP_Exception_404 [ 404 ]: The requested URL server-status was not found on this server. ~ SYSPATH/classes/kohana/request/client/internal.php [ 87 ]; referer:http://121.40.211.61/
2015-04-22 19:11:27 uri:/manager/html; code:404; msg:The requested URL manager/html was not found on this server.-HTTP_Exception_404 [ 404 ]: The requested URL manager/html was not found on this server. ~ SYSPATH/classes/kohana/request/client/internal.php [ 87 ]; referer:http://121.40.211.61/
2015-04-22 19:17:53 uri:/index.html; code:404; msg:Unable to find a route to match the URI: index.html-HTTP_Exception_404 [ 404 ]: Unable to find a route to match the URI: index.html ~ SYSPATH/classes/kohana/request.php [ 1124 ]; referer:
2015-04-22 20:19:10 uri:/detail/1ki; code:404; msg:The requested URL detail/1ki was not found on this server.-HTTP_Exception_404 [ 404 ]: The requested URL detail/1ki was not found on this server. ~ SYSPATH/classes/kohana/request/client/internal.php [ 87 ]; referer:
2015-04-22 23:26:08 uri:/webscan38502863.txt; code:404; msg:Unable to find a route to match the URI: webscan38502863.txt-HTTP_Exception_404 [ 404 ]: Unable to find a route to match the URI: webscan38502863.txt ~ SYSPATH/classes/kohana/request.php [ 1124 ]; referer:http://121.40.211.61/
2015-04-22 23:26:09 uri:/webscan38502863.txt; code:404; msg:Unable to find a route to match the URI: webscan38502863.txt-HTTP_Exception_404 [ 404 ]: Unable to find a route to match the URI: webscan38502863.txt ~ SYSPATH/classes/kohana/request.php [ 1124 ]; referer:http://121.40.211.61/
