2015-06-02 00:50:44 uri:/robots.txt; code:404; msg:Unable to find a route to match the URI: robots.txt-HTTP_Exception_404 [ 404 ]: Unable to find a route to match the URI: robots.txt ~ SYSPATH/classes/kohana/request.php [ 1124 ]; referer:
2015-06-02 00:50:46 uri:/robots.txt; code:404; msg:Unable to find a route to match the URI: robots.txt-HTTP_Exception_404 [ 404 ]: Unable to find a route to match the URI: robots.txt ~ SYSPATH/classes/kohana/request.php [ 1124 ]; referer:
2015-06-02 00:52:08 uri:/robots.txt; code:404; msg:Unable to find a route to match the URI: robots.txt-HTTP_Exception_404 [ 404 ]: Unable to find a route to match the URI: robots.txt ~ SYSPATH/classes/kohana/request.php [ 1124 ]; referer:
2015-06-02 01:24:53 uri:/robots.txt; code:404; msg:Unable to find a route to match the URI: robots.txt-HTTP_Exception_404 [ 404 ]: Unable to find a route to match the URI: robots.txt ~ SYSPATH/classes/kohana/request.php [ 1124 ]; referer:
2015-06-02 01:24:55 uri:/detail/1ki; code:404; msg:The requested URL detail/1ki was not found on this server.-HTTP_Exception_404 [ 404 ]: The requested URL detail/1ki was not found on this server. ~ SYSPATH/classes/kohana/request/client/internal.php [ 87 ]; referer:
2015-06-02 01:25:04 uri:/team/about; code:404; msg:The requested URL team/about was not found on this server.-HTTP_Exception_404 [ 404 ]: The requested URL team/about was not found on this server. ~ SYSPATH/classes/kohana/request/client/internal.php [ 87 ]; referer:
2015-06-02 01:32:28 uri:/novel/more?category=50114&search=0_%E6%94%BF%E6%B2%BB%E5%86%9B%E4%BA%8B; code:error; msg:SQLSTATE[42S22]: Column not found: 1054 Unknown column 'novel_tags_s' in 'where clause'-exception 'PDOException' with message 'SQLSTATE[42S22]: Column not found: 1054 Unknown column 'novel_tags_s' in 'where clause'' in /var/www/html/www.igmoo.cn/modules/web/classes/zpdo/natural.php:110
Stack trace:
#0 /var/www/html/www.igmoo.cn/modules/web/classes/zpdo/natural.php(110): PDOStatement->execute()
#1 /var/www/html/www.igmoo.cn/application/classes/model/novel.php(150): Zpdo_Natural->get_all('select * from I...')
#2 /var/www/html/www.igmoo.cn/application/classes/controller/novel.php(102): Model_Novel->get_novellist_for_search(1, 40, '`category_id` =...')
#3 [internal function]: Controller_Novel->action_more()
#4 /var/www/html/www.igmoo.cn/system/classes/kohana/request/client/internal.php(118): ReflectionMethod->invoke(Object(Controller_Novel))
#5 /var/www/html/www.igmoo.cn/system/classes/kohana/request/client.php(64): Kohana_Request_Client_Internal->execute_request(Object(Request))
#6 /var/www/html/www.igmoo.cn/system/classes/kohana/request.php(1136): Kohana_Request_Client->execute(Object(Request))
#7 /var/www/html/www.igmoo.cn/public/index.php(118): Kohana_Request->execute()
#8 {main}; referer:
2015-06-02 01:32:48 uri:/robots.txt; code:404; msg:Unable to find a route to match the URI: robots.txt-HTTP_Exception_404 [ 404 ]: Unable to find a route to match the URI: robots.txt ~ SYSPATH/classes/kohana/request.php [ 1124 ]; referer:
2015-06-02 01:32:48 uri:/robots.txt; code:404; msg:Unable to find a route to match the URI: robots.txt-HTTP_Exception_404 [ 404 ]: Unable to find a route to match the URI: robots.txt ~ SYSPATH/classes/kohana/request.php [ 1124 ]; referer:
2015-06-02 01:33:13 uri:/novel/more?category=50114&search=0_%E7%BB%8F%E6%B5%8E%E7%AE%A1%E7%90%86; code:error; msg:SQLSTATE[42S22]: Column not found: 1054 Unknown column 'novel_tags_s' in 'where clause'-exception 'PDOException' with message 'SQLSTATE[42S22]: Column not found: 1054 Unknown column 'novel_tags_s' in 'where clause'' in /var/www/html/www.igmoo.cn/modules/web/classes/zpdo/natural.php:110
Stack trace:
#0 /var/www/html/www.igmoo.cn/modules/web/classes/zpdo/natural.php(110): PDOStatement->execute()
#1 /var/www/html/www.igmoo.cn/application/classes/model/novel.php(150): Zpdo_Natural->get_all('select * from I...')
#2 /var/www/html/www.igmoo.cn/application/classes/controller/novel.php(102): Model_Novel->get_novellist_for_search(1, 40, '`category_id` =...')
#3 [internal function]: Controller_Novel->action_more()
#4 /var/www/html/www.igmoo.cn/system/classes/kohana/request/client/internal.php(118): ReflectionMethod->invoke(Object(Controller_Novel))
#5 /var/www/html/www.igmoo.cn/system/classes/kohana/request/client.php(64): Kohana_Request_Client_Internal->execute_request(Object(Request))
#6 /var/www/html/www.igmoo.cn/system/classes/kohana/request.php(1136): Kohana_Request_Client->execute(Object(Request))
#7 /var/www/html/www.igmoo.cn/public/index.php(118): Kohana_Request->execute()
#8 {main}; referer:
2015-06-02 01:34:21 uri:/novel/more?category=50114&search=0_%E6%97%85%E6%B8%B8%E6%8E%A2%E9%99%A9; code:error; msg:SQLSTATE[42S22]: Column not found: 1054 Unknown column 'novel_tags_s' in 'where clause'-exception 'PDOException' with message 'SQLSTATE[42S22]: Column not found: 1054 Unknown column 'novel_tags_s' in 'where clause'' in /var/www/html/www.igmoo.cn/modules/web/classes/zpdo/natural.php:110
Stack trace:
#0 /var/www/html/www.igmoo.cn/modules/web/classes/zpdo/natural.php(110): PDOStatement->execute()
#1 /var/www/html/www.igmoo.cn/application/classes/model/novel.php(150): Zpdo_Natural->get_all('select * from I...')
#2 /var/www/html/www.igmoo.cn/application/classes/controller/novel.php(102): Model_Novel->get_novellist_for_search(1, 40, '`category_id` =...')
#3 [internal function]: Controller_Novel->action_more()
#4 /var/www/html/www.igmoo.cn/system/classes/kohana/request/client/internal.php(118): ReflectionMethod->invoke(Object(Controller_Novel))
#5 /var/www/html/www.igmoo.cn/system/classes/kohana/request/client.php(64): Kohana_Request_Client_Internal->execute_request(Object(Request))
#6 /var/www/html/www.igmoo.cn/system/classes/kohana/request.php(1136): Kohana_Request_Client->execute(Object(Request))
#7 /var/www/html/www.igmoo.cn/public/index.php(118): Kohana_Request->execute()
#8 {main}; referer:
2015-06-02 01:35:06 uri:/novel/more?category=50114&search=0_%E7%A7%91%E6%8A%80%E6%96%87%E5%8C%96; code:error; msg:SQLSTATE[42S22]: Column not found: 1054 Unknown column 'novel_tags_s' in 'where clause'-exception 'PDOException' with message 'SQLSTATE[42S22]: Column not found: 1054 Unknown column 'novel_tags_s' in 'where clause'' in /var/www/html/www.igmoo.cn/modules/web/classes/zpdo/natural.php:110
Stack trace:
#0 /var/www/html/www.igmoo.cn/modules/web/classes/zpdo/natural.php(110): PDOStatement->execute()
#1 /var/www/html/www.igmoo.cn/application/classes/model/novel.php(150): Zpdo_Natural->get_all('select * from I...')
#2 /var/www/html/www.igmoo.cn/application/classes/controller/novel.php(102): Model_Novel->get_novellist_for_search(1, 40, '`category_id` =...')
#3 [internal function]: Controller_Novel->action_more()
#4 /var/www/html/www.igmoo.cn/system/classes/kohana/request/client/internal.php(118): ReflectionMethod->invoke(Object(Controller_Novel))
#5 /var/www/html/www.igmoo.cn/system/classes/kohana/request/client.php(64): Kohana_Request_Client_Internal->execute_request(Object(Request))
#6 /var/www/html/www.igmoo.cn/system/classes/kohana/request.php(1136): Kohana_Request_Client->execute(Object(Request))
#7 /var/www/html/www.igmoo.cn/public/index.php(118): Kohana_Request->execute()
#8 {main}; referer:
2015-06-02 01:36:13 uri:/novel/more?category=50114&search=0_%E8%87%AA%E7%84%B6%E9%A3%8E%E6%83%85; code:error; msg:SQLSTATE[42S22]: Column not found: 1054 Unknown column 'novel_tags_s' in 'where clause'-exception 'PDOException' with message 'SQLSTATE[42S22]: Column not found: 1054 Unknown column 'novel_tags_s' in 'where clause'' in /var/www/html/www.igmoo.cn/modules/web/classes/zpdo/natural.php:110
Stack trace:
#0 /var/www/html/www.igmoo.cn/modules/web/classes/zpdo/natural.php(110): PDOStatement->execute()
#1 /var/www/html/www.igmoo.cn/application/classes/model/novel.php(150): Zpdo_Natural->get_all('select * from I...')
#2 /var/www/html/www.igmoo.cn/application/classes/controller/novel.php(102): Model_Novel->get_novellist_for_search(1, 40, '`category_id` =...')
#3 [internal function]: Controller_Novel->action_more()
#4 /var/www/html/www.igmoo.cn/system/classes/kohana/request/client/internal.php(118): ReflectionMethod->invoke(Object(Controller_Novel))
#5 /var/www/html/www.igmoo.cn/system/classes/kohana/request/client.php(64): Kohana_Request_Client_Internal->execute_request(Object(Request))
#6 /var/www/html/www.igmoo.cn/system/classes/kohana/request.php(1136): Kohana_Request_Client->execute(Object(Request))
#7 /var/www/html/www.igmoo.cn/public/index.php(118): Kohana_Request->execute()
#8 {main}; referer:
2015-06-02 01:36:36 uri:/novel/more?category=50114&search=0_%E5%BC%82%E5%9F%9F%E9%A3%8E%E6%83%85; code:error; msg:SQLSTATE[42S22]: Column not found: 1054 Unknown column 'novel_tags_s' in 'where clause'-exception 'PDOException' with message 'SQLSTATE[42S22]: Column not found: 1054 Unknown column 'novel_tags_s' in 'where clause'' in /var/www/html/www.igmoo.cn/modules/web/classes/zpdo/natural.php:110
Stack trace:
#0 /var/www/html/www.igmoo.cn/modules/web/classes/zpdo/natural.php(110): PDOStatement->execute()
#1 /var/www/html/www.igmoo.cn/application/classes/model/novel.php(150): Zpdo_Natural->get_all('select * from I...')
#2 /var/www/html/www.igmoo.cn/application/classes/controller/novel.php(102): Model_Novel->get_novellist_for_search(1, 40, '`category_id` =...')
#3 [internal function]: Controller_Novel->action_more()
#4 /var/www/html/www.igmoo.cn/system/classes/kohana/request/client/internal.php(118): ReflectionMethod->invoke(Object(Controller_Novel))
#5 /var/www/html/www.igmoo.cn/system/classes/kohana/request/client.php(64): Kohana_Request_Client_Internal->execute_request(Object(Request))
#6 /var/www/html/www.igmoo.cn/system/classes/kohana/request.php(1136): Kohana_Request_Client->execute(Object(Request))
#7 /var/www/html/www.igmoo.cn/public/index.php(118): Kohana_Request->execute()
#8 {main}; referer:
2015-06-02 01:38:29 uri:/novel/more?category=50114&search=0_%E5%8A%B1%E5%BF%97%E6%88%90%E5%8A%9F; code:error; msg:SQLSTATE[42S22]: Column not found: 1054 Unknown column 'novel_tags_s' in 'where clause'-exception 'PDOException' with message 'SQLSTATE[42S22]: Column not found: 1054 Unknown column 'novel_tags_s' in 'where clause'' in /var/www/html/www.igmoo.cn/modules/web/classes/zpdo/natural.php:110
Stack trace:
#0 /var/www/html/www.igmoo.cn/modules/web/classes/zpdo/natural.php(110): PDOStatement->execute()
#1 /var/www/html/www.igmoo.cn/application/classes/model/novel.php(150): Zpdo_Natural->get_all('select * from I...')
#2 /var/www/html/www.igmoo.cn/application/classes/controller/novel.php(102): Model_Novel->get_novellist_for_search(1, 40, '`category_id` =...')
#3 [internal function]: Controller_Novel->action_more()
#4 /var/www/html/www.igmoo.cn/system/classes/kohana/request/client/internal.php(118): ReflectionMethod->invoke(Object(Controller_Novel))
#5 /var/www/html/www.igmoo.cn/system/classes/kohana/request/client.php(64): Kohana_Request_Client_Internal->execute_request(Object(Request))
#6 /var/www/html/www.igmoo.cn/system/classes/kohana/request.php(1136): Kohana_Request_Client->execute(Object(Request))
#7 /var/www/html/www.igmoo.cn/public/index.php(118): Kohana_Request->execute()
#8 {main}; referer:
2015-06-02 01:39:36 uri:/novel/more?category=50114&search=0_%E7%A4%BE%E4%BC%9A%E6%B0%91%E4%BF%97; code:error; msg:SQLSTATE[42S22]: Column not found: 1054 Unknown column 'novel_tags_s' in 'where clause'-exception 'PDOException' with message 'SQLSTATE[42S22]: Column not found: 1054 Unknown column 'novel_tags_s' in 'where clause'' in /var/www/html/www.igmoo.cn/modules/web/classes/zpdo/natural.php:110
Stack trace:
#0 /var/www/html/www.igmoo.cn/modules/web/classes/zpdo/natural.php(110): PDOStatement->execute()
#1 /var/www/html/www.igmoo.cn/application/classes/model/novel.php(150): Zpdo_Natural->get_all('select * from I...')
#2 /var/www/html/www.igmoo.cn/application/classes/controller/novel.php(102): Model_Novel->get_novellist_for_search(1, 40, '`category_id` =...')
#3 [internal function]: Controller_Novel->action_more()
#4 /var/www/html/www.igmoo.cn/system/classes/kohana/request/client/internal.php(118): ReflectionMethod->invoke(Object(Controller_Novel))
#5 /var/www/html/www.igmoo.cn/system/classes/kohana/request/client.php(64): Kohana_Request_Client_Internal->execute_request(Object(Request))
#6 /var/www/html/www.igmoo.cn/system/classes/kohana/request.php(1136): Kohana_Request_Client->execute(Object(Request))
#7 /var/www/html/www.igmoo.cn/public/index.php(118): Kohana_Request->execute()
#8 {main}; referer:
2015-06-02 01:40:22 uri:/novel/more?category=50114&search=1_%E5%B7%B2%E5%87%BA%E7%89%88; code:error; msg:SQLSTATE[42S22]: Column not found: 1054 Unknown column 'novel_tags_s' in 'where clause'-exception 'PDOException' with message 'SQLSTATE[42S22]: Column not found: 1054 Unknown column 'novel_tags_s' in 'where clause'' in /var/www/html/www.igmoo.cn/modules/web/classes/zpdo/natural.php:110
Stack trace:
#0 /var/www/html/www.igmoo.cn/modules/web/classes/zpdo/natural.php(110): PDOStatement->execute()
#1 /var/www/html/www.igmoo.cn/application/classes/model/novel.php(150): Zpdo_Natural->get_all('select * from I...')
#2 /var/www/html/www.igmoo.cn/application/classes/controller/novel.php(102): Model_Novel->get_novellist_for_search(1, 40, '`category_id` =...')
#3 [internal function]: Controller_Novel->action_more()
#4 /var/www/html/www.igmoo.cn/system/classes/kohana/request/client/internal.php(118): ReflectionMethod->invoke(Object(Controller_Novel))
#5 /var/www/html/www.igmoo.cn/system/classes/kohana/request/client.php(64): Kohana_Request_Client_Internal->execute_request(Object(Request))
#6 /var/www/html/www.igmoo.cn/system/classes/kohana/request.php(1136): Kohana_Request_Client->execute(Object(Request))
#7 /var/www/html/www.igmoo.cn/public/index.php(118): Kohana_Request->execute()
#8 {main}; referer:
2015-06-02 01:41:07 uri:/novel/more?category=50114&search=1_%E6%9C%AA%E5%87%BA%E7%89%88; code:error; msg:SQLSTATE[42S22]: Column not found: 1054 Unknown column 'novel_tags_s' in 'where clause'-exception 'PDOException' with message 'SQLSTATE[42S22]: Column not found: 1054 Unknown column 'novel_tags_s' in 'where clause'' in /var/www/html/www.igmoo.cn/modules/web/classes/zpdo/natural.php:110
Stack trace:
#0 /var/www/html/www.igmoo.cn/modules/web/classes/zpdo/natural.php(110): PDOStatement->execute()
#1 /var/www/html/www.igmoo.cn/application/classes/model/novel.php(150): Zpdo_Natural->get_all('select * from I...')
#2 /var/www/html/www.igmoo.cn/application/classes/controller/novel.php(102): Model_Novel->get_novellist_for_search(1, 40, '`category_id` =...')
#3 [internal function]: Controller_Novel->action_more()
#4 /var/www/html/www.igmoo.cn/system/classes/kohana/request/client/internal.php(118): ReflectionMethod->invoke(Object(Controller_Novel))
#5 /var/www/html/www.igmoo.cn/system/classes/kohana/request/client.php(64): Kohana_Request_Client_Internal->execute_request(Object(Request))
#6 /var/www/html/www.igmoo.cn/system/classes/kohana/request.php(1136): Kohana_Request_Client->execute(Object(Request))
#7 /var/www/html/www.igmoo.cn/public/index.php(118): Kohana_Request->execute()
#8 {main}; referer:
2015-06-02 03:21:58 uri:/123; code:404; msg:The requested URL 123 was not found on this server.-HTTP_Exception_404 [ 404 ]: The requested URL 123 was not found on this server. ~ SYSPATH/classes/kohana/request/client/internal.php [ 87 ]; referer:http://igmoo.cn/123
2015-06-02 03:52:40 uri:/robots.txt; code:404; msg:Unable to find a route to match the URI: robots.txt-HTTP_Exception_404 [ 404 ]: Unable to find a route to match the URI: robots.txt ~ SYSPATH/classes/kohana/request.php [ 1124 ]; referer:
2015-06-02 04:56:59 uri:/robots.txt; code:404; msg:Unable to find a route to match the URI: robots.txt-HTTP_Exception_404 [ 404 ]: Unable to find a route to match the URI: robots.txt ~ SYSPATH/classes/kohana/request.php [ 1124 ]; referer:
2015-06-02 04:59:51 uri:/robots.txt; code:404; msg:Unable to find a route to match the URI: robots.txt-HTTP_Exception_404 [ 404 ]: Unable to find a route to match the URI: robots.txt ~ SYSPATH/classes/kohana/request.php [ 1124 ]; referer:
2015-06-02 05:00:07 uri:/robots.txt; code:404; msg:Unable to find a route to match the URI: robots.txt-HTTP_Exception_404 [ 404 ]: Unable to find a route to match the URI: robots.txt ~ SYSPATH/classes/kohana/request.php [ 1124 ]; referer:
2015-06-02 05:02:58 uri:/jquukodu.html; code:404; msg:Unable to find a route to match the URI: jquukodu.html-HTTP_Exception_404 [ 404 ]: Unable to find a route to match the URI: jquukodu.html ~ SYSPATH/classes/kohana/request.php [ 1124 ]; referer:
2015-06-02 05:07:18 uri:/robots.txt; code:404; msg:Unable to find a route to match the URI: robots.txt-HTTP_Exception_404 [ 404 ]: Unable to find a route to match the URI: robots.txt ~ SYSPATH/classes/kohana/request.php [ 1124 ]; referer:
2015-06-02 06:11:39 uri:/robots.txt; code:404; msg:Unable to find a route to match the URI: robots.txt-HTTP_Exception_404 [ 404 ]: Unable to find a route to match the URI: robots.txt ~ SYSPATH/classes/kohana/request.php [ 1124 ]; referer:
2015-06-02 06:50:47 uri:/robots.txt; code:404; msg:Unable to find a route to match the URI: robots.txt-HTTP_Exception_404 [ 404 ]: Unable to find a route to match the URI: robots.txt ~ SYSPATH/classes/kohana/request.php [ 1124 ]; referer:
2015-06-02 08:29:43 uri:/robots.txt; code:404; msg:Unable to find a route to match the URI: robots.txt-HTTP_Exception_404 [ 404 ]: Unable to find a route to match the URI: robots.txt ~ SYSPATH/classes/kohana/request.php [ 1124 ]; referer:
2015-06-02 08:44:52 uri:/robots.txt; code:404; msg:Unable to find a route to match the URI: robots.txt-HTTP_Exception_404 [ 404 ]: Unable to find a route to match the URI: robots.txt ~ SYSPATH/classes/kohana/request.php [ 1124 ]; referer:
2015-06-02 08:44:57 uri:/team/about; code:404; msg:The requested URL team/about was not found on this server.-HTTP_Exception_404 [ 404 ]: The requested URL team/about was not found on this server. ~ SYSPATH/classes/kohana/request/client/internal.php [ 87 ]; referer:
2015-06-02 09:16:38 uri:/robots.txt; code:404; msg:Unable to find a route to match the URI: robots.txt-HTTP_Exception_404 [ 404 ]: Unable to find a route to match the URI: robots.txt ~ SYSPATH/classes/kohana/request.php [ 1124 ]; referer:
2015-06-02 09:54:17 uri:/robots.txt; code:404; msg:Unable to find a route to match the URI: robots.txt-HTTP_Exception_404 [ 404 ]: Unable to find a route to match the URI: robots.txt ~ SYSPATH/classes/kohana/request.php [ 1124 ]; referer:
2015-06-02 11:24:16 uri:/team/about; code:404; msg:The requested URL team/about was not found on this server.-HTTP_Exception_404 [ 404 ]: The requested URL team/about was not found on this server. ~ SYSPATH/classes/kohana/request/client/internal.php [ 87 ]; referer:http://www.xgomo.com/item?itemid=1akm
2015-06-02 11:36:10 uri:/robots.txt; code:404; msg:Unable to find a route to match the URI: robots.txt-HTTP_Exception_404 [ 404 ]: Unable to find a route to match the URI: robots.txt ~ SYSPATH/classes/kohana/request.php [ 1124 ]; referer:
2015-06-02 13:14:55 uri:/robots.txt; code:404; msg:Unable to find a route to match the URI: robots.txt-HTTP_Exception_404 [ 404 ]: Unable to find a route to match the URI: robots.txt ~ SYSPATH/classes/kohana/request.php [ 1124 ]; referer:
2015-06-02 13:44:06 uri:/robots.txt; code:404; msg:Unable to find a route to match the URI: robots.txt-HTTP_Exception_404 [ 404 ]: Unable to find a route to match the URI: robots.txt ~ SYSPATH/classes/kohana/request.php [ 1124 ]; referer:
2015-06-02 13:45:54 uri:/robots.txt; code:404; msg:Unable to find a route to match the URI: robots.txt-HTTP_Exception_404 [ 404 ]: Unable to find a route to match the URI: robots.txt ~ SYSPATH/classes/kohana/request.php [ 1124 ]; referer:
2015-06-02 15:08:21 uri:/novel/more?category=50112&search=2_%E5%8F%A4%E8%A3%85; code:error; msg:SQLSTATE[42S22]: Column not found: 1054 Unknown column 'novel_tags_s' in 'where clause'-exception 'PDOException' with message 'SQLSTATE[42S22]: Column not found: 1054 Unknown column 'novel_tags_s' in 'where clause'' in /var/www/html/www.igmoo.cn/modules/web/classes/zpdo/natural.php:110
Stack trace:
#0 /var/www/html/www.igmoo.cn/modules/web/classes/zpdo/natural.php(110): PDOStatement->execute()
#1 /var/www/html/www.igmoo.cn/application/classes/model/novel.php(150): Zpdo_Natural->get_all('select * from I...')
#2 /var/www/html/www.igmoo.cn/application/classes/controller/novel.php(102): Model_Novel->get_novellist_for_search(1, 40, '`category_id` =...')
#3 [internal function]: Controller_Novel->action_more()
#4 /var/www/html/www.igmoo.cn/system/classes/kohana/request/client/internal.php(118): ReflectionMethod->invoke(Object(Controller_Novel))
#5 /var/www/html/www.igmoo.cn/system/classes/kohana/request/client.php(64): Kohana_Request_Client_Internal->execute_request(Object(Request))
#6 /var/www/html/www.igmoo.cn/system/classes/kohana/request.php(1136): Kohana_Request_Client->execute(Object(Request))
#7 /var/www/html/www.igmoo.cn/public/index.php(118): Kohana_Request->execute()
#8 {main}; referer:
2015-06-02 15:08:43 uri:/novel/more?category=50112&search=1_%E5%B7%B2%E5%AE%8C%E7%A8%BF; code:error; msg:SQLSTATE[42S22]: Column not found: 1054 Unknown column 'novel_tags_s' in 'where clause'-exception 'PDOException' with message 'SQLSTATE[42S22]: Column not found: 1054 Unknown column 'novel_tags_s' in 'where clause'' in /var/www/html/www.igmoo.cn/modules/web/classes/zpdo/natural.php:110
Stack trace:
#0 /var/www/html/www.igmoo.cn/modules/web/classes/zpdo/natural.php(110): PDOStatement->execute()
#1 /var/www/html/www.igmoo.cn/application/classes/model/novel.php(150): Zpdo_Natural->get_all('select * from I...')
#2 /var/www/html/www.igmoo.cn/application/classes/controller/novel.php(102): Model_Novel->get_novellist_for_search(1, 40, '`category_id` =...')
#3 [internal function]: Controller_Novel->action_more()
#4 /var/www/html/www.igmoo.cn/system/classes/kohana/request/client/internal.php(118): ReflectionMethod->invoke(Object(Controller_Novel))
#5 /var/www/html/www.igmoo.cn/system/classes/kohana/request/client.php(64): Kohana_Request_Client_Internal->execute_request(Object(Request))
#6 /var/www/html/www.igmoo.cn/system/classes/kohana/request.php(1136): Kohana_Request_Client->execute(Object(Request))
#7 /var/www/html/www.igmoo.cn/public/index.php(118): Kohana_Request->execute()
#8 {main}; referer:
2015-06-02 15:09:27 uri:/robots.txt; code:404; msg:Unable to find a route to match the URI: robots.txt-HTTP_Exception_404 [ 404 ]: Unable to find a route to match the URI: robots.txt ~ SYSPATH/classes/kohana/request.php [ 1124 ]; referer:
2015-06-02 15:09:30 uri:/novel/more?category=50112&search=2_%E8%AD%A6%E5%8C%AA; code:error; msg:SQLSTATE[42S22]: Column not found: 1054 Unknown column 'novel_tags_s' in 'where clause'-exception 'PDOException' with message 'SQLSTATE[42S22]: Column not found: 1054 Unknown column 'novel_tags_s' in 'where clause'' in /var/www/html/www.igmoo.cn/modules/web/classes/zpdo/natural.php:110
Stack trace:
#0 /var/www/html/www.igmoo.cn/modules/web/classes/zpdo/natural.php(110): PDOStatement->execute()
#1 /var/www/html/www.igmoo.cn/application/classes/model/novel.php(150): Zpdo_Natural->get_all('select * from I...')
#2 /var/www/html/www.igmoo.cn/application/classes/controller/novel.php(102): Model_Novel->get_novellist_for_search(1, 40, '`category_id` =...')
#3 [internal function]: Controller_Novel->action_more()
#4 /var/www/html/www.igmoo.cn/system/classes/kohana/request/client/internal.php(118): ReflectionMethod->invoke(Object(Controller_Novel))
#5 /var/www/html/www.igmoo.cn/system/classes/kohana/request/client.php(64): Kohana_Request_Client_Internal->execute_request(Object(Request))
#6 /var/www/html/www.igmoo.cn/system/classes/kohana/request.php(1136): Kohana_Request_Client->execute(Object(Request))
#7 /var/www/html/www.igmoo.cn/public/index.php(118): Kohana_Request->execute()
#8 {main}; referer:
2015-06-02 15:10:14 uri:/novel/more?category=50112&search=2_%E6%82%AC%E7%96%91; code:error; msg:SQLSTATE[42S22]: Column not found: 1054 Unknown column 'novel_tags_s' in 'where clause'-exception 'PDOException' with message 'SQLSTATE[42S22]: Column not found: 1054 Unknown column 'novel_tags_s' in 'where clause'' in /var/www/html/www.igmoo.cn/modules/web/classes/zpdo/natural.php:110
Stack trace:
#0 /var/www/html/www.igmoo.cn/modules/web/classes/zpdo/natural.php(110): PDOStatement->execute()
#1 /var/www/html/www.igmoo.cn/application/classes/model/novel.php(150): Zpdo_Natural->get_all('select * from I...')
#2 /var/www/html/www.igmoo.cn/application/classes/controller/novel.php(102): Model_Novel->get_novellist_for_search(1, 40, '`category_id` =...')
#3 [internal function]: Controller_Novel->action_more()
#4 /var/www/html/www.igmoo.cn/system/classes/kohana/request/client/internal.php(118): ReflectionMethod->invoke(Object(Controller_Novel))
#5 /var/www/html/www.igmoo.cn/system/classes/kohana/request/client.php(64): Kohana_Request_Client_Internal->execute_request(Object(Request))
#6 /var/www/html/www.igmoo.cn/system/classes/kohana/request.php(1136): Kohana_Request_Client->execute(Object(Request))
#7 /var/www/html/www.igmoo.cn/public/index.php(118): Kohana_Request->execute()
#8 {main}; referer:
2015-06-02 15:10:14 uri:/robots.txt; code:404; msg:Unable to find a route to match the URI: robots.txt-HTTP_Exception_404 [ 404 ]: Unable to find a route to match the URI: robots.txt ~ SYSPATH/classes/kohana/request.php [ 1124 ]; referer:
2015-06-02 15:10:36 uri:/novel/more?category=50112&search=2_%E5%84%BF%E7%AB%A5; code:error; msg:SQLSTATE[42S22]: Column not found: 1054 Unknown column 'novel_tags_s' in 'where clause'-exception 'PDOException' with message 'SQLSTATE[42S22]: Column not found: 1054 Unknown column 'novel_tags_s' in 'where clause'' in /var/www/html/www.igmoo.cn/modules/web/classes/zpdo/natural.php:110
Stack trace:
#0 /var/www/html/www.igmoo.cn/modules/web/classes/zpdo/natural.php(110): PDOStatement->execute()
#1 /var/www/html/www.igmoo.cn/application/classes/model/novel.php(150): Zpdo_Natural->get_all('select * from I...')
#2 /var/www/html/www.igmoo.cn/application/classes/controller/novel.php(102): Model_Novel->get_novellist_for_search(1, 40, '`category_id` =...')
#3 [internal function]: Controller_Novel->action_more()
#4 /var/www/html/www.igmoo.cn/system/classes/kohana/request/client/internal.php(118): ReflectionMethod->invoke(Object(Controller_Novel))
#5 /var/www/html/www.igmoo.cn/system/classes/kohana/request/client.php(64): Kohana_Request_Client_Internal->execute_request(Object(Request))
#6 /var/www/html/www.igmoo.cn/system/classes/kohana/request.php(1136): Kohana_Request_Client->execute(Object(Request))
#7 /var/www/html/www.igmoo.cn/public/index.php(118): Kohana_Request->execute()
#8 {main}; referer:
2015-06-02 15:11:21 uri:/novel/more?category=50112&search=3_%E6%AD%A3%E5%89%A7; code:error; msg:SQLSTATE[42S22]: Column not found: 1054 Unknown column 'novel_tags_s' in 'where clause'-exception 'PDOException' with message 'SQLSTATE[42S22]: Column not found: 1054 Unknown column 'novel_tags_s' in 'where clause'' in /var/www/html/www.igmoo.cn/modules/web/classes/zpdo/natural.php:110
Stack trace:
#0 /var/www/html/www.igmoo.cn/modules/web/classes/zpdo/natural.php(110): PDOStatement->execute()
#1 /var/www/html/www.igmoo.cn/application/classes/model/novel.php(150): Zpdo_Natural->get_all('select * from I...')
#2 /var/www/html/www.igmoo.cn/application/classes/controller/novel.php(102): Model_Novel->get_novellist_for_search(1, 40, '`category_id` =...')
#3 [internal function]: Controller_Novel->action_more()
#4 /var/www/html/www.igmoo.cn/system/classes/kohana/request/client/internal.php(118): ReflectionMethod->invoke(Object(Controller_Novel))
#5 /var/www/html/www.igmoo.cn/system/classes/kohana/request/client.php(64): Kohana_Request_Client_Internal->execute_request(Object(Request))
#6 /var/www/html/www.igmoo.cn/system/classes/kohana/request.php(1136): Kohana_Request_Client->execute(Object(Request))
#7 /var/www/html/www.igmoo.cn/public/index.php(118): Kohana_Request->execute()
#8 {main}; referer:
2015-06-02 15:11:44 uri:/novel/more?category=50112&search=2_%E6%AD%A6%E4%BE%A0; code:error; msg:SQLSTATE[42S22]: Column not found: 1054 Unknown column 'novel_tags_s' in 'where clause'-exception 'PDOException' with message 'SQLSTATE[42S22]: Column not found: 1054 Unknown column 'novel_tags_s' in 'where clause'' in /var/www/html/www.igmoo.cn/modules/web/classes/zpdo/natural.php:110
Stack trace:
#0 /var/www/html/www.igmoo.cn/modules/web/classes/zpdo/natural.php(110): PDOStatement->execute()
#1 /var/www/html/www.igmoo.cn/application/classes/model/novel.php(150): Zpdo_Natural->get_all('select * from I...')
#2 /var/www/html/www.igmoo.cn/application/classes/controller/novel.php(102): Model_Novel->get_novellist_for_search(1, 40, '`category_id` =...')
#3 [internal function]: Controller_Novel->action_more()
#4 /var/www/html/www.igmoo.cn/system/classes/kohana/request/client/internal.php(118): ReflectionMethod->invoke(Object(Controller_Novel))
#5 /var/www/html/www.igmoo.cn/system/classes/kohana/request/client.php(64): Kohana_Request_Client_Internal->execute_request(Object(Request))
#6 /var/www/html/www.igmoo.cn/system/classes/kohana/request.php(1136): Kohana_Request_Client->execute(Object(Request))
#7 /var/www/html/www.igmoo.cn/public/index.php(118): Kohana_Request->execute()
#8 {main}; referer:
2015-06-02 15:12:29 uri:/novel/more?category=50112&search=2_%E5%86%9B%E4%BA%8B; code:error; msg:SQLSTATE[42S22]: Column not found: 1054 Unknown column 'novel_tags_s' in 'where clause'-exception 'PDOException' with message 'SQLSTATE[42S22]: Column not found: 1054 Unknown column 'novel_tags_s' in 'where clause'' in /var/www/html/www.igmoo.cn/modules/web/classes/zpdo/natural.php:110
Stack trace:
#0 /var/www/html/www.igmoo.cn/modules/web/classes/zpdo/natural.php(110): PDOStatement->execute()
#1 /var/www/html/www.igmoo.cn/application/classes/model/novel.php(150): Zpdo_Natural->get_all('select * from I...')
#2 /var/www/html/www.igmoo.cn/application/classes/controller/novel.php(102): Model_Novel->get_novellist_for_search(1, 40, '`category_id` =...')
#3 [internal function]: Controller_Novel->action_more()
#4 /var/www/html/www.igmoo.cn/system/classes/kohana/request/client/internal.php(118): ReflectionMethod->invoke(Object(Controller_Novel))
#5 /var/www/html/www.igmoo.cn/system/classes/kohana/request/client.php(64): Kohana_Request_Client_Internal->execute_request(Object(Request))
#6 /var/www/html/www.igmoo.cn/system/classes/kohana/request.php(1136): Kohana_Request_Client->execute(Object(Request))
#7 /var/www/html/www.igmoo.cn/public/index.php(118): Kohana_Request->execute()
#8 {main}; referer:
2015-06-02 15:12:52 uri:/novel/more?category=50112&search=2_%E8%A1%8C%E4%B8%9A; code:error; msg:SQLSTATE[42S22]: Column not found: 1054 Unknown column 'novel_tags_s' in 'where clause'-exception 'PDOException' with message 'SQLSTATE[42S22]: Column not found: 1054 Unknown column 'novel_tags_s' in 'where clause'' in /var/www/html/www.igmoo.cn/modules/web/classes/zpdo/natural.php:110
Stack trace:
#0 /var/www/html/www.igmoo.cn/modules/web/classes/zpdo/natural.php(110): PDOStatement->execute()
#1 /var/www/html/www.igmoo.cn/application/classes/model/novel.php(150): Zpdo_Natural->get_all('select * from I...')
#2 /var/www/html/www.igmoo.cn/application/classes/controller/novel.php(102): Model_Novel->get_novellist_for_search(1, 40, '`category_id` =...')
#3 [internal function]: Controller_Novel->action_more()
#4 /var/www/html/www.igmoo.cn/system/classes/kohana/request/client/internal.php(118): ReflectionMethod->invoke(Object(Controller_Novel))
#5 /var/www/html/www.igmoo.cn/system/classes/kohana/request/client.php(64): Kohana_Request_Client_Internal->execute_request(Object(Request))
#6 /var/www/html/www.igmoo.cn/system/classes/kohana/request.php(1136): Kohana_Request_Client->execute(Object(Request))
#7 /var/www/html/www.igmoo.cn/public/index.php(118): Kohana_Request->execute()
#8 {main}; referer:
2015-06-02 15:13:14 uri:/novel/more?category=50112&search=2_%E6%8A%97%E6%88%98; code:error; msg:SQLSTATE[42S22]: Column not found: 1054 Unknown column 'novel_tags_s' in 'where clause'-exception 'PDOException' with message 'SQLSTATE[42S22]: Column not found: 1054 Unknown column 'novel_tags_s' in 'where clause'' in /var/www/html/www.igmoo.cn/modules/web/classes/zpdo/natural.php:110
Stack trace:
#0 /var/www/html/www.igmoo.cn/modules/web/classes/zpdo/natural.php(110): PDOStatement->execute()
#1 /var/www/html/www.igmoo.cn/application/classes/model/novel.php(150): Zpdo_Natural->get_all('select * from I...')
#2 /var/www/html/www.igmoo.cn/application/classes/controller/novel.php(102): Model_Novel->get_novellist_for_search(1, 40, '`category_id` =...')
#3 [internal function]: Controller_Novel->action_more()
#4 /var/www/html/www.igmoo.cn/system/classes/kohana/request/client/internal.php(118): ReflectionMethod->invoke(Object(Controller_Novel))
#5 /var/www/html/www.igmoo.cn/system/classes/kohana/request/client.php(64): Kohana_Request_Client_Internal->execute_request(Object(Request))
#6 /var/www/html/www.igmoo.cn/system/classes/kohana/request.php(1136): Kohana_Request_Client->execute(Object(Request))
#7 /var/www/html/www.igmoo.cn/public/index.php(118): Kohana_Request->execute()
#8 {main}; referer:
2015-06-02 15:13:37 uri:/novel/more?category=50112&search=2_%E6%83%8A%E6%82%9A; code:error; msg:SQLSTATE[42S22]: Column not found: 1054 Unknown column 'novel_tags_s' in 'where clause'-exception 'PDOException' with message 'SQLSTATE[42S22]: Column not found: 1054 Unknown column 'novel_tags_s' in 'where clause'' in /var/www/html/www.igmoo.cn/modules/web/classes/zpdo/natural.php:110
Stack trace:
#0 /var/www/html/www.igmoo.cn/modules/web/classes/zpdo/natural.php(110): PDOStatement->execute()
#1 /var/www/html/www.igmoo.cn/application/classes/model/novel.php(150): Zpdo_Natural->get_all('select * from I...')
#2 /var/www/html/www.igmoo.cn/application/classes/controller/novel.php(102): Model_Novel->get_novellist_for_search(1, 40, '`category_id` =...')
#3 [internal function]: Controller_Novel->action_more()
#4 /var/www/html/www.igmoo.cn/system/classes/kohana/request/client/internal.php(118): ReflectionMethod->invoke(Object(Controller_Novel))
#5 /var/www/html/www.igmoo.cn/system/classes/kohana/request/client.php(64): Kohana_Request_Client_Internal->execute_request(Object(Request))
#6 /var/www/html/www.igmoo.cn/system/classes/kohana/request.php(1136): Kohana_Request_Client->execute(Object(Request))
#7 /var/www/html/www.igmoo.cn/public/index.php(118): Kohana_Request->execute()
#8 {main}; referer:
2015-06-02 15:14:44 uri:/novel/more?category=50112&search=3_%E6%82%B2%E5%89%A7; code:error; msg:SQLSTATE[42S22]: Column not found: 1054 Unknown column 'novel_tags_s' in 'where clause'-exception 'PDOException' with message 'SQLSTATE[42S22]: Column not found: 1054 Unknown column 'novel_tags_s' in 'where clause'' in /var/www/html/www.igmoo.cn/modules/web/classes/zpdo/natural.php:110
Stack trace:
#0 /var/www/html/www.igmoo.cn/modules/web/classes/zpdo/natural.php(110): PDOStatement->execute()
#1 /var/www/html/www.igmoo.cn/application/classes/model/novel.php(150): Zpdo_Natural->get_all('select * from I...')
#2 /var/www/html/www.igmoo.cn/application/classes/controller/novel.php(102): Model_Novel->get_novellist_for_search(1, 40, '`category_id` =...')
#3 [internal function]: Controller_Novel->action_more()
#4 /var/www/html/www.igmoo.cn/system/classes/kohana/request/client/internal.php(118): ReflectionMethod->invoke(Object(Controller_Novel))
#5 /var/www/html/www.igmoo.cn/system/classes/kohana/request/client.php(64): Kohana_Request_Client_Internal->execute_request(Object(Request))
#6 /var/www/html/www.igmoo.cn/system/classes/kohana/request.php(1136): Kohana_Request_Client->execute(Object(Request))
#7 /var/www/html/www.igmoo.cn/public/index.php(118): Kohana_Request->execute()
#8 {main}; referer:
2015-06-02 15:15:30 uri:/novel/more?category=50112&search=0_%E7%94%B5%E8%A7%86%E5%89%A7%E6%9C%AC; code:error; msg:SQLSTATE[42S22]: Column not found: 1054 Unknown column 'novel_tags_s' in 'where clause'-exception 'PDOException' with message 'SQLSTATE[42S22]: Column not found: 1054 Unknown column 'novel_tags_s' in 'where clause'' in /var/www/html/www.igmoo.cn/modules/web/classes/zpdo/natural.php:110
Stack trace:
#0 /var/www/html/www.igmoo.cn/modules/web/classes/zpdo/natural.php(110): PDOStatement->execute()
#1 /var/www/html/www.igmoo.cn/application/classes/model/novel.php(150): Zpdo_Natural->get_all('select * from I...')
#2 /var/www/html/www.igmoo.cn/application/classes/controller/novel.php(102): Model_Novel->get_novellist_for_search(1, 40, '`category_id` =...')
#3 [internal function]: Controller_Novel->action_more()
#4 /var/www/html/www.igmoo.cn/system/classes/kohana/request/client/internal.php(118): ReflectionMethod->invoke(Object(Controller_Novel))
#5 /var/www/html/www.igmoo.cn/system/classes/kohana/request/client.php(64): Kohana_Request_Client_Internal->execute_request(Object(Request))
#6 /var/www/html/www.igmoo.cn/system/classes/kohana/request.php(1136): Kohana_Request_Client->execute(Object(Request))
#7 /var/www/html/www.igmoo.cn/public/index.php(118): Kohana_Request->execute()
#8 {main}; referer:
2015-06-02 15:15:52 uri:/novel/more?category=50112&search=3_%E6%9A%97%E9%BB%91; code:error; msg:SQLSTATE[42S22]: Column not found: 1054 Unknown column 'novel_tags_s' in 'where clause'-exception 'PDOException' with message 'SQLSTATE[42S22]: Column not found: 1054 Unknown column 'novel_tags_s' in 'where clause'' in /var/www/html/www.igmoo.cn/modules/web/classes/zpdo/natural.php:110
Stack trace:
#0 /var/www/html/www.igmoo.cn/modules/web/classes/zpdo/natural.php(110): PDOStatement->execute()
#1 /var/www/html/www.igmoo.cn/application/classes/model/novel.php(150): Zpdo_Natural->get_all('select * from I...')
#2 /var/www/html/www.igmoo.cn/application/classes/controller/novel.php(102): Model_Novel->get_novellist_for_search(1, 40, '`category_id` =...')
#3 [internal function]: Controller_Novel->action_more()
#4 /var/www/html/www.igmoo.cn/system/classes/kohana/request/client/internal.php(118): ReflectionMethod->invoke(Object(Controller_Novel))
#5 /var/www/html/www.igmoo.cn/system/classes/kohana/request/client.php(64): Kohana_Request_Client_Internal->execute_request(Object(Request))
#6 /var/www/html/www.igmoo.cn/system/classes/kohana/request.php(1136): Kohana_Request_Client->execute(Object(Request))
#7 /var/www/html/www.igmoo.cn/public/index.php(118): Kohana_Request->execute()
#8 {main}; referer:
2015-06-02 15:16:15 uri:/novel/more?category=50112&search=2_%E5%AE%B6%E5%BA%AD; code:error; msg:SQLSTATE[42S22]: Column not found: 1054 Unknown column 'novel_tags_s' in 'where clause'-exception 'PDOException' with message 'SQLSTATE[42S22]: Column not found: 1054 Unknown column 'novel_tags_s' in 'where clause'' in /var/www/html/www.igmoo.cn/modules/web/classes/zpdo/natural.php:110
Stack trace:
#0 /var/www/html/www.igmoo.cn/modules/web/classes/zpdo/natural.php(110): PDOStatement->execute()
#1 /var/www/html/www.igmoo.cn/application/classes/model/novel.php(150): Zpdo_Natural->get_all('select * from I...')
#2 /var/www/html/www.igmoo.cn/application/classes/controller/novel.php(102): Model_Novel->get_novellist_for_search(1, 40, '`category_id` =...')
#3 [internal function]: Controller_Novel->action_more()
#4 /var/www/html/www.igmoo.cn/system/classes/kohana/request/client/internal.php(118): ReflectionMethod->invoke(Object(Controller_Novel))
#5 /var/www/html/www.igmoo.cn/system/classes/kohana/request/client.php(64): Kohana_Request_Client_Internal->execute_request(Object(Request))
#6 /var/www/html/www.igmoo.cn/system/classes/kohana/request.php(1136): Kohana_Request_Client->execute(Object(Request))
#7 /var/www/html/www.igmoo.cn/public/index.php(118): Kohana_Request->execute()
#8 {main}; referer:
2015-06-02 15:16:37 uri:/novel/more?category=50112&search=2_%E8%A8%80%E6%83%85; code:error; msg:SQLSTATE[42S22]: Column not found: 1054 Unknown column 'novel_tags_s' in 'where clause'-exception 'PDOException' with message 'SQLSTATE[42S22]: Column not found: 1054 Unknown column 'novel_tags_s' in 'where clause'' in /var/www/html/www.igmoo.cn/modules/web/classes/zpdo/natural.php:110
Stack trace:
#0 /var/www/html/www.igmoo.cn/modules/web/classes/zpdo/natural.php(110): PDOStatement->execute()
#1 /var/www/html/www.igmoo.cn/application/classes/model/novel.php(150): Zpdo_Natural->get_all('select * from I...')
#2 /var/www/html/www.igmoo.cn/application/classes/controller/novel.php(102): Model_Novel->get_novellist_for_search(1, 40, '`category_id` =...')
#3 [internal function]: Controller_Novel->action_more()
#4 /var/www/html/www.igmoo.cn/system/classes/kohana/request/client/internal.php(118): ReflectionMethod->invoke(Object(Controller_Novel))
#5 /var/www/html/www.igmoo.cn/system/classes/kohana/request/client.php(64): Kohana_Request_Client_Internal->execute_request(Object(Request))
#6 /var/www/html/www.igmoo.cn/system/classes/kohana/request.php(1136): Kohana_Request_Client->execute(Object(Request))
#7 /var/www/html/www.igmoo.cn/public/index.php(118): Kohana_Request->execute()
#8 {main}; referer:
2015-06-02 15:17:00 uri:/novel/more?category=50112&search=2_%E7%A7%91%E5%B9%BB; code:error; msg:SQLSTATE[42S22]: Column not found: 1054 Unknown column 'novel_tags_s' in 'where clause'-exception 'PDOException' with message 'SQLSTATE[42S22]: Column not found: 1054 Unknown column 'novel_tags_s' in 'where clause'' in /var/www/html/www.igmoo.cn/modules/web/classes/zpdo/natural.php:110
Stack trace:
#0 /var/www/html/www.igmoo.cn/modules/web/classes/zpdo/natural.php(110): PDOStatement->execute()
#1 /var/www/html/www.igmoo.cn/application/classes/model/novel.php(150): Zpdo_Natural->get_all('select * from I...')
#2 /var/www/html/www.igmoo.cn/application/classes/controller/novel.php(102): Model_Novel->get_novellist_for_search(1, 40, '`category_id` =...')
#3 [internal function]: Controller_Novel->action_more()
#4 /var/www/html/www.igmoo.cn/system/classes/kohana/request/client/internal.php(118): ReflectionMethod->invoke(Object(Controller_Novel))
#5 /var/www/html/www.igmoo.cn/system/classes/kohana/request/client.php(64): Kohana_Request_Client_Internal->execute_request(Object(Request))
#6 /var/www/html/www.igmoo.cn/system/classes/kohana/request.php(1136): Kohana_Request_Client->execute(Object(Request))
#7 /var/www/html/www.igmoo.cn/public/index.php(118): Kohana_Request->execute()
#8 {main}; referer:
2015-06-02 15:17:23 uri:/novel/more?category=50112&search=2_%E7%A5%9E%E8%AF%9D; code:error; msg:SQLSTATE[42S22]: Column not found: 1054 Unknown column 'novel_tags_s' in 'where clause'-exception 'PDOException' with message 'SQLSTATE[42S22]: Column not found: 1054 Unknown column 'novel_tags_s' in 'where clause'' in /var/www/html/www.igmoo.cn/modules/web/classes/zpdo/natural.php:110
Stack trace:
#0 /var/www/html/www.igmoo.cn/modules/web/classes/zpdo/natural.php(110): PDOStatement->execute()
#1 /var/www/html/www.igmoo.cn/application/classes/model/novel.php(150): Zpdo_Natural->get_all('select * from I...')
#2 /var/www/html/www.igmoo.cn/application/classes/controller/novel.php(102): Model_Novel->get_novellist_for_search(1, 40, '`category_id` =...')
#3 [internal function]: Controller_Novel->action_more()
#4 /var/www/html/www.igmoo.cn/system/classes/kohana/request/client/internal.php(118): ReflectionMethod->invoke(Object(Controller_Novel))
#5 /var/www/html/www.igmoo.cn/system/classes/kohana/request/client.php(64): Kohana_Request_Client_Internal->execute_request(Object(Request))
#6 /var/www/html/www.igmoo.cn/system/classes/kohana/request.php(1136): Kohana_Request_Client->execute(Object(Request))
#7 /var/www/html/www.igmoo.cn/public/index.php(118): Kohana_Request->execute()
#8 {main}; referer:
2015-06-02 15:18:30 uri:/novel/more?category=50112&search=0_%E5%BE%AE%E7%94%B5%E5%BD%B1%E5%89%A7%E6%9C%AC; code:error; msg:SQLSTATE[42S22]: Column not found: 1054 Unknown column 'novel_tags_s' in 'where clause'-exception 'PDOException' with message 'SQLSTATE[42S22]: Column not found: 1054 Unknown column 'novel_tags_s' in 'where clause'' in /var/www/html/www.igmoo.cn/modules/web/classes/zpdo/natural.php:110
Stack trace:
#0 /var/www/html/www.igmoo.cn/modules/web/classes/zpdo/natural.php(110): PDOStatement->execute()
#1 /var/www/html/www.igmoo.cn/application/classes/model/novel.php(150): Zpdo_Natural->get_all('select * from I...')
#2 /var/www/html/www.igmoo.cn/application/classes/controller/novel.php(102): Model_Novel->get_novellist_for_search(1, 40, '`category_id` =...')
#3 [internal function]: Controller_Novel->action_more()
#4 /var/www/html/www.igmoo.cn/system/classes/kohana/request/client/internal.php(118): ReflectionMethod->invoke(Object(Controller_Novel))
#5 /var/www/html/www.igmoo.cn/system/classes/kohana/request/client.php(64): Kohana_Request_Client_Internal->execute_request(Object(Request))
#6 /var/www/html/www.igmoo.cn/system/classes/kohana/request.php(1136): Kohana_Request_Client->execute(Object(Request))
#7 /var/www/html/www.igmoo.cn/public/index.php(118): Kohana_Request->execute()
#8 {main}; referer:
2015-06-02 15:18:53 uri:/novel/more?category=50112&search=3_%E5%96%9C%E5%89%A7; code:error; msg:SQLSTATE[42S22]: Column not found: 1054 Unknown column 'novel_tags_s' in 'where clause'-exception 'PDOException' with message 'SQLSTATE[42S22]: Column not found: 1054 Unknown column 'novel_tags_s' in 'where clause'' in /var/www/html/www.igmoo.cn/modules/web/classes/zpdo/natural.php:110
Stack trace:
#0 /var/www/html/www.igmoo.cn/modules/web/classes/zpdo/natural.php(110): PDOStatement->execute()
#1 /var/www/html/www.igmoo.cn/application/classes/model/novel.php(150): Zpdo_Natural->get_all('select * from I...')
#2 /var/www/html/www.igmoo.cn/application/classes/controller/novel.php(102): Model_Novel->get_novellist_for_search(1, 40, '`category_id` =...')
#3 [internal function]: Controller_Novel->action_more()
#4 /var/www/html/www.igmoo.cn/system/classes/kohana/request/client/internal.php(118): ReflectionMethod->invoke(Object(Controller_Novel))
#5 /var/www/html/www.igmoo.cn/system/classes/kohana/request/client.php(64): Kohana_Request_Client_Internal->execute_request(Object(Request))
#6 /var/www/html/www.igmoo.cn/system/classes/kohana/request.php(1136): Kohana_Request_Client->execute(Object(Request))
#7 /var/www/html/www.igmoo.cn/public/index.php(118): Kohana_Request->execute()
#8 {main}; referer:
2015-06-02 15:19:15 uri:/novel/more?category=50112&search=3_%E6%88%8F%E8%AF%B4; code:error; msg:SQLSTATE[42S22]: Column not found: 1054 Unknown column 'novel_tags_s' in 'where clause'-exception 'PDOException' with message 'SQLSTATE[42S22]: Column not found: 1054 Unknown column 'novel_tags_s' in 'where clause'' in /var/www/html/www.igmoo.cn/modules/web/classes/zpdo/natural.php:110
Stack trace:
#0 /var/www/html/www.igmoo.cn/modules/web/classes/zpdo/natural.php(110): PDOStatement->execute()
#1 /var/www/html/www.igmoo.cn/application/classes/model/novel.php(150): Zpdo_Natural->get_all('select * from I...')
#2 /var/www/html/www.igmoo.cn/application/classes/controller/novel.php(102): Model_Novel->get_novellist_for_search(1, 40, '`category_id` =...')
#3 [internal function]: Controller_Novel->action_more()
#4 /var/www/html/www.igmoo.cn/system/classes/kohana/request/client/internal.php(118): ReflectionMethod->invoke(Object(Controller_Novel))
#5 /var/www/html/www.igmoo.cn/system/classes/kohana/request/client.php(64): Kohana_Request_Client_Internal->execute_request(Object(Request))
#6 /var/www/html/www.igmoo.cn/system/classes/kohana/request.php(1136): Kohana_Request_Client->execute(Object(Request))
#7 /var/www/html/www.igmoo.cn/public/index.php(118): Kohana_Request->execute()
#8 {main}; referer:
2015-06-02 15:19:38 uri:/novel/more?category=50112&search=3_%E5%8A%B1%E5%BF%97; code:error; msg:SQLSTATE[42S22]: Column not found: 1054 Unknown column 'novel_tags_s' in 'where clause'-exception 'PDOException' with message 'SQLSTATE[42S22]: Column not found: 1054 Unknown column 'novel_tags_s' in 'where clause'' in /var/www/html/www.igmoo.cn/modules/web/classes/zpdo/natural.php:110
Stack trace:
#0 /var/www/html/www.igmoo.cn/modules/web/classes/zpdo/natural.php(110): PDOStatement->execute()
#1 /var/www/html/www.igmoo.cn/application/classes/model/novel.php(150): Zpdo_Natural->get_all('select * from I...')
#2 /var/www/html/www.igmoo.cn/application/classes/controller/novel.php(102): Model_Novel->get_novellist_for_search(1, 40, '`category_id` =...')
#3 [internal function]: Controller_Novel->action_more()
#4 /var/www/html/www.igmoo.cn/system/classes/kohana/request/client/internal.php(118): ReflectionMethod->invoke(Object(Controller_Novel))
#5 /var/www/html/www.igmoo.cn/system/classes/kohana/request/client.php(64): Kohana_Request_Client_Internal->execute_request(Object(Request))
#6 /var/www/html/www.igmoo.cn/system/classes/kohana/request.php(1136): Kohana_Request_Client->execute(Object(Request))
#7 /var/www/html/www.igmoo.cn/public/index.php(118): Kohana_Request->execute()
#8 {main}; referer:
2015-06-02 15:20:00 uri:/novel/more?category=50112&search=2_%E7%94%9F%E6%B4%BB; code:error; msg:SQLSTATE[42S22]: Column not found: 1054 Unknown column 'novel_tags_s' in 'where clause'-exception 'PDOException' with message 'SQLSTATE[42S22]: Column not found: 1054 Unknown column 'novel_tags_s' in 'where clause'' in /var/www/html/www.igmoo.cn/modules/web/classes/zpdo/natural.php:110
Stack trace:
#0 /var/www/html/www.igmoo.cn/modules/web/classes/zpdo/natural.php(110): PDOStatement->execute()
#1 /var/www/html/www.igmoo.cn/application/classes/model/novel.php(150): Zpdo_Natural->get_all('select * from I...')
#2 /var/www/html/www.igmoo.cn/application/classes/controller/novel.php(102): Model_Novel->get_novellist_for_search(1, 40, '`category_id` =...')
#3 [internal function]: Controller_Novel->action_more()
#4 /var/www/html/www.igmoo.cn/system/classes/kohana/request/client/internal.php(118): ReflectionMethod->invoke(Object(Controller_Novel))
#5 /var/www/html/www.igmoo.cn/system/classes/kohana/request/client.php(64): Kohana_Request_Client_Internal->execute_request(Object(Request))
#6 /var/www/html/www.igmoo.cn/system/classes/kohana/request.php(1136): Kohana_Request_Client->execute(Object(Request))
#7 /var/www/html/www.igmoo.cn/public/index.php(118): Kohana_Request->execute()
#8 {main}; referer:
2015-06-02 15:20:23 uri:/novel/more?category=50112&search=1_%E5%88%9B%E4%BD%9C%E4%B8%AD; code:error; msg:SQLSTATE[42S22]: Column not found: 1054 Unknown column 'novel_tags_s' in 'where clause'-exception 'PDOException' with message 'SQLSTATE[42S22]: Column not found: 1054 Unknown column 'novel_tags_s' in 'where clause'' in /var/www/html/www.igmoo.cn/modules/web/classes/zpdo/natural.php:110
Stack trace:
#0 /var/www/html/www.igmoo.cn/modules/web/classes/zpdo/natural.php(110): PDOStatement->execute()
#1 /var/www/html/www.igmoo.cn/application/classes/model/novel.php(150): Zpdo_Natural->get_all('select * from I...')
#2 /var/www/html/www.igmoo.cn/application/classes/controller/novel.php(102): Model_Novel->get_novellist_for_search(1, 40, '`category_id` =...')
#3 [internal function]: Controller_Novel->action_more()
#4 /var/www/html/www.igmoo.cn/system/classes/kohana/request/client/internal.php(118): ReflectionMethod->invoke(Object(Controller_Novel))
#5 /var/www/html/www.igmoo.cn/system/classes/kohana/request/client.php(64): Kohana_Request_Client_Internal->execute_request(Object(Request))
#6 /var/www/html/www.igmoo.cn/system/classes/kohana/request.php(1136): Kohana_Request_Client->execute(Object(Request))
#7 /var/www/html/www.igmoo.cn/public/index.php(118): Kohana_Request->execute()
#8 {main}; referer:
2015-06-02 15:20:46 uri:/novel/more?category=50112&search=2_%E8%B0%8D%E6%88%98; code:error; msg:SQLSTATE[42S22]: Column not found: 1054 Unknown column 'novel_tags_s' in 'where clause'-exception 'PDOException' with message 'SQLSTATE[42S22]: Column not found: 1054 Unknown column 'novel_tags_s' in 'where clause'' in /var/www/html/www.igmoo.cn/modules/web/classes/zpdo/natural.php:110
Stack trace:
#0 /var/www/html/www.igmoo.cn/modules/web/classes/zpdo/natural.php(110): PDOStatement->execute()
#1 /var/www/html/www.igmoo.cn/application/classes/model/novel.php(150): Zpdo_Natural->get_all('select * from I...')
#2 /var/www/html/www.igmoo.cn/application/classes/controller/novel.php(102): Model_Novel->get_novellist_for_search(1, 40, '`category_id` =...')
#3 [internal function]: Controller_Novel->action_more()
#4 /var/www/html/www.igmoo.cn/system/classes/kohana/request/client/internal.php(118): ReflectionMethod->invoke(Object(Controller_Novel))
#5 /var/www/html/www.igmoo.cn/system/classes/kohana/request/client.php(64): Kohana_Request_Client_Internal->execute_request(Object(Request))
#6 /var/www/html/www.igmoo.cn/system/classes/kohana/request.php(1136): Kohana_Request_Client->execute(Object(Request))
#7 /var/www/html/www.igmoo.cn/public/index.php(118): Kohana_Request->execute()
#8 {main}; referer:
2015-06-02 15:21:31 uri:/novel/more?category=50112&search=0_%E7%94%B5%E5%BD%B1%E5%89%A7%E6%9C%AC; code:error; msg:SQLSTATE[42S22]: Column not found: 1054 Unknown column 'novel_tags_s' in 'where clause'-exception 'PDOException' with message 'SQLSTATE[42S22]: Column not found: 1054 Unknown column 'novel_tags_s' in 'where clause'' in /var/www/html/www.igmoo.cn/modules/web/classes/zpdo/natural.php:110
Stack trace:
#0 /var/www/html/www.igmoo.cn/modules/web/classes/zpdo/natural.php(110): PDOStatement->execute()
#1 /var/www/html/www.igmoo.cn/application/classes/model/novel.php(150): Zpdo_Natural->get_all('select * from I...')
#2 /var/www/html/www.igmoo.cn/application/classes/controller/novel.php(102): Model_Novel->get_novellist_for_search(1, 40, '`category_id` =...')
#3 [internal function]: Controller_Novel->action_more()
#4 /var/www/html/www.igmoo.cn/system/classes/kohana/request/client/internal.php(118): ReflectionMethod->invoke(Object(Controller_Novel))
#5 /var/www/html/www.igmoo.cn/system/classes/kohana/request/client.php(64): Kohana_Request_Client_Internal->execute_request(Object(Request))
#6 /var/www/html/www.igmoo.cn/system/classes/kohana/request.php(1136): Kohana_Request_Client->execute(Object(Request))
#7 /var/www/html/www.igmoo.cn/public/index.php(118): Kohana_Request->execute()
#8 {main}; referer:
2015-06-02 15:21:53 uri:/novel/more?category=50112&search=2_%E6%97%B6%E8%A3%85; code:error; msg:SQLSTATE[42S22]: Column not found: 1054 Unknown column 'novel_tags_s' in 'where clause'-exception 'PDOException' with message 'SQLSTATE[42S22]: Column not found: 1054 Unknown column 'novel_tags_s' in 'where clause'' in /var/www/html/www.igmoo.cn/modules/web/classes/zpdo/natural.php:110
Stack trace:
#0 /var/www/html/www.igmoo.cn/modules/web/classes/zpdo/natural.php(110): PDOStatement->execute()
#1 /var/www/html/www.igmoo.cn/application/classes/model/novel.php(150): Zpdo_Natural->get_all('select * from I...')
#2 /var/www/html/www.igmoo.cn/application/classes/controller/novel.php(102): Model_Novel->get_novellist_for_search(1, 40, '`category_id` =...')
#3 [internal function]: Controller_Novel->action_more()
#4 /var/www/html/www.igmoo.cn/system/classes/kohana/request/client/internal.php(118): ReflectionMethod->invoke(Object(Controller_Novel))
#5 /var/www/html/www.igmoo.cn/system/classes/kohana/request/client.php(64): Kohana_Request_Client_Internal->execute_request(Object(Request))
#6 /var/www/html/www.igmoo.cn/system/classes/kohana/request.php(1136): Kohana_Request_Client->execute(Object(Request))
#7 /var/www/html/www.igmoo.cn/public/index.php(118): Kohana_Request->execute()
#8 {main}; referer:
2015-06-02 16:11:58 uri:/robots.txt; code:404; msg:Unable to find a route to match the URI: robots.txt-HTTP_Exception_404 [ 404 ]: Unable to find a route to match the URI: robots.txt ~ SYSPATH/classes/kohana/request.php [ 1124 ]; referer:
2015-06-02 16:32:27 uri:/robots.txt; code:404; msg:Unable to find a route to match the URI: robots.txt-HTTP_Exception_404 [ 404 ]: Unable to find a route to match the URI: robots.txt ~ SYSPATH/classes/kohana/request.php [ 1124 ]; referer:
2015-06-02 16:43:52 uri:/webscan38502863.txt; code:404; msg:Unable to find a route to match the URI: webscan38502863.txt-HTTP_Exception_404 [ 404 ]: Unable to find a route to match the URI: webscan38502863.txt ~ SYSPATH/classes/kohana/request.php [ 1124 ]; referer:http://igmoo.cn/
2015-06-02 16:43:54 uri:/webscan38502863.txt; code:404; msg:Unable to find a route to match the URI: webscan38502863.txt-HTTP_Exception_404 [ 404 ]: Unable to find a route to match the URI: webscan38502863.txt ~ SYSPATH/classes/kohana/request.php [ 1124 ]; referer:http://igmoo.cn/
2015-06-02 16:51:36 uri:/novel/more?category=50112&search=2_%E7%A7%91%E5%B9%BB; code:error; msg:SQLSTATE[42S22]: Column not found: 1054 Unknown column 'novel_tags_s' in 'where clause'-exception 'PDOException' with message 'SQLSTATE[42S22]: Column not found: 1054 Unknown column 'novel_tags_s' in 'where clause'' in /var/www/html/www.igmoo.cn/modules/web/classes/zpdo/natural.php:110
Stack trace:
#0 /var/www/html/www.igmoo.cn/modules/web/classes/zpdo/natural.php(110): PDOStatement->execute()
#1 /var/www/html/www.igmoo.cn/application/classes/model/novel.php(150): Zpdo_Natural->get_all('select * from I...')
#2 /var/www/html/www.igmoo.cn/application/classes/controller/novel.php(102): Model_Novel->get_novellist_for_search(1, 40, '`category_id` =...')
#3 [internal function]: Controller_Novel->action_more()
#4 /var/www/html/www.igmoo.cn/system/classes/kohana/request/client/internal.php(118): ReflectionMethod->invoke(Object(Controller_Novel))
#5 /var/www/html/www.igmoo.cn/system/classes/kohana/request/client.php(64): Kohana_Request_Client_Internal->execute_request(Object(Request))
#6 /var/www/html/www.igmoo.cn/system/classes/kohana/request.php(1136): Kohana_Request_Client->execute(Object(Request))
#7 /var/www/html/www.igmoo.cn/public/index.php(118): Kohana_Request->execute()
#8 {main}; referer:
2015-06-02 19:27:12 uri:/ipc$; code:404; msg:The requested URL ipc$ was not found on this server.-HTTP_Exception_404 [ 404 ]: The requested URL ipc$ was not found on this server. ~ SYSPATH/classes/kohana/request/client/internal.php [ 87 ]; referer:
2015-06-02 21:43:21 uri:/robots.txt; code:404; msg:Unable to find a route to match the URI: robots.txt-HTTP_Exception_404 [ 404 ]: Unable to find a route to match the URI: robots.txt ~ SYSPATH/classes/kohana/request.php [ 1124 ]; referer:
2015-06-02 21:44:30 uri:/team/about; code:404; msg:The requested URL team/about was not found on this server.-HTTP_Exception_404 [ 404 ]: The requested URL team/about was not found on this server. ~ SYSPATH/classes/kohana/request/client/internal.php [ 87 ]; referer:
2015-06-02 21:44:46 uri:/robots.txt; code:404; msg:Unable to find a route to match the URI: robots.txt-HTTP_Exception_404 [ 404 ]: Unable to find a route to match the URI: robots.txt ~ SYSPATH/classes/kohana/request.php [ 1124 ]; referer:
2015-06-02 21:44:57 uri:/team/contact; code:404; msg:The requested URL team/contact was not found on this server.-HTTP_Exception_404 [ 404 ]: The requested URL team/contact was not found on this server. ~ SYSPATH/classes/kohana/request/client/internal.php [ 87 ]; referer:
2015-06-02 21:45:59 uri:/detail/1ki; code:404; msg:The requested URL detail/1ki was not found on this server.-HTTP_Exception_404 [ 404 ]: The requested URL detail/1ki was not found on this server. ~ SYSPATH/classes/kohana/request/client/internal.php [ 87 ]; referer:
2015-06-02 21:54:02 uri:/team/contact; code:404; msg:The requested URL team/contact was not found on this server.-HTTP_Exception_404 [ 404 ]: The requested URL team/contact was not found on this server. ~ SYSPATH/classes/kohana/request/client/internal.php [ 87 ]; referer:
2015-06-02 22:19:28 uri:/robots.txt; code:404; msg:Unable to find a route to match the URI: robots.txt-HTTP_Exception_404 [ 404 ]: Unable to find a route to match the URI: robots.txt ~ SYSPATH/classes/kohana/request.php [ 1124 ]; referer:
2015-06-02 22:32:20 uri:/team/about; code:404; msg:The requested URL team/about was not found on this server.-HTTP_Exception_404 [ 404 ]: The requested URL team/about was not found on this server. ~ SYSPATH/classes/kohana/request/client/internal.php [ 87 ]; referer:http://www.xgomo.com/item?itemid=198a
2015-06-02 22:32:29 uri:/detail/1ki; code:404; msg:The requested URL detail/1ki was not found on this server.-HTTP_Exception_404 [ 404 ]: The requested URL detail/1ki was not found on this server. ~ SYSPATH/classes/kohana/request/client/internal.php [ 87 ]; referer:http://www.xgomo.com/team/about
2015-06-02 22:50:01 uri:/robots.txt; code:404; msg:Unable to find a route to match the URI: robots.txt-HTTP_Exception_404 [ 404 ]: Unable to find a route to match the URI: robots.txt ~ SYSPATH/classes/kohana/request.php [ 1124 ]; referer:
2015-06-02 23:15:48 uri:/webscan38502863.txt; code:404; msg:Unable to find a route to match the URI: webscan38502863.txt-HTTP_Exception_404 [ 404 ]: Unable to find a route to match the URI: webscan38502863.txt ~ SYSPATH/classes/kohana/request.php [ 1124 ]; referer:http://121.40.211.61/
2015-06-02 23:15:49 uri:/webscan38502863.txt; code:404; msg:Unable to find a route to match the URI: webscan38502863.txt-HTTP_Exception_404 [ 404 ]: Unable to find a route to match the URI: webscan38502863.txt ~ SYSPATH/classes/kohana/request.php [ 1124 ]; referer:http://121.40.211.61/
2015-06-02 23:33:07 uri:/143325918618326.html; code:404; msg:Unable to find a route to match the URI: 143325918618326.html-HTTP_Exception_404 [ 404 ]: Unable to find a route to match the URI: 143325918618326.html ~ SYSPATH/classes/kohana/request.php [ 1124 ]; referer:
