2015-04-19 01:20:09 uri:/login.action; code:404; msg:Unable to find a route to match the URI: login.action-HTTP_Exception_404 [ 404 ]: Unable to find a route to match the URI: login.action ~ SYSPATH/classes/kohana/request.php [ 1124 ]; referer:
2015-04-19 01:20:11 uri:/index.action; code:404; msg:Unable to find a route to match the URI: index.action-HTTP_Exception_404 [ 404 ]: Unable to find a route to match the URI: index.action ~ SYSPATH/classes/kohana/request.php [ 1124 ]; referer:
2015-04-19 01:20:13 uri:/index.do; code:404; msg:Unable to find a route to match the URI: index.do-HTTP_Exception_404 [ 404 ]: Unable to find a route to match the URI: index.do ~ SYSPATH/classes/kohana/request.php [ 1124 ]; referer:
2015-04-19 01:20:14 uri:/login.jsp; code:404; msg:Unable to find a route to match the URI: login.jsp-HTTP_Exception_404 [ 404 ]: Unable to find a route to match the URI: login.jsp ~ SYSPATH/classes/kohana/request.php [ 1124 ]; referer:
2015-04-19 01:20:15 uri:/index.jsp; code:404; msg:Unable to find a route to match the URI: index.jsp-HTTP_Exception_404 [ 404 ]: Unable to find a route to match the URI: index.jsp ~ SYSPATH/classes/kohana/request.php [ 1124 ]; referer:
2015-04-19 01:20:16 uri:/userInfoAction.action; code:404; msg:Unable to find a route to match the URI: userInfoAction.action-HTTP_Exception_404 [ 404 ]: Unable to find a route to match the URI: userInfoAction.action ~ SYSPATH/classes/kohana/request.php [ 1124 ]; referer:
2015-04-19 02:42:50 uri:/team/about; code:404; msg:The requested URL team/about was not found on this server.-HTTP_Exception_404 [ 404 ]: The requested URL team/about was not found on this server. ~ SYSPATH/classes/kohana/request/client/internal.php [ 87 ]; referer:
2015-04-19 03:56:20 uri:/webscan38502863.txt; code:404; msg:Unable to find a route to match the URI: webscan38502863.txt-HTTP_Exception_404 [ 404 ]: Unable to find a route to match the URI: webscan38502863.txt ~ SYSPATH/classes/kohana/request.php [ 1124 ]; referer:http://121.40.211.61/
2015-04-19 03:56:21 uri:/webscan38502863.txt; code:404; msg:Unable to find a route to match the URI: webscan38502863.txt-HTTP_Exception_404 [ 404 ]: Unable to find a route to match the URI: webscan38502863.txt ~ SYSPATH/classes/kohana/request.php [ 1124 ]; referer:http://121.40.211.61/
2015-04-19 05:46:02 uri:/team/about; code:404; msg:The requested URL team/about was not found on this server.-HTTP_Exception_404 [ 404 ]: The requested URL team/about was not found on this server. ~ SYSPATH/classes/kohana/request/client/internal.php [ 87 ]; referer:
2015-04-19 06:50:25 uri:/user/soapCaller.bs; code:404; msg:Unable to find a route to match the URI: user/soapCaller.bs-HTTP_Exception_404 [ 404 ]: Unable to find a route to match the URI: user/soapCaller.bs ~ SYSPATH/classes/kohana/request.php [ 1124 ]; referer:
2015-04-19 09:03:28 uri:/robots.txt; code:404; msg:Unable to find a route to match the URI: robots.txt-HTTP_Exception_404 [ 404 ]: Unable to find a route to match the URI: robots.txt ~ SYSPATH/classes/kohana/request.php [ 1124 ]; referer:
2015-04-19 09:06:23 uri:/team/about; code:404; msg:The requested URL team/about was not found on this server.-HTTP_Exception_404 [ 404 ]: The requested URL team/about was not found on this server. ~ SYSPATH/classes/kohana/request/client/internal.php [ 87 ]; referer:
2015-04-19 10:11:54 uri:/robots.txt; code:404; msg:Unable to find a route to match the URI: robots.txt-HTTP_Exception_404 [ 404 ]: Unable to find a route to match the URI: robots.txt ~ SYSPATH/classes/kohana/request.php [ 1124 ]; referer:
2015-04-19 12:01:16 uri:/ipc$; code:404; msg:The requested URL ipc$ was not found on this server.-HTTP_Exception_404 [ 404 ]: The requested URL ipc$ was not found on this server. ~ SYSPATH/classes/kohana/request/client/internal.php [ 87 ]; referer:
2015-04-19 13:18:17 uri:/muieblackcat; code:404; msg:The requested URL muieblackcat was not found on this server.-HTTP_Exception_404 [ 404 ]: The requested URL muieblackcat was not found on this server. ~ SYSPATH/classes/kohana/request/client/internal.php [ 87 ]; referer:
2015-04-19 15:01:27 uri:/tmUnblock.cgi; code:404; msg:Unable to find a route to match the URI: tmUnblock.cgi-HTTP_Exception_404 [ 404 ]: Unable to find a route to match the URI: tmUnblock.cgi ~ SYSPATH/classes/kohana/request.php [ 1124 ]; referer:
2015-04-19 15:03:25 uri:/tmUnblock.cgi; code:404; msg:Unable to find a route to match the URI: tmUnblock.cgi-HTTP_Exception_404 [ 404 ]: Unable to find a route to match the URI: tmUnblock.cgi ~ SYSPATH/classes/kohana/request.php [ 1124 ]; referer:
2015-04-19 15:09:33 uri:/robots.txt; code:404; msg:Unable to find a route to match the URI: robots.txt-HTTP_Exception_404 [ 404 ]: Unable to find a route to match the URI: robots.txt ~ SYSPATH/classes/kohana/request.php [ 1124 ]; referer:http://www.igmoo.cn/robots.txt
2015-04-19 16:14:19 uri:/team/about; code:404; msg:The requested URL team/about was not found on this server.-HTTP_Exception_404 [ 404 ]: The requested URL team/about was not found on this server. ~ SYSPATH/classes/kohana/request/client/internal.php [ 87 ]; referer:
2015-04-19 19:28:48 uri:/team/about; code:404; msg:The requested URL team/about was not found on this server.-HTTP_Exception_404 [ 404 ]: The requested URL team/about was not found on this server. ~ SYSPATH/classes/kohana/request/client/internal.php [ 87 ]; referer:http://www.xgomo.com/
2015-04-19 19:38:18 uri:/robots.txt; code:404; msg:Unable to find a route to match the URI: robots.txt-HTTP_Exception_404 [ 404 ]: Unable to find a route to match the URI: robots.txt ~ SYSPATH/classes/kohana/request.php [ 1124 ]; referer:
2015-04-19 19:48:35 uri:/robots.txt; code:404; msg:Unable to find a route to match the URI: robots.txt-HTTP_Exception_404 [ 404 ]: Unable to find a route to match the URI: robots.txt ~ SYSPATH/classes/kohana/request.php [ 1124 ]; referer:
2015-04-19 19:49:16 uri:/team/about; code:404; msg:The requested URL team/about was not found on this server.-HTTP_Exception_404 [ 404 ]: The requested URL team/about was not found on this server. ~ SYSPATH/classes/kohana/request/client/internal.php [ 87 ]; referer:
2015-04-19 19:49:17 uri:/detail/1ki; code:404; msg:The requested URL detail/1ki was not found on this server.-HTTP_Exception_404 [ 404 ]: The requested URL detail/1ki was not found on this server. ~ SYSPATH/classes/kohana/request/client/internal.php [ 87 ]; referer:
2015-04-19 20:06:04 uri:/robots.txt; code:404; msg:Unable to find a route to match the URI: robots.txt-HTTP_Exception_404 [ 404 ]: Unable to find a route to match the URI: robots.txt ~ SYSPATH/classes/kohana/request.php [ 1124 ]; referer:
2015-04-19 21:40:56 uri:/robots.txt; code:404; msg:Unable to find a route to match the URI: robots.txt-HTTP_Exception_404 [ 404 ]: Unable to find a route to match the URI: robots.txt ~ SYSPATH/classes/kohana/request.php [ 1124 ]; referer:
2015-04-19 22:23:15 uri:/team/about; code:404; msg:The requested URL team/about was not found on this server.-HTTP_Exception_404 [ 404 ]: The requested URL team/about was not found on this server. ~ SYSPATH/classes/kohana/request/client/internal.php [ 87 ]; referer:
2015-04-19 22:23:21 uri:/robots.txt; code:404; msg:Unable to find a route to match the URI: robots.txt-HTTP_Exception_404 [ 404 ]: Unable to find a route to match the URI: robots.txt ~ SYSPATH/classes/kohana/request.php [ 1124 ]; referer:http://www.xgomo.com/robots.txt
