2015-05-20 00:10:13 uri:/webscan38502863.txt; code:404; msg:Unable to find a route to match the URI: webscan38502863.txt-HTTP_Exception_404 [ 404 ]: Unable to find a route to match the URI: webscan38502863.txt ~ SYSPATH/classes/kohana/request.php [ 1124 ]; referer:http://121.40.211.61/
2015-05-20 00:10:14 uri:/webscan38502863.txt; code:404; msg:Unable to find a route to match the URI: webscan38502863.txt-HTTP_Exception_404 [ 404 ]: Unable to find a route to match the URI: webscan38502863.txt ~ SYSPATH/classes/kohana/request.php [ 1124 ]; referer:http://121.40.211.61/
2015-05-20 01:49:55 uri:/robots.txt; code:404; msg:Unable to find a route to match the URI: robots.txt-HTTP_Exception_404 [ 404 ]: Unable to find a route to match the URI: robots.txt ~ SYSPATH/classes/kohana/request.php [ 1124 ]; referer:http://www.xgomo.com/robots.txt
2015-05-20 02:30:16 uri:/robots.txt; code:404; msg:Unable to find a route to match the URI: robots.txt-HTTP_Exception_404 [ 404 ]: Unable to find a route to match the URI: robots.txt ~ SYSPATH/classes/kohana/request.php [ 1124 ]; referer:
2015-05-20 02:30:45 uri:/robots.txt; code:404; msg:Unable to find a route to match the URI: robots.txt-HTTP_Exception_404 [ 404 ]: Unable to find a route to match the URI: robots.txt ~ SYSPATH/classes/kohana/request.php [ 1124 ]; referer:
2015-05-20 02:31:23 uri:/robots.txt; code:404; msg:Unable to find a route to match the URI: robots.txt-HTTP_Exception_404 [ 404 ]: Unable to find a route to match the URI: robots.txt ~ SYSPATH/classes/kohana/request.php [ 1124 ]; referer:
2015-05-20 02:32:46 uri:/robots.txt; code:404; msg:Unable to find a route to match the URI: robots.txt-HTTP_Exception_404 [ 404 ]: Unable to find a route to match the URI: robots.txt ~ SYSPATH/classes/kohana/request.php [ 1124 ]; referer:
2015-05-20 02:32:50 uri:/robots.txt; code:404; msg:Unable to find a route to match the URI: robots.txt-HTTP_Exception_404 [ 404 ]: Unable to find a route to match the URI: robots.txt ~ SYSPATH/classes/kohana/request.php [ 1124 ]; referer:
2015-05-20 02:34:44 uri:/robots.txt; code:404; msg:Unable to find a route to match the URI: robots.txt-HTTP_Exception_404 [ 404 ]: Unable to find a route to match the URI: robots.txt ~ SYSPATH/classes/kohana/request.php [ 1124 ]; referer:
2015-05-20 02:38:10 uri:/shop/123; code:404; msg:The requested URL shop/123 was not found on this server.-HTTP_Exception_404 [ 404 ]: The requested URL shop/123 was not found on this server. ~ SYSPATH/classes/kohana/request/client/internal.php [ 113 ]; referer:
2015-05-20 03:25:55 uri:/robots.txt; code:404; msg:Unable to find a route to match the URI: robots.txt-HTTP_Exception_404 [ 404 ]: Unable to find a route to match the URI: robots.txt ~ SYSPATH/classes/kohana/request.php [ 1124 ]; referer:
2015-05-20 03:26:03 uri:/detail/1ki; code:404; msg:The requested URL detail/1ki was not found on this server.-HTTP_Exception_404 [ 404 ]: The requested URL detail/1ki was not found on this server. ~ SYSPATH/classes/kohana/request/client/internal.php [ 87 ]; referer:
2015-05-20 03:26:06 uri:/robots.txt; code:404; msg:Unable to find a route to match the URI: robots.txt-HTTP_Exception_404 [ 404 ]: Unable to find a route to match the URI: robots.txt ~ SYSPATH/classes/kohana/request.php [ 1124 ]; referer:
2015-05-20 03:26:27 uri:/robots.txt; code:404; msg:Unable to find a route to match the URI: robots.txt-HTTP_Exception_404 [ 404 ]: Unable to find a route to match the URI: robots.txt ~ SYSPATH/classes/kohana/request.php [ 1124 ]; referer:
2015-05-20 03:27:06 uri:/team/about; code:404; msg:The requested URL team/about was not found on this server.-HTTP_Exception_404 [ 404 ]: The requested URL team/about was not found on this server. ~ SYSPATH/classes/kohana/request/client/internal.php [ 87 ]; referer:
2015-05-20 03:39:07 uri:/robots.txt; code:404; msg:Unable to find a route to match the URI: robots.txt-HTTP_Exception_404 [ 404 ]: Unable to find a route to match the URI: robots.txt ~ SYSPATH/classes/kohana/request.php [ 1124 ]; referer:
2015-05-20 03:40:59 uri:/robots.txt; code:404; msg:Unable to find a route to match the URI: robots.txt-HTTP_Exception_404 [ 404 ]: Unable to find a route to match the URI: robots.txt ~ SYSPATH/classes/kohana/request.php [ 1124 ]; referer:
2015-05-20 04:00:40 uri:/123; code:404; msg:The requested URL 123 was not found on this server.-HTTP_Exception_404 [ 404 ]: The requested URL 123 was not found on this server. ~ SYSPATH/classes/kohana/request/client/internal.php [ 87 ]; referer:
2015-05-20 04:22:09 uri:/robots.txt; code:404; msg:Unable to find a route to match the URI: robots.txt-HTTP_Exception_404 [ 404 ]: Unable to find a route to match the URI: robots.txt ~ SYSPATH/classes/kohana/request.php [ 1124 ]; referer:
2015-05-20 04:26:34 uri:/robots.txt; code:404; msg:Unable to find a route to match the URI: robots.txt-HTTP_Exception_404 [ 404 ]: Unable to find a route to match the URI: robots.txt ~ SYSPATH/classes/kohana/request.php [ 1124 ]; referer:
2015-05-20 04:30:12 uri:/robots.txt; code:404; msg:Unable to find a route to match the URI: robots.txt-HTTP_Exception_404 [ 404 ]: Unable to find a route to match the URI: robots.txt ~ SYSPATH/classes/kohana/request.php [ 1124 ]; referer:
2015-05-20 04:30:55 uri:/robots.txt; code:404; msg:Unable to find a route to match the URI: robots.txt-HTTP_Exception_404 [ 404 ]: Unable to find a route to match the URI: robots.txt ~ SYSPATH/classes/kohana/request.php [ 1124 ]; referer:
2015-05-20 04:31:33 uri:/robots.txt; code:404; msg:Unable to find a route to match the URI: robots.txt-HTTP_Exception_404 [ 404 ]: Unable to find a route to match the URI: robots.txt ~ SYSPATH/classes/kohana/request.php [ 1124 ]; referer:
2015-05-20 04:31:50 uri:/robots.txt; code:404; msg:Unable to find a route to match the URI: robots.txt-HTTP_Exception_404 [ 404 ]: Unable to find a route to match the URI: robots.txt ~ SYSPATH/classes/kohana/request.php [ 1124 ]; referer:
2015-05-20 04:32:04 uri:/robots.txt; code:404; msg:Unable to find a route to match the URI: robots.txt-HTTP_Exception_404 [ 404 ]: Unable to find a route to match the URI: robots.txt ~ SYSPATH/classes/kohana/request.php [ 1124 ]; referer:
2015-05-20 04:33:01 uri:/robots.txt; code:404; msg:Unable to find a route to match the URI: robots.txt-HTTP_Exception_404 [ 404 ]: Unable to find a route to match the URI: robots.txt ~ SYSPATH/classes/kohana/request.php [ 1124 ]; referer:
2015-05-20 04:34:47 uri:/robots.txt; code:404; msg:Unable to find a route to match the URI: robots.txt-HTTP_Exception_404 [ 404 ]: Unable to find a route to match the URI: robots.txt ~ SYSPATH/classes/kohana/request.php [ 1124 ]; referer:
2015-05-20 04:36:14 uri:/robots.txt; code:404; msg:Unable to find a route to match the URI: robots.txt-HTTP_Exception_404 [ 404 ]: Unable to find a route to match the URI: robots.txt ~ SYSPATH/classes/kohana/request.php [ 1124 ]; referer:
2015-05-20 04:37:11 uri:/robots.txt; code:404; msg:Unable to find a route to match the URI: robots.txt-HTTP_Exception_404 [ 404 ]: Unable to find a route to match the URI: robots.txt ~ SYSPATH/classes/kohana/request.php [ 1124 ]; referer:
2015-05-20 04:39:17 uri:/robots.txt; code:404; msg:Unable to find a route to match the URI: robots.txt-HTTP_Exception_404 [ 404 ]: Unable to find a route to match the URI: robots.txt ~ SYSPATH/classes/kohana/request.php [ 1124 ]; referer:
2015-05-20 04:39:51 uri:/robots.txt; code:404; msg:Unable to find a route to match the URI: robots.txt-HTTP_Exception_404 [ 404 ]: Unable to find a route to match the URI: robots.txt ~ SYSPATH/classes/kohana/request.php [ 1124 ]; referer:
2015-05-20 05:12:32 uri:/detail/1ki; code:404; msg:The requested URL detail/1ki was not found on this server.-HTTP_Exception_404 [ 404 ]: The requested URL detail/1ki was not found on this server. ~ SYSPATH/classes/kohana/request/client/internal.php [ 87 ]; referer:
2015-05-20 05:20:05 uri:/team/contact; code:404; msg:The requested URL team/contact was not found on this server.-HTTP_Exception_404 [ 404 ]: The requested URL team/contact was not found on this server. ~ SYSPATH/classes/kohana/request/client/internal.php [ 87 ]; referer:
2015-05-20 07:47:30 uri:/robots.txt; code:404; msg:Unable to find a route to match the URI: robots.txt-HTTP_Exception_404 [ 404 ]: Unable to find a route to match the URI: robots.txt ~ SYSPATH/classes/kohana/request.php [ 1124 ]; referer:
2015-05-20 09:06:13 uri:/ipc$; code:404; msg:The requested URL ipc$ was not found on this server.-HTTP_Exception_404 [ 404 ]: The requested URL ipc$ was not found on this server. ~ SYSPATH/classes/kohana/request/client/internal.php [ 87 ]; referer:
2015-05-20 10:42:38 uri:/robots.txt; code:404; msg:Unable to find a route to match the URI: robots.txt-HTTP_Exception_404 [ 404 ]: Unable to find a route to match the URI: robots.txt ~ SYSPATH/classes/kohana/request.php [ 1124 ]; referer:
2015-05-20 10:44:27 uri:/site/calender; code:404; msg:The requested URL site/calender was not found on this server.-HTTP_Exception_404 [ 404 ]: The requested URL site/calender was not found on this server. ~ SYSPATH/classes/kohana/request/client/internal.php [ 113 ]; referer:http://www.xgomo.com/item/list4contr?contrstage=3
2015-05-20 10:44:27 uri:/site/calender; code:404; msg:The requested URL site/calender was not found on this server.-HTTP_Exception_404 [ 404 ]: The requested URL site/calender was not found on this server. ~ SYSPATH/classes/kohana/request/client/internal.php [ 113 ]; referer:
2015-05-20 10:44:31 uri:/site/calender; code:404; msg:The requested URL site/calender was not found on this server.-HTTP_Exception_404 [ 404 ]: The requested URL site/calender was not found on this server. ~ SYSPATH/classes/kohana/request/client/internal.php [ 113 ]; referer:http://www.xgomo.com/item/list4contr?contrstage=3
2015-05-20 11:03:20 uri:/detail/1ki; code:404; msg:The requested URL detail/1ki was not found on this server.-HTTP_Exception_404 [ 404 ]: The requested URL detail/1ki was not found on this server. ~ SYSPATH/classes/kohana/request/client/internal.php [ 87 ]; referer:
2015-05-20 11:14:46 uri:/robots.txt; code:404; msg:Unable to find a route to match the URI: robots.txt-HTTP_Exception_404 [ 404 ]: Unable to find a route to match the URI: robots.txt ~ SYSPATH/classes/kohana/request.php [ 1124 ]; referer:
2015-05-20 11:29:12 uri:/site/calender; code:404; msg:The requested URL site/calender was not found on this server.-HTTP_Exception_404 [ 404 ]: The requested URL site/calender was not found on this server. ~ SYSPATH/classes/kohana/request/client/internal.php [ 113 ]; referer:http://www.xgomo.com/item/list4contr?contrstage=3
2015-05-20 11:50:16 uri:/site/calender; code:404; msg:The requested URL site/calender was not found on this server.-HTTP_Exception_404 [ 404 ]: The requested URL site/calender was not found on this server. ~ SYSPATH/classes/kohana/request/client/internal.php [ 113 ]; referer:http://www.xgomo.com/item/list4contr?contrstage=3
2015-05-20 12:02:23 uri:/site/b; code:404; msg:The requested URL site/b was not found on this server.-HTTP_Exception_404 [ 404 ]: The requested URL site/b was not found on this server. ~ SYSPATH/classes/kohana/request/client/internal.php [ 113 ]; referer:
2015-05-20 12:02:42 uri:/site/b; code:404; msg:The requested URL site/b was not found on this server.-HTTP_Exception_404 [ 404 ]: The requested URL site/b was not found on this server. ~ SYSPATH/classes/kohana/request/client/internal.php [ 113 ]; referer:
2015-05-20 12:03:36 uri:/site/b; code:404; msg:The requested URL site/b was not found on this server.-HTTP_Exception_404 [ 404 ]: The requested URL site/b was not found on this server. ~ SYSPATH/classes/kohana/request/client/internal.php [ 113 ]; referer:
2015-05-20 12:03:36 uri:/site/b; code:404; msg:The requested URL site/b was not found on this server.-HTTP_Exception_404 [ 404 ]: The requested URL site/b was not found on this server. ~ SYSPATH/classes/kohana/request/client/internal.php [ 113 ]; referer:
2015-05-20 12:04:15 uri:/site/b; code:404; msg:The requested URL site/b was not found on this server.-HTTP_Exception_404 [ 404 ]: The requested URL site/b was not found on this server. ~ SYSPATH/classes/kohana/request/client/internal.php [ 113 ]; referer:
2015-05-20 12:04:32 uri:/site/b; code:404; msg:The requested URL site/b was not found on this server.-HTTP_Exception_404 [ 404 ]: The requested URL site/b was not found on this server. ~ SYSPATH/classes/kohana/request/client/internal.php [ 113 ]; referer:
2015-05-20 12:04:33 uri:/site/b; code:404; msg:The requested URL site/b was not found on this server.-HTTP_Exception_404 [ 404 ]: The requested URL site/b was not found on this server. ~ SYSPATH/classes/kohana/request/client/internal.php [ 113 ]; referer:
2015-05-20 12:05:11 uri:/site/b; code:404; msg:The requested URL site/b was not found on this server.-HTTP_Exception_404 [ 404 ]: The requested URL site/b was not found on this server. ~ SYSPATH/classes/kohana/request/client/internal.php [ 113 ]; referer:
2015-05-20 12:05:24 uri:/site/b; code:404; msg:The requested URL site/b was not found on this server.-HTTP_Exception_404 [ 404 ]: The requested URL site/b was not found on this server. ~ SYSPATH/classes/kohana/request/client/internal.php [ 113 ]; referer:
2015-05-20 12:05:37 uri:/site/b; code:404; msg:The requested URL site/b was not found on this server.-HTTP_Exception_404 [ 404 ]: The requested URL site/b was not found on this server. ~ SYSPATH/classes/kohana/request/client/internal.php [ 113 ]; referer:
2015-05-20 12:05:53 uri:/site/b; code:404; msg:The requested URL site/b was not found on this server.-HTTP_Exception_404 [ 404 ]: The requested URL site/b was not found on this server. ~ SYSPATH/classes/kohana/request/client/internal.php [ 113 ]; referer:
2015-05-20 12:06:04 uri:/site/b; code:404; msg:The requested URL site/b was not found on this server.-HTTP_Exception_404 [ 404 ]: The requested URL site/b was not found on this server. ~ SYSPATH/classes/kohana/request/client/internal.php [ 113 ]; referer:
2015-05-20 12:06:12 uri:/site/b; code:404; msg:The requested URL site/b was not found on this server.-HTTP_Exception_404 [ 404 ]: The requested URL site/b was not found on this server. ~ SYSPATH/classes/kohana/request/client/internal.php [ 113 ]; referer:
2015-05-20 12:07:03 uri:/site/b; code:404; msg:The requested URL site/b was not found on this server.-HTTP_Exception_404 [ 404 ]: The requested URL site/b was not found on this server. ~ SYSPATH/classes/kohana/request/client/internal.php [ 113 ]; referer:
2015-05-20 12:42:17 uri:/forum/includes/templates/error.tpl; code:404; msg:Unable to find a route to match the URI: forum/includes/templates/error.tpl-HTTP_Exception_404 [ 404 ]: Unable to find a route to match the URI: forum/includes/templates/error.tpl ~ SYSPATH/classes/kohana/request.php [ 1124 ]; referer:
2015-05-20 12:46:49 uri:/robots.txt; code:404; msg:Unable to find a route to match the URI: robots.txt-HTTP_Exception_404 [ 404 ]: Unable to find a route to match the URI: robots.txt ~ SYSPATH/classes/kohana/request.php [ 1124 ]; referer:
2015-05-20 13:18:34 uri:/site/calender; code:404; msg:The requested URL site/calender was not found on this server.-HTTP_Exception_404 [ 404 ]: The requested URL site/calender was not found on this server. ~ SYSPATH/classes/kohana/request/client/internal.php [ 113 ]; referer:http://www.xgomo.com/item/list4contr?contrstage=3
2015-05-20 14:02:17 uri:/robots.txt; code:404; msg:Unable to find a route to match the URI: robots.txt-HTTP_Exception_404 [ 404 ]: Unable to find a route to match the URI: robots.txt ~ SYSPATH/classes/kohana/request.php [ 1124 ]; referer:
2015-05-20 14:06:20 uri:/robots.txt; code:404; msg:Unable to find a route to match the URI: robots.txt-HTTP_Exception_404 [ 404 ]: Unable to find a route to match the URI: robots.txt ~ SYSPATH/classes/kohana/request.php [ 1124 ]; referer:
2015-05-20 14:22:06 uri:/robots.txt; code:404; msg:Unable to find a route to match the URI: robots.txt-HTTP_Exception_404 [ 404 ]: Unable to find a route to match the URI: robots.txt ~ SYSPATH/classes/kohana/request.php [ 1124 ]; referer:
2015-05-20 15:47:20 uri:/ipc$; code:404; msg:The requested URL ipc$ was not found on this server.-HTTP_Exception_404 [ 404 ]: The requested URL ipc$ was not found on this server. ~ SYSPATH/classes/kohana/request/client/internal.php [ 87 ]; referer:
2015-05-20 17:44:03 uri:/site/book?itemid=197m; code:error; msg:SQLSTATE[42S02]: Base table or view not found: 1146 Table 'guangmo.Item_Sites_Calender' doesn't exist-exception 'PDOException' with message 'SQLSTATE[42S02]: Base table or view not found: 1146 Table 'guangmo.Item_Sites_Calender' doesn't exist' in /var/www/html/www.igmoo.cn/modules/web/classes/zpdo/natural.php:110
Stack trace:
#0 /var/www/html/www.igmoo.cn/modules/web/classes/zpdo/natural.php(110): PDOStatement->execute()
#1 /var/www/html/www.igmoo.cn/application/classes/model/site.php(175): Zpdo_Natural->get_all('select * from I...')
#2 /var/www/html/www.igmoo.cn/application/classes/controller/site.php(448): Model_Site->get_recordlist_for_book(1, 40, '`itemid` = 5941')
#3 [internal function]: Controller_Site->action_book()
#4 /var/www/html/www.igmoo.cn/system/classes/kohana/request/client/internal.php(118): ReflectionMethod->invoke(Object(Controller_Site))
#5 /var/www/html/www.igmoo.cn/system/classes/kohana/request/client.php(64): Kohana_Request_Client_Internal->execute_request(Object(Request))
#6 /var/www/html/www.igmoo.cn/system/classes/kohana/request.php(1136): Kohana_Request_Client->execute(Object(Request))
#7 /var/www/html/www.igmoo.cn/public/index.php(118): Kohana_Request->execute()
#8 {main}; referer:http://www.xgomo.com/item/list4contr?contrstage=3
2015-05-20 17:44:14 uri:/site/book?itemid=197m; code:error; msg:SQLSTATE[42S02]: Base table or view not found: 1146 Table 'guangmo.Item_Sites_Calender' doesn't exist-exception 'PDOException' with message 'SQLSTATE[42S02]: Base table or view not found: 1146 Table 'guangmo.Item_Sites_Calender' doesn't exist' in /var/www/html/www.igmoo.cn/modules/web/classes/zpdo/natural.php:110
Stack trace:
#0 /var/www/html/www.igmoo.cn/modules/web/classes/zpdo/natural.php(110): PDOStatement->execute()
#1 /var/www/html/www.igmoo.cn/application/classes/model/site.php(175): Zpdo_Natural->get_all('select * from I...')
#2 /var/www/html/www.igmoo.cn/application/classes/controller/site.php(448): Model_Site->get_recordlist_for_book(1, 40, '`itemid` = 5941')
#3 [internal function]: Controller_Site->action_book()
#4 /var/www/html/www.igmoo.cn/system/classes/kohana/request/client/internal.php(118): ReflectionMethod->invoke(Object(Controller_Site))
#5 /var/www/html/www.igmoo.cn/system/classes/kohana/request/client.php(64): Kohana_Request_Client_Internal->execute_request(Object(Request))
#6 /var/www/html/www.igmoo.cn/system/classes/kohana/request.php(1136): Kohana_Request_Client->execute(Object(Request))
#7 /var/www/html/www.igmoo.cn/public/index.php(118): Kohana_Request->execute()
#8 {main}; referer:http://www.xgomo.com/item/list4contr?contrstage=3
2015-05-20 17:51:37 uri:/qvyhwuatwli.html; code:404; msg:Unable to find a route to match the URI: qvyhwuatwli.html-HTTP_Exception_404 [ 404 ]: Unable to find a route to match the URI: qvyhwuatwli.html ~ SYSPATH/classes/kohana/request.php [ 1124 ]; referer:
2015-05-20 17:53:57 uri:/robots.txt; code:404; msg:Unable to find a route to match the URI: robots.txt-HTTP_Exception_404 [ 404 ]: Unable to find a route to match the URI: robots.txt ~ SYSPATH/classes/kohana/request.php [ 1124 ]; referer:
2015-05-20 18:03:25 uri:/site/bookcreate&maincate=; code:404; msg:The requested URL site/bookcreate&maincate= was not found on this server.-HTTP_Exception_404 [ 404 ]: The requested URL site/bookcreate&maincate= was not found on this server. ~ SYSPATH/classes/kohana/request/client/internal.php [ 113 ]; referer:http://www.xgomo.com/site/book?itemid=197m
2015-05-20 18:03:30 uri:/site/bookcreate&maincate=; code:404; msg:The requested URL site/bookcreate&maincate= was not found on this server.-HTTP_Exception_404 [ 404 ]: The requested URL site/bookcreate&maincate= was not found on this server. ~ SYSPATH/classes/kohana/request/client/internal.php [ 113 ]; referer:http://www.xgomo.com/site/book?itemid=197m
2015-05-20 18:15:40 uri:/robots.txt; code:404; msg:Unable to find a route to match the URI: robots.txt-HTTP_Exception_404 [ 404 ]: Unable to find a route to match the URI: robots.txt ~ SYSPATH/classes/kohana/request.php [ 1124 ]; referer:
2015-05-20 18:19:15 uri:/site/bookcreate?itemid=197m&record_id=11o&page=1; code:error; msg:SQLSTATE[42S02]: Base table or view not found: 1146 Table 'guangmo.Item_Sites_Calender' doesn't exist-exception 'PDOException' with message 'SQLSTATE[42S02]: Base table or view not found: 1146 Table 'guangmo.Item_Sites_Calender' doesn't exist' in /var/www/html/www.igmoo.cn/modules/web/classes/zpdo/natural.php:86
Stack trace:
#0 /var/www/html/www.igmoo.cn/modules/web/classes/zpdo/natural.php(86): PDOStatement->execute()
#1 /var/www/html/www.igmoo.cn/application/classes/model/site.php(240): Zpdo_Natural->get_one('select * from I...')
#2 /var/www/html/www.igmoo.cn/application/classes/controller/site.php(511): Model_Site->get_book_record_by_id(2)
#3 [internal function]: Controller_Site->action_bookcreate()
#4 /var/www/html/www.igmoo.cn/system/classes/kohana/request/client/internal.php(118): ReflectionMethod->invoke(Object(Controller_Site))
#5 /var/www/html/www.igmoo.cn/system/classes/kohana/request/client.php(64): Kohana_Request_Client_Internal->execute_request(Object(Request))
#6 /var/www/html/www.igmoo.cn/system/classes/kohana/request.php(1136): Kohana_Request_Client->execute(Object(Request))
#7 /var/www/html/www.igmoo.cn/public/index.php(118): Kohana_Request->execute()
#8 {main}; referer:http://www.xgomo.com/site/book?itemid=197m
2015-05-20 18:23:32 uri:/site/bookcreate?itemid=197m&record_id=11o&page=1; code:error; msg:SQLSTATE[42S02]: Base table or view not found: 1146 Table 'guangmo.Item_Sites_Calender' doesn't exist-exception 'PDOException' with message 'SQLSTATE[42S02]: Base table or view not found: 1146 Table 'guangmo.Item_Sites_Calender' doesn't exist' in /var/www/html/www.igmoo.cn/modules/web/classes/zpdo/natural.php:86
Stack trace:
#0 /var/www/html/www.igmoo.cn/modules/web/classes/zpdo/natural.php(86): PDOStatement->execute()
#1 /var/www/html/www.igmoo.cn/application/classes/model/site.php(240): Zpdo_Natural->get_one('select * from I...')
#2 /var/www/html/www.igmoo.cn/application/classes/controller/site.php(511): Model_Site->get_book_record_by_id(2)
#3 [internal function]: Controller_Site->action_bookcreate()
#4 /var/www/html/www.igmoo.cn/system/classes/kohana/request/client/internal.php(118): ReflectionMethod->invoke(Object(Controller_Site))
#5 /var/www/html/www.igmoo.cn/system/classes/kohana/request/client.php(64): Kohana_Request_Client_Internal->execute_request(Object(Request))
#6 /var/www/html/www.igmoo.cn/system/classes/kohana/request.php(1136): Kohana_Request_Client->execute(Object(Request))
#7 /var/www/html/www.igmoo.cn/public/index.php(118): Kohana_Request->execute()
#8 {main}; referer:http://www.xgomo.com/site/book?itemid=197m
2015-05-20 18:25:02 uri:/site/bookcreate?itemid=197m&record_id=11o&page=1; code:error; msg:SQLSTATE[42S02]: Base table or view not found: 1146 Table 'guangmo.Item_Sites_Calender' doesn't exist-exception 'PDOException' with message 'SQLSTATE[42S02]: Base table or view not found: 1146 Table 'guangmo.Item_Sites_Calender' doesn't exist' in /var/www/html/www.igmoo.cn/modules/web/classes/zpdo/natural.php:86
Stack trace:
#0 /var/www/html/www.igmoo.cn/modules/web/classes/zpdo/natural.php(86): PDOStatement->execute()
#1 /var/www/html/www.igmoo.cn/application/classes/model/site.php(240): Zpdo_Natural->get_one('select * from I...')
#2 /var/www/html/www.igmoo.cn/application/classes/controller/site.php(510): Model_Site->get_book_record_by_id(2)
#3 [internal function]: Controller_Site->action_bookcreate()
#4 /var/www/html/www.igmoo.cn/system/classes/kohana/request/client/internal.php(118): ReflectionMethod->invoke(Object(Controller_Site))
#5 /var/www/html/www.igmoo.cn/system/classes/kohana/request/client.php(64): Kohana_Request_Client_Internal->execute_request(Object(Request))
#6 /var/www/html/www.igmoo.cn/system/classes/kohana/request.php(1136): Kohana_Request_Client->execute(Object(Request))
#7 /var/www/html/www.igmoo.cn/public/index.php(118): Kohana_Request->execute()
#8 {main}; referer:http://www.xgomo.com/site/book?itemid=197m
2015-05-20 18:25:21 uri:/site/bookcreate?itemid=197m&record_id=11o&page=1; code:error; msg:SQLSTATE[42S02]: Base table or view not found: 1146 Table 'guangmo.Item_Sites_Calender' doesn't exist-exception 'PDOException' with message 'SQLSTATE[42S02]: Base table or view not found: 1146 Table 'guangmo.Item_Sites_Calender' doesn't exist' in /var/www/html/www.igmoo.cn/modules/web/classes/zpdo/natural.php:86
Stack trace:
#0 /var/www/html/www.igmoo.cn/modules/web/classes/zpdo/natural.php(86): PDOStatement->execute()
#1 /var/www/html/www.igmoo.cn/application/classes/model/site.php(240): Zpdo_Natural->get_one('select * from I...')
#2 /var/www/html/www.igmoo.cn/application/classes/controller/site.php(510): Model_Site->get_book_record_by_id(2)
#3 [internal function]: Controller_Site->action_bookcreate()
#4 /var/www/html/www.igmoo.cn/system/classes/kohana/request/client/internal.php(118): ReflectionMethod->invoke(Object(Controller_Site))
#5 /var/www/html/www.igmoo.cn/system/classes/kohana/request/client.php(64): Kohana_Request_Client_Internal->execute_request(Object(Request))
#6 /var/www/html/www.igmoo.cn/system/classes/kohana/request.php(1136): Kohana_Request_Client->execute(Object(Request))
#7 /var/www/html/www.igmoo.cn/public/index.php(118): Kohana_Request->execute()
#8 {main}; referer:http://www.xgomo.com/site/book?itemid=197m
2015-05-20 19:51:34 uri:/robots.txt; code:404; msg:Unable to find a route to match the URI: robots.txt-HTTP_Exception_404 [ 404 ]: Unable to find a route to match the URI: robots.txt ~ SYSPATH/classes/kohana/request.php [ 1124 ]; referer:
2015-05-20 21:08:44 uri:/robots.txt; code:404; msg:Unable to find a route to match the URI: robots.txt-HTTP_Exception_404 [ 404 ]: Unable to find a route to match the URI: robots.txt ~ SYSPATH/classes/kohana/request.php [ 1124 ]; referer:
2015-05-20 21:09:10 uri:/robots.txt; code:404; msg:Unable to find a route to match the URI: robots.txt-HTTP_Exception_404 [ 404 ]: Unable to find a route to match the URI: robots.txt ~ SYSPATH/classes/kohana/request.php [ 1124 ]; referer:
2015-05-20 22:09:04 uri:/robots.txt; code:404; msg:Unable to find a route to match the URI: robots.txt-HTTP_Exception_404 [ 404 ]: Unable to find a route to match the URI: robots.txt ~ SYSPATH/classes/kohana/request.php [ 1124 ]; referer:
2015-05-20 22:24:19 uri:/jmx-console/; code:404; msg:The requested URL jmx-console was not found on this server.-HTTP_Exception_404 [ 404 ]: The requested URL jmx-console was not found on this server. ~ SYSPATH/classes/kohana/request/client/internal.php [ 87 ]; referer:http://121.40.211.61/
2015-05-20 22:24:20 uri:/web-console/; code:404; msg:The requested URL web-console was not found on this server.-HTTP_Exception_404 [ 404 ]: The requested URL web-console was not found on this server. ~ SYSPATH/classes/kohana/request/client/internal.php [ 87 ]; referer:http://121.40.211.61/
2015-05-20 22:24:21 uri:/invoker/JMXInvokerServlet; code:404; msg:The requested URL invoker/JMXInvokerServlet was not found on this server.-HTTP_Exception_404 [ 404 ]: The requested URL invoker/JMXInvokerServlet was not found on this server. ~ SYSPATH/classes/kohana/request/client/internal.php [ 87 ]; referer:http://121.40.211.61/
2015-05-20 22:24:22 uri:/invoker/EJBInvokerServlet; code:404; msg:The requested URL invoker/EJBInvokerServlet was not found on this server.-HTTP_Exception_404 [ 404 ]: The requested URL invoker/EJBInvokerServlet was not found on this server. ~ SYSPATH/classes/kohana/request/client/internal.php [ 87 ]; referer:http://121.40.211.61/
2015-05-20 22:24:23 uri:/status/; code:404; msg:The requested URL status was not found on this server.-HTTP_Exception_404 [ 404 ]: The requested URL status was not found on this server. ~ SYSPATH/classes/kohana/request/client/internal.php [ 87 ]; referer:http://121.40.211.61/
2015-05-20 22:24:24 uri:/server-status/; code:404; msg:The requested URL server-status was not found on this server.-HTTP_Exception_404 [ 404 ]: The requested URL server-status was not found on this server. ~ SYSPATH/classes/kohana/request/client/internal.php [ 87 ]; referer:http://121.40.211.61/
2015-05-20 22:24:28 uri:/login.action?debug=browser; code:404; msg:Unable to find a route to match the URI: login.action-HTTP_Exception_404 [ 404 ]: Unable to find a route to match the URI: login.action ~ SYSPATH/classes/kohana/request.php [ 1124 ]; referer:http://121.40.211.61/
2015-05-20 22:24:29 uri:/admin.action?debug=browser; code:404; msg:Unable to find a route to match the URI: admin.action-HTTP_Exception_404 [ 404 ]: Unable to find a route to match the URI: admin.action ~ SYSPATH/classes/kohana/request.php [ 1124 ]; referer:http://121.40.211.61/
2015-05-20 22:24:30 uri:/index.action?debug=browser; code:404; msg:Unable to find a route to match the URI: index.action-HTTP_Exception_404 [ 404 ]: Unable to find a route to match the URI: index.action ~ SYSPATH/classes/kohana/request.php [ 1124 ]; referer:http://121.40.211.61/
2015-05-20 22:24:31 uri:/login.action; code:404; msg:Unable to find a route to match the URI: login.action-HTTP_Exception_404 [ 404 ]: Unable to find a route to match the URI: login.action ~ SYSPATH/classes/kohana/request.php [ 1124 ]; referer:http://121.40.211.61/
2015-05-20 22:24:32 uri:/admin.action; code:404; msg:Unable to find a route to match the URI: admin.action-HTTP_Exception_404 [ 404 ]: Unable to find a route to match the URI: admin.action ~ SYSPATH/classes/kohana/request.php [ 1124 ]; referer:http://121.40.211.61/
2015-05-20 22:24:33 uri:/index.action; code:404; msg:Unable to find a route to match the URI: index.action-HTTP_Exception_404 [ 404 ]: Unable to find a route to match the URI: index.action ~ SYSPATH/classes/kohana/request.php [ 1124 ]; referer:http://121.40.211.61/
2015-05-20 22:24:38 uri:/index.action?redirect%3A%25%7Bnew+java.lang.String%28%27http%3A%2F%2Fxxxxxxxxxxxxx%27%29%7D; code:404; msg:Unable to find a route to match the URI: index.action-HTTP_Exception_404 [ 404 ]: Unable to find a route to match the URI: index.action ~ SYSPATH/classes/kohana/request.php [ 1124 ]; referer:http://121.40.211.61/
2015-05-20 22:24:39 uri:/login.action?redirect%3A%25%7Bnew+java.lang.String%28%27http%3A%2F%2Fxxxxxxxxxxxxx%27%29%7D; code:404; msg:Unable to find a route to match the URI: login.action-HTTP_Exception_404 [ 404 ]: Unable to find a route to match the URI: login.action ~ SYSPATH/classes/kohana/request.php [ 1124 ]; referer:http://121.40.211.61/
2015-05-20 22:24:40 uri:/admin.action?redirect%3A%25%7Bnew+java.lang.String%28%27http%3A%2F%2Fxxxxxxxxxxxxx%27%29%7D; code:404; msg:Unable to find a route to match the URI: admin.action-HTTP_Exception_404 [ 404 ]: Unable to find a route to match the URI: admin.action ~ SYSPATH/classes/kohana/request.php [ 1124 ]; referer:http://121.40.211.61/
2015-05-20 22:24:41 uri:/index.action; code:404; msg:Unable to find a route to match the URI: index.action-HTTP_Exception_404 [ 404 ]: Unable to find a route to match the URI: index.action ~ SYSPATH/classes/kohana/request.php [ 1124 ]; referer:http://121.40.211.61/
2015-05-20 22:24:42 uri:/login.action; code:404; msg:Unable to find a route to match the URI: login.action-HTTP_Exception_404 [ 404 ]: Unable to find a route to match the URI: login.action ~ SYSPATH/classes/kohana/request.php [ 1124 ]; referer:http://121.40.211.61/
2015-05-20 22:24:43 uri:/admin.action; code:404; msg:Unable to find a route to match the URI: admin.action-HTTP_Exception_404 [ 404 ]: Unable to find a route to match the URI: admin.action ~ SYSPATH/classes/kohana/request.php [ 1124 ]; referer:http://121.40.211.61/
2015-05-20 22:24:47 uri:/manager/html; code:404; msg:The requested URL manager/html was not found on this server.-HTTP_Exception_404 [ 404 ]: The requested URL manager/html was not found on this server. ~ SYSPATH/classes/kohana/request/client/internal.php [ 87 ]; referer:http://121.40.211.61/
2015-05-20 22:33:15 uri:/robots.txt; code:404; msg:Unable to find a route to match the URI: robots.txt-HTTP_Exception_404 [ 404 ]: Unable to find a route to match the URI: robots.txt ~ SYSPATH/classes/kohana/request.php [ 1124 ]; referer:
2015-05-20 23:03:19 uri:/robots.txt; code:404; msg:Unable to find a route to match the URI: robots.txt-HTTP_Exception_404 [ 404 ]: Unable to find a route to match the URI: robots.txt ~ SYSPATH/classes/kohana/request.php [ 1124 ]; referer:
2015-05-20 23:14:14 uri:/robots.txt; code:404; msg:Unable to find a route to match the URI: robots.txt-HTTP_Exception_404 [ 404 ]: Unable to find a route to match the URI: robots.txt ~ SYSPATH/classes/kohana/request.php [ 1124 ]; referer:
