2015-05-24 00:09:54 uri:/webscan38502863.txt; code:404; msg:Unable to find a route to match the URI: webscan38502863.txt-HTTP_Exception_404 [ 404 ]: Unable to find a route to match the URI: webscan38502863.txt ~ SYSPATH/classes/kohana/request.php [ 1124 ]; referer:http://121.40.211.61/
2015-05-24 00:09:55 uri:/webscan38502863.txt; code:404; msg:Unable to find a route to match the URI: webscan38502863.txt-HTTP_Exception_404 [ 404 ]: Unable to find a route to match the URI: webscan38502863.txt ~ SYSPATH/classes/kohana/request.php [ 1124 ]; referer:http://121.40.211.61/
2015-05-24 00:26:04 uri:/robots.txt; code:404; msg:Unable to find a route to match the URI: robots.txt-HTTP_Exception_404 [ 404 ]: Unable to find a route to match the URI: robots.txt ~ SYSPATH/classes/kohana/request.php [ 1124 ]; referer:
2015-05-24 02:42:48 uri:/pontorez/includes/templates/error.tpl; code:404; msg:Unable to find a route to match the URI: pontorez/includes/templates/error.tpl-HTTP_Exception_404 [ 404 ]: Unable to find a route to match the URI: pontorez/includes/templates/error.tpl ~ SYSPATH/classes/kohana/request.php [ 1124 ]; referer:
2015-05-24 05:30:36 uri:/team/about; code:404; msg:The requested URL team/about was not found on this server.-HTTP_Exception_404 [ 404 ]: The requested URL team/about was not found on this server. ~ SYSPATH/classes/kohana/request/client/internal.php [ 87 ]; referer:
2015-05-24 07:21:33 uri:/ipc$; code:404; msg:The requested URL ipc$ was not found on this server.-HTTP_Exception_404 [ 404 ]: The requested URL ipc$ was not found on this server. ~ SYSPATH/classes/kohana/request/client/internal.php [ 87 ]; referer:
2015-05-24 07:26:26 uri:/robots.txt; code:404; msg:Unable to find a route to match the URI: robots.txt-HTTP_Exception_404 [ 404 ]: Unable to find a route to match the URI: robots.txt ~ SYSPATH/classes/kohana/request.php [ 1124 ]; referer:
2015-05-24 07:34:05 uri:/robots.txt; code:404; msg:Unable to find a route to match the URI: robots.txt-HTTP_Exception_404 [ 404 ]: Unable to find a route to match the URI: robots.txt ~ SYSPATH/classes/kohana/request.php [ 1124 ]; referer:
2015-05-24 07:46:30 uri:/robots.txt; code:404; msg:Unable to find a route to match the URI: robots.txt-HTTP_Exception_404 [ 404 ]: Unable to find a route to match the URI: robots.txt ~ SYSPATH/classes/kohana/request.php [ 1124 ]; referer:
2015-05-24 13:15:39 uri:/NaN?0.9225617812480778; code:404; msg:The requested URL NaN was not found on this server.-HTTP_Exception_404 [ 404 ]: The requested URL NaN was not found on this server. ~ SYSPATH/classes/kohana/request/client/internal.php [ 87 ]; referer:http://www.xgomo.com/company
2015-05-24 13:16:28 uri:/NaN?0.11231278232298791; code:404; msg:The requested URL NaN was not found on this server.-HTTP_Exception_404 [ 404 ]: The requested URL NaN was not found on this server. ~ SYSPATH/classes/kohana/request/client/internal.php [ 87 ]; referer:http://www.xgomo.com/company
2015-05-24 14:32:28 uri:/detail/1ki; code:404; msg:The requested URL detail/1ki was not found on this server.-HTTP_Exception_404 [ 404 ]: The requested URL detail/1ki was not found on this server. ~ SYSPATH/classes/kohana/request/client/internal.php [ 87 ]; referer:http://igmoo.cn/detail/1ki
2015-05-24 15:32:08 uri:/manager/html; code:404; msg:The requested URL manager/html was not found on this server.-HTTP_Exception_404 [ 404 ]: The requested URL manager/html was not found on this server. ~ SYSPATH/classes/kohana/request/client/internal.php [ 87 ]; referer:
2015-05-24 17:33:31 uri:/robots.txt; code:404; msg:Unable to find a route to match the URI: robots.txt-HTTP_Exception_404 [ 404 ]: Unable to find a route to match the URI: robots.txt ~ SYSPATH/classes/kohana/request.php [ 1124 ]; referer:
2015-05-24 18:17:10 uri:/robots.txt; code:404; msg:Unable to find a route to match the URI: robots.txt-HTTP_Exception_404 [ 404 ]: Unable to find a route to match the URI: robots.txt ~ SYSPATH/classes/kohana/request.php [ 1124 ]; referer:
2015-05-24 18:24:45 uri:/robots.txt; code:404; msg:Unable to find a route to match the URI: robots.txt-HTTP_Exception_404 [ 404 ]: Unable to find a route to match the URI: robots.txt ~ SYSPATH/classes/kohana/request.php [ 1124 ]; referer:
2015-05-24 18:54:48 uri:/robots.txt; code:404; msg:Unable to find a route to match the URI: robots.txt-HTTP_Exception_404 [ 404 ]: Unable to find a route to match the URI: robots.txt ~ SYSPATH/classes/kohana/request.php [ 1124 ]; referer:
2015-05-24 19:57:23 uri:/robots.txt; code:404; msg:Unable to find a route to match the URI: robots.txt-HTTP_Exception_404 [ 404 ]: Unable to find a route to match the URI: robots.txt ~ SYSPATH/classes/kohana/request.php [ 1124 ]; referer:
2015-05-24 20:07:50 uri:/novel/more?category=50111&search=2_%E8%A1%8C%E4%B8%9A; code:error; msg:SQLSTATE[42S22]: Column not found: 1054 Unknown column 'novel_tags_s' in 'where clause'-exception 'PDOException' with message 'SQLSTATE[42S22]: Column not found: 1054 Unknown column 'novel_tags_s' in 'where clause'' in /var/www/html/www.igmoo.cn/modules/web/classes/zpdo/natural.php:110
Stack trace:
#0 /var/www/html/www.igmoo.cn/modules/web/classes/zpdo/natural.php(110): PDOStatement->execute()
#1 /var/www/html/www.igmoo.cn/application/classes/model/novel.php(150): Zpdo_Natural->get_all('select * from I...')
#2 /var/www/html/www.igmoo.cn/application/classes/controller/novel.php(102): Model_Novel->get_novellist_for_search(1, 40, '`category_id` =...')
#3 [internal function]: Controller_Novel->action_more()
#4 /var/www/html/www.igmoo.cn/system/classes/kohana/request/client/internal.php(118): ReflectionMethod->invoke(Object(Controller_Novel))
#5 /var/www/html/www.igmoo.cn/system/classes/kohana/request/client.php(64): Kohana_Request_Client_Internal->execute_request(Object(Request))
#6 /var/www/html/www.igmoo.cn/system/classes/kohana/request.php(1136): Kohana_Request_Client->execute(Object(Request))
#7 /var/www/html/www.igmoo.cn/public/index.php(118): Kohana_Request->execute()
#8 {main}; referer:
2015-05-24 20:13:12 uri:/novel/more?category=50111&search=0_%E9%9D%92%E6%98%A5%E8%A8%80%E6%83%85; code:error; msg:SQLSTATE[42S22]: Column not found: 1054 Unknown column 'novel_tags_s' in 'where clause'-exception 'PDOException' with message 'SQLSTATE[42S22]: Column not found: 1054 Unknown column 'novel_tags_s' in 'where clause'' in /var/www/html/www.igmoo.cn/modules/web/classes/zpdo/natural.php:110
Stack trace:
#0 /var/www/html/www.igmoo.cn/modules/web/classes/zpdo/natural.php(110): PDOStatement->execute()
#1 /var/www/html/www.igmoo.cn/application/classes/model/novel.php(150): Zpdo_Natural->get_all('select * from I...')
#2 /var/www/html/www.igmoo.cn/application/classes/controller/novel.php(102): Model_Novel->get_novellist_for_search(1, 40, '`category_id` =...')
#3 [internal function]: Controller_Novel->action_more()
#4 /var/www/html/www.igmoo.cn/system/classes/kohana/request/client/internal.php(118): ReflectionMethod->invoke(Object(Controller_Novel))
#5 /var/www/html/www.igmoo.cn/system/classes/kohana/request/client.php(64): Kohana_Request_Client_Internal->execute_request(Object(Request))
#6 /var/www/html/www.igmoo.cn/system/classes/kohana/request.php(1136): Kohana_Request_Client->execute(Object(Request))
#7 /var/www/html/www.igmoo.cn/public/index.php(118): Kohana_Request->execute()
#8 {main}; referer:
2015-05-24 20:13:14 uri:/novel/more?category=50112&search=2_%E6%97%B6%E8%A3%85; code:error; msg:SQLSTATE[42S22]: Column not found: 1054 Unknown column 'novel_tags_s' in 'where clause'-exception 'PDOException' with message 'SQLSTATE[42S22]: Column not found: 1054 Unknown column 'novel_tags_s' in 'where clause'' in /var/www/html/www.igmoo.cn/modules/web/classes/zpdo/natural.php:110
Stack trace:
#0 /var/www/html/www.igmoo.cn/modules/web/classes/zpdo/natural.php(110): PDOStatement->execute()
#1 /var/www/html/www.igmoo.cn/application/classes/model/novel.php(150): Zpdo_Natural->get_all('select * from I...')
#2 /var/www/html/www.igmoo.cn/application/classes/controller/novel.php(102): Model_Novel->get_novellist_for_search(1, 40, '`category_id` =...')
#3 [internal function]: Controller_Novel->action_more()
#4 /var/www/html/www.igmoo.cn/system/classes/kohana/request/client/internal.php(118): ReflectionMethod->invoke(Object(Controller_Novel))
#5 /var/www/html/www.igmoo.cn/system/classes/kohana/request/client.php(64): Kohana_Request_Client_Internal->execute_request(Object(Request))
#6 /var/www/html/www.igmoo.cn/system/classes/kohana/request.php(1136): Kohana_Request_Client->execute(Object(Request))
#7 /var/www/html/www.igmoo.cn/public/index.php(118): Kohana_Request->execute()
#8 {main}; referer:
2015-05-24 20:13:20 uri:/novel/more?category=50113&search=1_%E5%B7%B2%E5%AE%8C%E7%A8%BF; code:error; msg:SQLSTATE[42S22]: Column not found: 1054 Unknown column 'novel_tags_s' in 'where clause'-exception 'PDOException' with message 'SQLSTATE[42S22]: Column not found: 1054 Unknown column 'novel_tags_s' in 'where clause'' in /var/www/html/www.igmoo.cn/modules/web/classes/zpdo/natural.php:110
Stack trace:
#0 /var/www/html/www.igmoo.cn/modules/web/classes/zpdo/natural.php(110): PDOStatement->execute()
#1 /var/www/html/www.igmoo.cn/application/classes/model/novel.php(150): Zpdo_Natural->get_all('select * from I...')
#2 /var/www/html/www.igmoo.cn/application/classes/controller/novel.php(102): Model_Novel->get_novellist_for_search(1, 40, '`category_id` =...')
#3 [internal function]: Controller_Novel->action_more()
#4 /var/www/html/www.igmoo.cn/system/classes/kohana/request/client/internal.php(118): ReflectionMethod->invoke(Object(Controller_Novel))
#5 /var/www/html/www.igmoo.cn/system/classes/kohana/request/client.php(64): Kohana_Request_Client_Internal->execute_request(Object(Request))
#6 /var/www/html/www.igmoo.cn/system/classes/kohana/request.php(1136): Kohana_Request_Client->execute(Object(Request))
#7 /var/www/html/www.igmoo.cn/public/index.php(118): Kohana_Request->execute()
#8 {main}; referer:
2015-05-24 20:13:22 uri:/novel/more?category=50112&search=2_%E8%A8%80%E6%83%85; code:error; msg:SQLSTATE[42S22]: Column not found: 1054 Unknown column 'novel_tags_s' in 'where clause'-exception 'PDOException' with message 'SQLSTATE[42S22]: Column not found: 1054 Unknown column 'novel_tags_s' in 'where clause'' in /var/www/html/www.igmoo.cn/modules/web/classes/zpdo/natural.php:110
Stack trace:
#0 /var/www/html/www.igmoo.cn/modules/web/classes/zpdo/natural.php(110): PDOStatement->execute()
#1 /var/www/html/www.igmoo.cn/application/classes/model/novel.php(150): Zpdo_Natural->get_all('select * from I...')
#2 /var/www/html/www.igmoo.cn/application/classes/controller/novel.php(102): Model_Novel->get_novellist_for_search(1, 40, '`category_id` =...')
#3 [internal function]: Controller_Novel->action_more()
#4 /var/www/html/www.igmoo.cn/system/classes/kohana/request/client/internal.php(118): ReflectionMethod->invoke(Object(Controller_Novel))
#5 /var/www/html/www.igmoo.cn/system/classes/kohana/request/client.php(64): Kohana_Request_Client_Internal->execute_request(Object(Request))
#6 /var/www/html/www.igmoo.cn/system/classes/kohana/request.php(1136): Kohana_Request_Client->execute(Object(Request))
#7 /var/www/html/www.igmoo.cn/public/index.php(118): Kohana_Request->execute()
#8 {main}; referer:
2015-05-24 20:13:23 uri:/novel/more?category=50112&search=3_%E6%82%B2%E5%89%A7; code:error; msg:SQLSTATE[42S22]: Column not found: 1054 Unknown column 'novel_tags_s' in 'where clause'-exception 'PDOException' with message 'SQLSTATE[42S22]: Column not found: 1054 Unknown column 'novel_tags_s' in 'where clause'' in /var/www/html/www.igmoo.cn/modules/web/classes/zpdo/natural.php:110
Stack trace:
#0 /var/www/html/www.igmoo.cn/modules/web/classes/zpdo/natural.php(110): PDOStatement->execute()
#1 /var/www/html/www.igmoo.cn/application/classes/model/novel.php(150): Zpdo_Natural->get_all('select * from I...')
#2 /var/www/html/www.igmoo.cn/application/classes/controller/novel.php(102): Model_Novel->get_novellist_for_search(1, 40, '`category_id` =...')
#3 [internal function]: Controller_Novel->action_more()
#4 /var/www/html/www.igmoo.cn/system/classes/kohana/request/client/internal.php(118): ReflectionMethod->invoke(Object(Controller_Novel))
#5 /var/www/html/www.igmoo.cn/system/classes/kohana/request/client.php(64): Kohana_Request_Client_Internal->execute_request(Object(Request))
#6 /var/www/html/www.igmoo.cn/system/classes/kohana/request.php(1136): Kohana_Request_Client->execute(Object(Request))
#7 /var/www/html/www.igmoo.cn/public/index.php(118): Kohana_Request->execute()
#8 {main}; referer:
2015-05-24 20:13:24 uri:/novel/more?category=50112&search=2_%E6%8A%97%E6%88%98; code:error; msg:SQLSTATE[42S22]: Column not found: 1054 Unknown column 'novel_tags_s' in 'where clause'-exception 'PDOException' with message 'SQLSTATE[42S22]: Column not found: 1054 Unknown column 'novel_tags_s' in 'where clause'' in /var/www/html/www.igmoo.cn/modules/web/classes/zpdo/natural.php:110
Stack trace:
#0 /var/www/html/www.igmoo.cn/modules/web/classes/zpdo/natural.php(110): PDOStatement->execute()
#1 /var/www/html/www.igmoo.cn/application/classes/model/novel.php(150): Zpdo_Natural->get_all('select * from I...')
#2 /var/www/html/www.igmoo.cn/application/classes/controller/novel.php(102): Model_Novel->get_novellist_for_search(1, 40, '`category_id` =...')
#3 [internal function]: Controller_Novel->action_more()
#4 /var/www/html/www.igmoo.cn/system/classes/kohana/request/client/internal.php(118): ReflectionMethod->invoke(Object(Controller_Novel))
#5 /var/www/html/www.igmoo.cn/system/classes/kohana/request/client.php(64): Kohana_Request_Client_Internal->execute_request(Object(Request))
#6 /var/www/html/www.igmoo.cn/system/classes/kohana/request.php(1136): Kohana_Request_Client->execute(Object(Request))
#7 /var/www/html/www.igmoo.cn/public/index.php(118): Kohana_Request->execute()
#8 {main}; referer:
2015-05-24 20:13:24 uri:/novel/more?category=50111&search=2_%E6%97%B6%E8%A3%85; code:error; msg:SQLSTATE[42S22]: Column not found: 1054 Unknown column 'novel_tags_s' in 'where clause'-exception 'PDOException' with message 'SQLSTATE[42S22]: Column not found: 1054 Unknown column 'novel_tags_s' in 'where clause'' in /var/www/html/www.igmoo.cn/modules/web/classes/zpdo/natural.php:110
Stack trace:
#0 /var/www/html/www.igmoo.cn/modules/web/classes/zpdo/natural.php(110): PDOStatement->execute()
#1 /var/www/html/www.igmoo.cn/application/classes/model/novel.php(150): Zpdo_Natural->get_all('select * from I...')
#2 /var/www/html/www.igmoo.cn/application/classes/controller/novel.php(102): Model_Novel->get_novellist_for_search(1, 40, '`category_id` =...')
#3 [internal function]: Controller_Novel->action_more()
#4 /var/www/html/www.igmoo.cn/system/classes/kohana/request/client/internal.php(118): ReflectionMethod->invoke(Object(Controller_Novel))
#5 /var/www/html/www.igmoo.cn/system/classes/kohana/request/client.php(64): Kohana_Request_Client_Internal->execute_request(Object(Request))
#6 /var/www/html/www.igmoo.cn/system/classes/kohana/request.php(1136): Kohana_Request_Client->execute(Object(Request))
#7 /var/www/html/www.igmoo.cn/public/index.php(118): Kohana_Request->execute()
#8 {main}; referer:
2015-05-24 20:13:32 uri:/novel/more?category=50112&search=2_%E8%B0%8D%E6%88%98; code:error; msg:SQLSTATE[42S22]: Column not found: 1054 Unknown column 'novel_tags_s' in 'where clause'-exception 'PDOException' with message 'SQLSTATE[42S22]: Column not found: 1054 Unknown column 'novel_tags_s' in 'where clause'' in /var/www/html/www.igmoo.cn/modules/web/classes/zpdo/natural.php:110
Stack trace:
#0 /var/www/html/www.igmoo.cn/modules/web/classes/zpdo/natural.php(110): PDOStatement->execute()
#1 /var/www/html/www.igmoo.cn/application/classes/model/novel.php(150): Zpdo_Natural->get_all('select * from I...')
#2 /var/www/html/www.igmoo.cn/application/classes/controller/novel.php(102): Model_Novel->get_novellist_for_search(1, 40, '`category_id` =...')
#3 [internal function]: Controller_Novel->action_more()
#4 /var/www/html/www.igmoo.cn/system/classes/kohana/request/client/internal.php(118): ReflectionMethod->invoke(Object(Controller_Novel))
#5 /var/www/html/www.igmoo.cn/system/classes/kohana/request/client.php(64): Kohana_Request_Client_Internal->execute_request(Object(Request))
#6 /var/www/html/www.igmoo.cn/system/classes/kohana/request.php(1136): Kohana_Request_Client->execute(Object(Request))
#7 /var/www/html/www.igmoo.cn/public/index.php(118): Kohana_Request->execute()
#8 {main}; referer:
2015-05-24 20:13:35 uri:/novel/more?category=50111&search=3_%E6%88%8F%E8%AF%B4; code:error; msg:SQLSTATE[42S22]: Column not found: 1054 Unknown column 'novel_tags_s' in 'where clause'-exception 'PDOException' with message 'SQLSTATE[42S22]: Column not found: 1054 Unknown column 'novel_tags_s' in 'where clause'' in /var/www/html/www.igmoo.cn/modules/web/classes/zpdo/natural.php:110
Stack trace:
#0 /var/www/html/www.igmoo.cn/modules/web/classes/zpdo/natural.php(110): PDOStatement->execute()
#1 /var/www/html/www.igmoo.cn/application/classes/model/novel.php(150): Zpdo_Natural->get_all('select * from I...')
#2 /var/www/html/www.igmoo.cn/application/classes/controller/novel.php(102): Model_Novel->get_novellist_for_search(1, 40, '`category_id` =...')
#3 [internal function]: Controller_Novel->action_more()
#4 /var/www/html/www.igmoo.cn/system/classes/kohana/request/client/internal.php(118): ReflectionMethod->invoke(Object(Controller_Novel))
#5 /var/www/html/www.igmoo.cn/system/classes/kohana/request/client.php(64): Kohana_Request_Client_Internal->execute_request(Object(Request))
#6 /var/www/html/www.igmoo.cn/system/classes/kohana/request.php(1136): Kohana_Request_Client->execute(Object(Request))
#7 /var/www/html/www.igmoo.cn/public/index.php(118): Kohana_Request->execute()
#8 {main}; referer:
2015-05-24 20:13:41 uri:/novel/more?category=50112&search=2_%E8%AD%A6%E5%8C%AA; code:error; msg:SQLSTATE[42S22]: Column not found: 1054 Unknown column 'novel_tags_s' in 'where clause'-exception 'PDOException' with message 'SQLSTATE[42S22]: Column not found: 1054 Unknown column 'novel_tags_s' in 'where clause'' in /var/www/html/www.igmoo.cn/modules/web/classes/zpdo/natural.php:110
Stack trace:
#0 /var/www/html/www.igmoo.cn/modules/web/classes/zpdo/natural.php(110): PDOStatement->execute()
#1 /var/www/html/www.igmoo.cn/application/classes/model/novel.php(150): Zpdo_Natural->get_all('select * from I...')
#2 /var/www/html/www.igmoo.cn/application/classes/controller/novel.php(102): Model_Novel->get_novellist_for_search(1, 40, '`category_id` =...')
#3 [internal function]: Controller_Novel->action_more()
#4 /var/www/html/www.igmoo.cn/system/classes/kohana/request/client/internal.php(118): ReflectionMethod->invoke(Object(Controller_Novel))
#5 /var/www/html/www.igmoo.cn/system/classes/kohana/request/client.php(64): Kohana_Request_Client_Internal->execute_request(Object(Request))
#6 /var/www/html/www.igmoo.cn/system/classes/kohana/request.php(1136): Kohana_Request_Client->execute(Object(Request))
#7 /var/www/html/www.igmoo.cn/public/index.php(118): Kohana_Request->execute()
#8 {main}; referer:
2015-05-24 20:13:41 uri:/novel/more?category=50111&search=3_%E5%96%9C%E5%89%A7; code:error; msg:SQLSTATE[42S22]: Column not found: 1054 Unknown column 'novel_tags_s' in 'where clause'-exception 'PDOException' with message 'SQLSTATE[42S22]: Column not found: 1054 Unknown column 'novel_tags_s' in 'where clause'' in /var/www/html/www.igmoo.cn/modules/web/classes/zpdo/natural.php:110
Stack trace:
#0 /var/www/html/www.igmoo.cn/modules/web/classes/zpdo/natural.php(110): PDOStatement->execute()
#1 /var/www/html/www.igmoo.cn/application/classes/model/novel.php(150): Zpdo_Natural->get_all('select * from I...')
#2 /var/www/html/www.igmoo.cn/application/classes/controller/novel.php(102): Model_Novel->get_novellist_for_search(1, 40, '`category_id` =...')
#3 [internal function]: Controller_Novel->action_more()
#4 /var/www/html/www.igmoo.cn/system/classes/kohana/request/client/internal.php(118): ReflectionMethod->invoke(Object(Controller_Novel))
#5 /var/www/html/www.igmoo.cn/system/classes/kohana/request/client.php(64): Kohana_Request_Client_Internal->execute_request(Object(Request))
#6 /var/www/html/www.igmoo.cn/system/classes/kohana/request.php(1136): Kohana_Request_Client->execute(Object(Request))
#7 /var/www/html/www.igmoo.cn/public/index.php(118): Kohana_Request->execute()
#8 {main}; referer:
2015-05-24 20:13:42 uri:/novel/more?category=50112&search=2_%E7%A7%91%E5%B9%BB; code:error; msg:SQLSTATE[42S22]: Column not found: 1054 Unknown column 'novel_tags_s' in 'where clause'-exception 'PDOException' with message 'SQLSTATE[42S22]: Column not found: 1054 Unknown column 'novel_tags_s' in 'where clause'' in /var/www/html/www.igmoo.cn/modules/web/classes/zpdo/natural.php:110
Stack trace:
#0 /var/www/html/www.igmoo.cn/modules/web/classes/zpdo/natural.php(110): PDOStatement->execute()
#1 /var/www/html/www.igmoo.cn/application/classes/model/novel.php(150): Zpdo_Natural->get_all('select * from I...')
#2 /var/www/html/www.igmoo.cn/application/classes/controller/novel.php(102): Model_Novel->get_novellist_for_search(1, 40, '`category_id` =...')
#3 [internal function]: Controller_Novel->action_more()
#4 /var/www/html/www.igmoo.cn/system/classes/kohana/request/client/internal.php(118): ReflectionMethod->invoke(Object(Controller_Novel))
#5 /var/www/html/www.igmoo.cn/system/classes/kohana/request/client.php(64): Kohana_Request_Client_Internal->execute_request(Object(Request))
#6 /var/www/html/www.igmoo.cn/system/classes/kohana/request.php(1136): Kohana_Request_Client->execute(Object(Request))
#7 /var/www/html/www.igmoo.cn/public/index.php(118): Kohana_Request->execute()
#8 {main}; referer:
2015-05-24 20:13:43 uri:/novel/more?category=50112&search=3_%E6%88%8F%E8%AF%B4; code:error; msg:SQLSTATE[42S22]: Column not found: 1054 Unknown column 'novel_tags_s' in 'where clause'-exception 'PDOException' with message 'SQLSTATE[42S22]: Column not found: 1054 Unknown column 'novel_tags_s' in 'where clause'' in /var/www/html/www.igmoo.cn/modules/web/classes/zpdo/natural.php:110
Stack trace:
#0 /var/www/html/www.igmoo.cn/modules/web/classes/zpdo/natural.php(110): PDOStatement->execute()
#1 /var/www/html/www.igmoo.cn/application/classes/model/novel.php(150): Zpdo_Natural->get_all('select * from I...')
#2 /var/www/html/www.igmoo.cn/application/classes/controller/novel.php(102): Model_Novel->get_novellist_for_search(1, 40, '`category_id` =...')
#3 [internal function]: Controller_Novel->action_more()
#4 /var/www/html/www.igmoo.cn/system/classes/kohana/request/client/internal.php(118): ReflectionMethod->invoke(Object(Controller_Novel))
#5 /var/www/html/www.igmoo.cn/system/classes/kohana/request/client.php(64): Kohana_Request_Client_Internal->execute_request(Object(Request))
#6 /var/www/html/www.igmoo.cn/system/classes/kohana/request.php(1136): Kohana_Request_Client->execute(Object(Request))
#7 /var/www/html/www.igmoo.cn/public/index.php(118): Kohana_Request->execute()
#8 {main}; referer:
2015-05-24 20:13:45 uri:/novel/more?category=50111&search=3_%E6%82%B2%E5%89%A7; code:error; msg:SQLSTATE[42S22]: Column not found: 1054 Unknown column 'novel_tags_s' in 'where clause'-exception 'PDOException' with message 'SQLSTATE[42S22]: Column not found: 1054 Unknown column 'novel_tags_s' in 'where clause'' in /var/www/html/www.igmoo.cn/modules/web/classes/zpdo/natural.php:110
Stack trace:
#0 /var/www/html/www.igmoo.cn/modules/web/classes/zpdo/natural.php(110): PDOStatement->execute()
#1 /var/www/html/www.igmoo.cn/application/classes/model/novel.php(150): Zpdo_Natural->get_all('select * from I...')
#2 /var/www/html/www.igmoo.cn/application/classes/controller/novel.php(102): Model_Novel->get_novellist_for_search(1, 40, '`category_id` =...')
#3 [internal function]: Controller_Novel->action_more()
#4 /var/www/html/www.igmoo.cn/system/classes/kohana/request/client/internal.php(118): ReflectionMethod->invoke(Object(Controller_Novel))
#5 /var/www/html/www.igmoo.cn/system/classes/kohana/request/client.php(64): Kohana_Request_Client_Internal->execute_request(Object(Request))
#6 /var/www/html/www.igmoo.cn/system/classes/kohana/request.php(1136): Kohana_Request_Client->execute(Object(Request))
#7 /var/www/html/www.igmoo.cn/public/index.php(118): Kohana_Request->execute()
#8 {main}; referer:
2015-05-24 20:13:47 uri:/novel/more?category=50111&search=3_%E5%8A%B1%E5%BF%97; code:error; msg:SQLSTATE[42S22]: Column not found: 1054 Unknown column 'novel_tags_s' in 'where clause'-exception 'PDOException' with message 'SQLSTATE[42S22]: Column not found: 1054 Unknown column 'novel_tags_s' in 'where clause'' in /var/www/html/www.igmoo.cn/modules/web/classes/zpdo/natural.php:110
Stack trace:
#0 /var/www/html/www.igmoo.cn/modules/web/classes/zpdo/natural.php(110): PDOStatement->execute()
#1 /var/www/html/www.igmoo.cn/application/classes/model/novel.php(150): Zpdo_Natural->get_all('select * from I...')
#2 /var/www/html/www.igmoo.cn/application/classes/controller/novel.php(102): Model_Novel->get_novellist_for_search(1, 40, '`category_id` =...')
#3 [internal function]: Controller_Novel->action_more()
#4 /var/www/html/www.igmoo.cn/system/classes/kohana/request/client/internal.php(118): ReflectionMethod->invoke(Object(Controller_Novel))
#5 /var/www/html/www.igmoo.cn/system/classes/kohana/request/client.php(64): Kohana_Request_Client_Internal->execute_request(Object(Request))
#6 /var/www/html/www.igmoo.cn/system/classes/kohana/request.php(1136): Kohana_Request_Client->execute(Object(Request))
#7 /var/www/html/www.igmoo.cn/public/index.php(118): Kohana_Request->execute()
#8 {main}; referer:
2015-05-24 20:13:52 uri:/novel/more?category=50112&search=2_%E7%A5%9E%E8%AF%9D; code:error; msg:SQLSTATE[42S22]: Column not found: 1054 Unknown column 'novel_tags_s' in 'where clause'-exception 'PDOException' with message 'SQLSTATE[42S22]: Column not found: 1054 Unknown column 'novel_tags_s' in 'where clause'' in /var/www/html/www.igmoo.cn/modules/web/classes/zpdo/natural.php:110
Stack trace:
#0 /var/www/html/www.igmoo.cn/modules/web/classes/zpdo/natural.php(110): PDOStatement->execute()
#1 /var/www/html/www.igmoo.cn/application/classes/model/novel.php(150): Zpdo_Natural->get_all('select * from I...')
#2 /var/www/html/www.igmoo.cn/application/classes/controller/novel.php(102): Model_Novel->get_novellist_for_search(1, 40, '`category_id` =...')
#3 [internal function]: Controller_Novel->action_more()
#4 /var/www/html/www.igmoo.cn/system/classes/kohana/request/client/internal.php(118): ReflectionMethod->invoke(Object(Controller_Novel))
#5 /var/www/html/www.igmoo.cn/system/classes/kohana/request/client.php(64): Kohana_Request_Client_Internal->execute_request(Object(Request))
#6 /var/www/html/www.igmoo.cn/system/classes/kohana/request.php(1136): Kohana_Request_Client->execute(Object(Request))
#7 /var/www/html/www.igmoo.cn/public/index.php(118): Kohana_Request->execute()
#8 {main}; referer:
2015-05-24 20:16:07 uri:/novel/more?category=50111&search=2_%E5%AE%B6%E5%BA%AD; code:error; msg:SQLSTATE[42S22]: Column not found: 1054 Unknown column 'novel_tags_s' in 'where clause'-exception 'PDOException' with message 'SQLSTATE[42S22]: Column not found: 1054 Unknown column 'novel_tags_s' in 'where clause'' in /var/www/html/www.igmoo.cn/modules/web/classes/zpdo/natural.php:110
Stack trace:
#0 /var/www/html/www.igmoo.cn/modules/web/classes/zpdo/natural.php(110): PDOStatement->execute()
#1 /var/www/html/www.igmoo.cn/application/classes/model/novel.php(150): Zpdo_Natural->get_all('select * from I...')
#2 /var/www/html/www.igmoo.cn/application/classes/controller/novel.php(102): Model_Novel->get_novellist_for_search(1, 40, '`category_id` =...')
#3 [internal function]: Controller_Novel->action_more()
#4 /var/www/html/www.igmoo.cn/system/classes/kohana/request/client/internal.php(118): ReflectionMethod->invoke(Object(Controller_Novel))
#5 /var/www/html/www.igmoo.cn/system/classes/kohana/request/client.php(64): Kohana_Request_Client_Internal->execute_request(Object(Request))
#6 /var/www/html/www.igmoo.cn/system/classes/kohana/request.php(1136): Kohana_Request_Client->execute(Object(Request))
#7 /var/www/html/www.igmoo.cn/public/index.php(118): Kohana_Request->execute()
#8 {main}; referer:
2015-05-24 20:16:31 uri:/novel/more?category=50113&search=3_%E6%9A%97%E9%BB%91; code:error; msg:SQLSTATE[42S22]: Column not found: 1054 Unknown column 'novel_tags_s' in 'where clause'-exception 'PDOException' with message 'SQLSTATE[42S22]: Column not found: 1054 Unknown column 'novel_tags_s' in 'where clause'' in /var/www/html/www.igmoo.cn/modules/web/classes/zpdo/natural.php:110
Stack trace:
#0 /var/www/html/www.igmoo.cn/modules/web/classes/zpdo/natural.php(110): PDOStatement->execute()
#1 /var/www/html/www.igmoo.cn/application/classes/model/novel.php(150): Zpdo_Natural->get_all('select * from I...')
#2 /var/www/html/www.igmoo.cn/application/classes/controller/novel.php(102): Model_Novel->get_novellist_for_search(1, 40, '`category_id` =...')
#3 [internal function]: Controller_Novel->action_more()
#4 /var/www/html/www.igmoo.cn/system/classes/kohana/request/client/internal.php(118): ReflectionMethod->invoke(Object(Controller_Novel))
#5 /var/www/html/www.igmoo.cn/system/classes/kohana/request/client.php(64): Kohana_Request_Client_Internal->execute_request(Object(Request))
#6 /var/www/html/www.igmoo.cn/system/classes/kohana/request.php(1136): Kohana_Request_Client->execute(Object(Request))
#7 /var/www/html/www.igmoo.cn/public/index.php(118): Kohana_Request->execute()
#8 {main}; referer:
2015-05-24 20:16:32 uri:/novel/more?category=50111&search=2_%E8%AD%A6%E5%8C%AA; code:error; msg:SQLSTATE[42S22]: Column not found: 1054 Unknown column 'novel_tags_s' in 'where clause'-exception 'PDOException' with message 'SQLSTATE[42S22]: Column not found: 1054 Unknown column 'novel_tags_s' in 'where clause'' in /var/www/html/www.igmoo.cn/modules/web/classes/zpdo/natural.php:110
Stack trace:
#0 /var/www/html/www.igmoo.cn/modules/web/classes/zpdo/natural.php(110): PDOStatement->execute()
#1 /var/www/html/www.igmoo.cn/application/classes/model/novel.php(150): Zpdo_Natural->get_all('select * from I...')
#2 /var/www/html/www.igmoo.cn/application/classes/controller/novel.php(102): Model_Novel->get_novellist_for_search(1, 40, '`category_id` =...')
#3 [internal function]: Controller_Novel->action_more()
#4 /var/www/html/www.igmoo.cn/system/classes/kohana/request/client/internal.php(118): ReflectionMethod->invoke(Object(Controller_Novel))
#5 /var/www/html/www.igmoo.cn/system/classes/kohana/request/client.php(64): Kohana_Request_Client_Internal->execute_request(Object(Request))
#6 /var/www/html/www.igmoo.cn/system/classes/kohana/request.php(1136): Kohana_Request_Client->execute(Object(Request))
#7 /var/www/html/www.igmoo.cn/public/index.php(118): Kohana_Request->execute()
#8 {main}; referer:
2015-05-24 20:16:36 uri:/novel/more?category=50111&search=0_%E6%81%90%E6%80%96%E6%82%AC%E7%96%91; code:error; msg:SQLSTATE[42S22]: Column not found: 1054 Unknown column 'novel_tags_s' in 'where clause'-exception 'PDOException' with message 'SQLSTATE[42S22]: Column not found: 1054 Unknown column 'novel_tags_s' in 'where clause'' in /var/www/html/www.igmoo.cn/modules/web/classes/zpdo/natural.php:110
Stack trace:
#0 /var/www/html/www.igmoo.cn/modules/web/classes/zpdo/natural.php(110): PDOStatement->execute()
#1 /var/www/html/www.igmoo.cn/application/classes/model/novel.php(150): Zpdo_Natural->get_all('select * from I...')
#2 /var/www/html/www.igmoo.cn/application/classes/controller/novel.php(102): Model_Novel->get_novellist_for_search(1, 40, '`category_id` =...')
#3 [internal function]: Controller_Novel->action_more()
#4 /var/www/html/www.igmoo.cn/system/classes/kohana/request/client/internal.php(118): ReflectionMethod->invoke(Object(Controller_Novel))
#5 /var/www/html/www.igmoo.cn/system/classes/kohana/request/client.php(64): Kohana_Request_Client_Internal->execute_request(Object(Request))
#6 /var/www/html/www.igmoo.cn/system/classes/kohana/request.php(1136): Kohana_Request_Client->execute(Object(Request))
#7 /var/www/html/www.igmoo.cn/public/index.php(118): Kohana_Request->execute()
#8 {main}; referer:
2015-05-24 20:16:36 uri:/novel/more?category=50111&search=2_%E6%AD%A6%E4%BE%A0; code:error; msg:SQLSTATE[42S22]: Column not found: 1054 Unknown column 'novel_tags_s' in 'where clause'-exception 'PDOException' with message 'SQLSTATE[42S22]: Column not found: 1054 Unknown column 'novel_tags_s' in 'where clause'' in /var/www/html/www.igmoo.cn/modules/web/classes/zpdo/natural.php:110
Stack trace:
#0 /var/www/html/www.igmoo.cn/modules/web/classes/zpdo/natural.php(110): PDOStatement->execute()
#1 /var/www/html/www.igmoo.cn/application/classes/model/novel.php(150): Zpdo_Natural->get_all('select * from I...')
#2 /var/www/html/www.igmoo.cn/application/classes/controller/novel.php(102): Model_Novel->get_novellist_for_search(1, 40, '`category_id` =...')
#3 [internal function]: Controller_Novel->action_more()
#4 /var/www/html/www.igmoo.cn/system/classes/kohana/request/client/internal.php(118): ReflectionMethod->invoke(Object(Controller_Novel))
#5 /var/www/html/www.igmoo.cn/system/classes/kohana/request/client.php(64): Kohana_Request_Client_Internal->execute_request(Object(Request))
#6 /var/www/html/www.igmoo.cn/system/classes/kohana/request.php(1136): Kohana_Request_Client->execute(Object(Request))
#7 /var/www/html/www.igmoo.cn/public/index.php(118): Kohana_Request->execute()
#8 {main}; referer:
2015-05-24 20:16:50 uri:/novel/more?category=50112&search=2_%E5%84%BF%E7%AB%A5; code:error; msg:SQLSTATE[42S22]: Column not found: 1054 Unknown column 'novel_tags_s' in 'where clause'-exception 'PDOException' with message 'SQLSTATE[42S22]: Column not found: 1054 Unknown column 'novel_tags_s' in 'where clause'' in /var/www/html/www.igmoo.cn/modules/web/classes/zpdo/natural.php:110
Stack trace:
#0 /var/www/html/www.igmoo.cn/modules/web/classes/zpdo/natural.php(110): PDOStatement->execute()
#1 /var/www/html/www.igmoo.cn/application/classes/model/novel.php(150): Zpdo_Natural->get_all('select * from I...')
#2 /var/www/html/www.igmoo.cn/application/classes/controller/novel.php(102): Model_Novel->get_novellist_for_search(1, 40, '`category_id` =...')
#3 [internal function]: Controller_Novel->action_more()
#4 /var/www/html/www.igmoo.cn/system/classes/kohana/request/client/internal.php(118): ReflectionMethod->invoke(Object(Controller_Novel))
#5 /var/www/html/www.igmoo.cn/system/classes/kohana/request/client.php(64): Kohana_Request_Client_Internal->execute_request(Object(Request))
#6 /var/www/html/www.igmoo.cn/system/classes/kohana/request.php(1136): Kohana_Request_Client->execute(Object(Request))
#7 /var/www/html/www.igmoo.cn/public/index.php(118): Kohana_Request->execute()
#8 {main}; referer:
2015-05-24 20:28:15 uri:/123; code:404; msg:The requested URL 123 was not found on this server.-HTTP_Exception_404 [ 404 ]: The requested URL 123 was not found on this server. ~ SYSPATH/classes/kohana/request/client/internal.php [ 87 ]; referer:
2015-05-24 20:29:11 uri:/user/soapCaller.bs; code:404; msg:Unable to find a route to match the URI: user/soapCaller.bs-HTTP_Exception_404 [ 404 ]: Unable to find a route to match the URI: user/soapCaller.bs ~ SYSPATH/classes/kohana/request.php [ 1124 ]; referer:
2015-05-24 20:30:47 uri:/robots.txt; code:404; msg:Unable to find a route to match the URI: robots.txt-HTTP_Exception_404 [ 404 ]: Unable to find a route to match the URI: robots.txt ~ SYSPATH/classes/kohana/request.php [ 1124 ]; referer:
2015-05-24 21:06:22 uri:/robots.txt; code:404; msg:Unable to find a route to match the URI: robots.txt-HTTP_Exception_404 [ 404 ]: Unable to find a route to match the URI: robots.txt ~ SYSPATH/classes/kohana/request.php [ 1124 ]; referer:
2015-05-24 21:08:34 uri:/robots.txt; code:404; msg:Unable to find a route to match the URI: robots.txt-HTTP_Exception_404 [ 404 ]: Unable to find a route to match the URI: robots.txt ~ SYSPATH/classes/kohana/request.php [ 1124 ]; referer:
2015-05-24 21:40:34 uri:/vtigercrm/test/upload/vtigercrm.txt; code:404; msg:Unable to find a route to match the URI: vtigercrm/test/upload/vtigercrm.txt-HTTP_Exception_404 [ 404 ]: Unable to find a route to match the URI: vtigercrm/test/upload/vtigercrm.txt ~ SYSPATH/classes/kohana/request.php [ 1124 ]; referer:
2015-05-24 22:12:56 uri:/jmx-console/; code:404; msg:The requested URL jmx-console was not found on this server.-HTTP_Exception_404 [ 404 ]: The requested URL jmx-console was not found on this server. ~ SYSPATH/classes/kohana/request/client/internal.php [ 87 ]; referer:http://121.40.211.61/
2015-05-24 22:12:57 uri:/web-console/; code:404; msg:The requested URL web-console was not found on this server.-HTTP_Exception_404 [ 404 ]: The requested URL web-console was not found on this server. ~ SYSPATH/classes/kohana/request/client/internal.php [ 87 ]; referer:http://121.40.211.61/
2015-05-24 22:12:58 uri:/invoker/JMXInvokerServlet; code:404; msg:The requested URL invoker/JMXInvokerServlet was not found on this server.-HTTP_Exception_404 [ 404 ]: The requested URL invoker/JMXInvokerServlet was not found on this server. ~ SYSPATH/classes/kohana/request/client/internal.php [ 87 ]; referer:http://121.40.211.61/
2015-05-24 22:12:59 uri:/invoker/EJBInvokerServlet; code:404; msg:The requested URL invoker/EJBInvokerServlet was not found on this server.-HTTP_Exception_404 [ 404 ]: The requested URL invoker/EJBInvokerServlet was not found on this server. ~ SYSPATH/classes/kohana/request/client/internal.php [ 87 ]; referer:http://121.40.211.61/
2015-05-24 22:13:00 uri:/status/; code:404; msg:The requested URL status was not found on this server.-HTTP_Exception_404 [ 404 ]: The requested URL status was not found on this server. ~ SYSPATH/classes/kohana/request/client/internal.php [ 87 ]; referer:http://121.40.211.61/
2015-05-24 22:13:01 uri:/server-status/; code:404; msg:The requested URL server-status was not found on this server.-HTTP_Exception_404 [ 404 ]: The requested URL server-status was not found on this server. ~ SYSPATH/classes/kohana/request/client/internal.php [ 87 ]; referer:http://121.40.211.61/
2015-05-24 22:13:05 uri:/login.action?debug=browser; code:404; msg:Unable to find a route to match the URI: login.action-HTTP_Exception_404 [ 404 ]: Unable to find a route to match the URI: login.action ~ SYSPATH/classes/kohana/request.php [ 1124 ]; referer:http://121.40.211.61/
2015-05-24 22:13:06 uri:/admin.action?debug=browser; code:404; msg:Unable to find a route to match the URI: admin.action-HTTP_Exception_404 [ 404 ]: Unable to find a route to match the URI: admin.action ~ SYSPATH/classes/kohana/request.php [ 1124 ]; referer:http://121.40.211.61/
2015-05-24 22:13:07 uri:/index.action?debug=browser; code:404; msg:Unable to find a route to match the URI: index.action-HTTP_Exception_404 [ 404 ]: Unable to find a route to match the URI: index.action ~ SYSPATH/classes/kohana/request.php [ 1124 ]; referer:http://121.40.211.61/
2015-05-24 22:13:08 uri:/login.action; code:404; msg:Unable to find a route to match the URI: login.action-HTTP_Exception_404 [ 404 ]: Unable to find a route to match the URI: login.action ~ SYSPATH/classes/kohana/request.php [ 1124 ]; referer:http://121.40.211.61/
2015-05-24 22:13:09 uri:/admin.action; code:404; msg:Unable to find a route to match the URI: admin.action-HTTP_Exception_404 [ 404 ]: Unable to find a route to match the URI: admin.action ~ SYSPATH/classes/kohana/request.php [ 1124 ]; referer:http://121.40.211.61/
2015-05-24 22:13:10 uri:/index.action; code:404; msg:Unable to find a route to match the URI: index.action-HTTP_Exception_404 [ 404 ]: Unable to find a route to match the URI: index.action ~ SYSPATH/classes/kohana/request.php [ 1124 ]; referer:http://121.40.211.61/
2015-05-24 22:13:15 uri:/index.action?redirect%3A%25%7Bnew+java.lang.String%28%27http%3A%2F%2Fxxxxxxxxxxxxx%27%29%7D; code:404; msg:Unable to find a route to match the URI: index.action-HTTP_Exception_404 [ 404 ]: Unable to find a route to match the URI: index.action ~ SYSPATH/classes/kohana/request.php [ 1124 ]; referer:http://121.40.211.61/
2015-05-24 22:13:16 uri:/login.action?redirect%3A%25%7Bnew+java.lang.String%28%27http%3A%2F%2Fxxxxxxxxxxxxx%27%29%7D; code:404; msg:Unable to find a route to match the URI: login.action-HTTP_Exception_404 [ 404 ]: Unable to find a route to match the URI: login.action ~ SYSPATH/classes/kohana/request.php [ 1124 ]; referer:http://121.40.211.61/
2015-05-24 22:13:17 uri:/admin.action?redirect%3A%25%7Bnew+java.lang.String%28%27http%3A%2F%2Fxxxxxxxxxxxxx%27%29%7D; code:404; msg:Unable to find a route to match the URI: admin.action-HTTP_Exception_404 [ 404 ]: Unable to find a route to match the URI: admin.action ~ SYSPATH/classes/kohana/request.php [ 1124 ]; referer:http://121.40.211.61/
2015-05-24 22:13:18 uri:/index.action; code:404; msg:Unable to find a route to match the URI: index.action-HTTP_Exception_404 [ 404 ]: Unable to find a route to match the URI: index.action ~ SYSPATH/classes/kohana/request.php [ 1124 ]; referer:http://121.40.211.61/
2015-05-24 22:13:19 uri:/login.action; code:404; msg:Unable to find a route to match the URI: login.action-HTTP_Exception_404 [ 404 ]: Unable to find a route to match the URI: login.action ~ SYSPATH/classes/kohana/request.php [ 1124 ]; referer:http://121.40.211.61/
2015-05-24 22:13:21 uri:/admin.action; code:404; msg:Unable to find a route to match the URI: admin.action-HTTP_Exception_404 [ 404 ]: Unable to find a route to match the URI: admin.action ~ SYSPATH/classes/kohana/request.php [ 1124 ]; referer:http://121.40.211.61/
2015-05-24 22:13:26 uri:/manager/html; code:404; msg:The requested URL manager/html was not found on this server.-HTTP_Exception_404 [ 404 ]: The requested URL manager/html was not found on this server. ~ SYSPATH/classes/kohana/request/client/internal.php [ 87 ]; referer:http://121.40.211.61/
2015-05-24 23:23:37 uri:/robots.txt; code:404; msg:Unable to find a route to match the URI: robots.txt-HTTP_Exception_404 [ 404 ]: Unable to find a route to match the URI: robots.txt ~ SYSPATH/classes/kohana/request.php [ 1124 ]; referer:
2015-05-24 23:58:15 uri:/ipc$; code:404; msg:The requested URL ipc$ was not found on this server.-HTTP_Exception_404 [ 404 ]: The requested URL ipc$ was not found on this server. ~ SYSPATH/classes/kohana/request/client/internal.php [ 87 ]; referer:
