2015-05-23 00:10:10 uri:/webscan38502863.txt; code:404; msg:Unable to find a route to match the URI: webscan38502863.txt-HTTP_Exception_404 [ 404 ]: Unable to find a route to match the URI: webscan38502863.txt ~ SYSPATH/classes/kohana/request.php [ 1124 ]; referer:http://121.40.211.61/
2015-05-23 00:10:12 uri:/webscan38502863.txt; code:404; msg:Unable to find a route to match the URI: webscan38502863.txt-HTTP_Exception_404 [ 404 ]: Unable to find a route to match the URI: webscan38502863.txt ~ SYSPATH/classes/kohana/request.php [ 1124 ]; referer:http://121.40.211.61/
2015-05-23 00:27:58 uri:/jmx-console/; code:404; msg:The requested URL jmx-console was not found on this server.-HTTP_Exception_404 [ 404 ]: The requested URL jmx-console was not found on this server. ~ SYSPATH/classes/kohana/request/client/internal.php [ 87 ]; referer:http://121.40.211.61/
2015-05-23 00:28:00 uri:/web-console/; code:404; msg:The requested URL web-console was not found on this server.-HTTP_Exception_404 [ 404 ]: The requested URL web-console was not found on this server. ~ SYSPATH/classes/kohana/request/client/internal.php [ 87 ]; referer:http://121.40.211.61/
2015-05-23 00:28:02 uri:/invoker/JMXInvokerServlet; code:404; msg:The requested URL invoker/JMXInvokerServlet was not found on this server.-HTTP_Exception_404 [ 404 ]: The requested URL invoker/JMXInvokerServlet was not found on this server. ~ SYSPATH/classes/kohana/request/client/internal.php [ 87 ]; referer:http://121.40.211.61/
2015-05-23 00:28:04 uri:/invoker/EJBInvokerServlet; code:404; msg:The requested URL invoker/EJBInvokerServlet was not found on this server.-HTTP_Exception_404 [ 404 ]: The requested URL invoker/EJBInvokerServlet was not found on this server. ~ SYSPATH/classes/kohana/request/client/internal.php [ 87 ]; referer:http://121.40.211.61/
2015-05-23 00:28:06 uri:/status/; code:404; msg:The requested URL status was not found on this server.-HTTP_Exception_404 [ 404 ]: The requested URL status was not found on this server. ~ SYSPATH/classes/kohana/request/client/internal.php [ 87 ]; referer:http://121.40.211.61/
2015-05-23 00:28:08 uri:/server-status/; code:404; msg:The requested URL server-status was not found on this server.-HTTP_Exception_404 [ 404 ]: The requested URL server-status was not found on this server. ~ SYSPATH/classes/kohana/request/client/internal.php [ 87 ]; referer:http://121.40.211.61/
2015-05-23 00:28:19 uri:/login.action?debug=browser; code:404; msg:Unable to find a route to match the URI: login.action-HTTP_Exception_404 [ 404 ]: Unable to find a route to match the URI: login.action ~ SYSPATH/classes/kohana/request.php [ 1124 ]; referer:http://121.40.211.61/
2015-05-23 00:28:21 uri:/admin.action?debug=browser; code:404; msg:Unable to find a route to match the URI: admin.action-HTTP_Exception_404 [ 404 ]: Unable to find a route to match the URI: admin.action ~ SYSPATH/classes/kohana/request.php [ 1124 ]; referer:http://121.40.211.61/
2015-05-23 00:28:23 uri:/index.action?debug=browser; code:404; msg:Unable to find a route to match the URI: index.action-HTTP_Exception_404 [ 404 ]: Unable to find a route to match the URI: index.action ~ SYSPATH/classes/kohana/request.php [ 1124 ]; referer:http://121.40.211.61/
2015-05-23 00:28:25 uri:/login.action; code:404; msg:Unable to find a route to match the URI: login.action-HTTP_Exception_404 [ 404 ]: Unable to find a route to match the URI: login.action ~ SYSPATH/classes/kohana/request.php [ 1124 ]; referer:http://121.40.211.61/
2015-05-23 00:28:27 uri:/admin.action; code:404; msg:Unable to find a route to match the URI: admin.action-HTTP_Exception_404 [ 404 ]: Unable to find a route to match the URI: admin.action ~ SYSPATH/classes/kohana/request.php [ 1124 ]; referer:http://121.40.211.61/
2015-05-23 00:28:29 uri:/index.action; code:404; msg:Unable to find a route to match the URI: index.action-HTTP_Exception_404 [ 404 ]: Unable to find a route to match the URI: index.action ~ SYSPATH/classes/kohana/request.php [ 1124 ]; referer:http://121.40.211.61/
2015-05-23 00:28:39 uri:/index.action?redirect%3A%25%7Bnew+java.lang.String%28%27http%3A%2F%2Fxxxxxxxxxxxxx%27%29%7D; code:404; msg:Unable to find a route to match the URI: index.action-HTTP_Exception_404 [ 404 ]: Unable to find a route to match the URI: index.action ~ SYSPATH/classes/kohana/request.php [ 1124 ]; referer:http://121.40.211.61/
2015-05-23 00:28:41 uri:/login.action?redirect%3A%25%7Bnew+java.lang.String%28%27http%3A%2F%2Fxxxxxxxxxxxxx%27%29%7D; code:404; msg:Unable to find a route to match the URI: login.action-HTTP_Exception_404 [ 404 ]: Unable to find a route to match the URI: login.action ~ SYSPATH/classes/kohana/request.php [ 1124 ]; referer:http://121.40.211.61/
2015-05-23 00:28:43 uri:/admin.action?redirect%3A%25%7Bnew+java.lang.String%28%27http%3A%2F%2Fxxxxxxxxxxxxx%27%29%7D; code:404; msg:Unable to find a route to match the URI: admin.action-HTTP_Exception_404 [ 404 ]: Unable to find a route to match the URI: admin.action ~ SYSPATH/classes/kohana/request.php [ 1124 ]; referer:http://121.40.211.61/
2015-05-23 00:28:45 uri:/index.action; code:404; msg:Unable to find a route to match the URI: index.action-HTTP_Exception_404 [ 404 ]: Unable to find a route to match the URI: index.action ~ SYSPATH/classes/kohana/request.php [ 1124 ]; referer:http://121.40.211.61/
2015-05-23 00:28:47 uri:/login.action; code:404; msg:Unable to find a route to match the URI: login.action-HTTP_Exception_404 [ 404 ]: Unable to find a route to match the URI: login.action ~ SYSPATH/classes/kohana/request.php [ 1124 ]; referer:http://121.40.211.61/
2015-05-23 00:28:49 uri:/admin.action; code:404; msg:Unable to find a route to match the URI: admin.action-HTTP_Exception_404 [ 404 ]: Unable to find a route to match the URI: admin.action ~ SYSPATH/classes/kohana/request.php [ 1124 ]; referer:http://121.40.211.61/
2015-05-23 00:28:57 uri:/manager/html; code:404; msg:The requested URL manager/html was not found on this server.-HTTP_Exception_404 [ 404 ]: The requested URL manager/html was not found on this server. ~ SYSPATH/classes/kohana/request/client/internal.php [ 87 ]; referer:http://121.40.211.61/
2015-05-23 01:58:10 uri:/vtigercrm/test/upload/vtigercrm.txt; code:404; msg:Unable to find a route to match the URI: vtigercrm/test/upload/vtigercrm.txt-HTTP_Exception_404 [ 404 ]: Unable to find a route to match the URI: vtigercrm/test/upload/vtigercrm.txt ~ SYSPATH/classes/kohana/request.php [ 1124 ]; referer:
2015-05-23 02:27:45 uri:/muieblackcat; code:404; msg:The requested URL muieblackcat was not found on this server.-HTTP_Exception_404 [ 404 ]: The requested URL muieblackcat was not found on this server. ~ SYSPATH/classes/kohana/request/client/internal.php [ 87 ]; referer:
2015-05-23 02:48:02 uri:/ipc$; code:404; msg:The requested URL ipc$ was not found on this server.-HTTP_Exception_404 [ 404 ]: The requested URL ipc$ was not found on this server. ~ SYSPATH/classes/kohana/request/client/internal.php [ 87 ]; referer:
2015-05-23 03:53:04 uri:/team/about; code:404; msg:The requested URL team/about was not found on this server.-HTTP_Exception_404 [ 404 ]: The requested URL team/about was not found on this server. ~ SYSPATH/classes/kohana/request/client/internal.php [ 87 ]; referer:
2015-05-23 03:54:04 uri:/team/contact; code:404; msg:The requested URL team/contact was not found on this server.-HTTP_Exception_404 [ 404 ]: The requested URL team/contact was not found on this server. ~ SYSPATH/classes/kohana/request/client/internal.php [ 87 ]; referer:
2015-05-23 03:55:04 uri:/detail/1ki; code:404; msg:The requested URL detail/1ki was not found on this server.-HTTP_Exception_404 [ 404 ]: The requested URL detail/1ki was not found on this server. ~ SYSPATH/classes/kohana/request/client/internal.php [ 87 ]; referer:
2015-05-23 03:56:07 uri:/123; code:404; msg:The requested URL 123 was not found on this server.-HTTP_Exception_404 [ 404 ]: The requested URL 123 was not found on this server. ~ SYSPATH/classes/kohana/request/client/internal.php [ 87 ]; referer:
2015-05-23 03:57:10 uri:/public/agreement; code:404; msg:The requested URL public/agreement was not found on this server.-HTTP_Exception_404 [ 404 ]: The requested URL public/agreement was not found on this server. ~ SYSPATH/classes/kohana/request/client/internal.php [ 87 ]; referer:
2015-05-23 03:57:13 uri:/user/forgetpassword; code:404; msg:The requested URL user/forgetpassword was not found on this server.-HTTP_Exception_404 [ 404 ]: The requested URL user/forgetpassword was not found on this server. ~ SYSPATH/classes/kohana/request/client/internal.php [ 113 ]; referer:
2015-05-23 03:59:43 uri:/robots.txt; code:404; msg:Unable to find a route to match the URI: robots.txt-HTTP_Exception_404 [ 404 ]: Unable to find a route to match the URI: robots.txt ~ SYSPATH/classes/kohana/request.php [ 1124 ]; referer:
2015-05-23 05:27:34 uri:/team/contact; code:404; msg:The requested URL team/contact was not found on this server.-HTTP_Exception_404 [ 404 ]: The requested URL team/contact was not found on this server. ~ SYSPATH/classes/kohana/request/client/internal.php [ 87 ]; referer:
2015-05-23 06:47:21 uri:/robots.txt; code:404; msg:Unable to find a route to match the URI: robots.txt-HTTP_Exception_404 [ 404 ]: Unable to find a route to match the URI: robots.txt ~ SYSPATH/classes/kohana/request.php [ 1124 ]; referer:
2015-05-23 08:27:29 uri:/ipc$; code:404; msg:The requested URL ipc$ was not found on this server.-HTTP_Exception_404 [ 404 ]: The requested URL ipc$ was not found on this server. ~ SYSPATH/classes/kohana/request/client/internal.php [ 87 ]; referer:
2015-05-23 09:49:24 uri:/robots.txt; code:404; msg:Unable to find a route to match the URI: robots.txt-HTTP_Exception_404 [ 404 ]: Unable to find a route to match the URI: robots.txt ~ SYSPATH/classes/kohana/request.php [ 1124 ]; referer:
2015-05-23 10:09:31 uri:/detail/1ki; code:404; msg:The requested URL detail/1ki was not found on this server.-HTTP_Exception_404 [ 404 ]: The requested URL detail/1ki was not found on this server. ~ SYSPATH/classes/kohana/request/client/internal.php [ 87 ]; referer:
2015-05-23 12:25:38 uri:/robots.txt; code:404; msg:Unable to find a route to match the URI: robots.txt-HTTP_Exception_404 [ 404 ]: Unable to find a route to match the URI: robots.txt ~ SYSPATH/classes/kohana/request.php [ 1124 ]; referer:
2015-05-23 13:31:27 uri:/team/about; code:404; msg:The requested URL team/about was not found on this server.-HTTP_Exception_404 [ 404 ]: The requested URL team/about was not found on this server. ~ SYSPATH/classes/kohana/request/client/internal.php [ 87 ]; referer:
2015-05-23 13:43:31 uri:/webdav/; code:404; msg:The requested URL webdav was not found on this server.-HTTP_Exception_404 [ 404 ]: The requested URL webdav was not found on this server. ~ SYSPATH/classes/kohana/request/client/internal.php [ 87 ]; referer:
2015-05-23 15:22:35 uri:/team/contact; code:404; msg:The requested URL team/contact was not found on this server.-HTTP_Exception_404 [ 404 ]: The requested URL team/contact was not found on this server. ~ SYSPATH/classes/kohana/request/client/internal.php [ 87 ]; referer:
2015-05-23 15:56:59 uri:/robots.txt; code:404; msg:Unable to find a route to match the URI: robots.txt-HTTP_Exception_404 [ 404 ]: Unable to find a route to match the URI: robots.txt ~ SYSPATH/classes/kohana/request.php [ 1124 ]; referer:
2015-05-23 17:16:59 uri:/robots.txt; code:404; msg:Unable to find a route to match the URI: robots.txt-HTTP_Exception_404 [ 404 ]: Unable to find a route to match the URI: robots.txt ~ SYSPATH/classes/kohana/request.php [ 1124 ]; referer:
2015-05-23 17:38:14 uri:/robots.txt; code:404; msg:Unable to find a route to match the URI: robots.txt-HTTP_Exception_404 [ 404 ]: Unable to find a route to match the URI: robots.txt ~ SYSPATH/classes/kohana/request.php [ 1124 ]; referer:
2015-05-23 17:42:54 uri:/robots.txt; code:404; msg:Unable to find a route to match the URI: robots.txt-HTTP_Exception_404 [ 404 ]: Unable to find a route to match the URI: robots.txt ~ SYSPATH/classes/kohana/request.php [ 1124 ]; referer:
2015-05-23 17:48:55 uri:/shop/123; code:404; msg:The requested URL shop/123 was not found on this server.-HTTP_Exception_404 [ 404 ]: The requested URL shop/123 was not found on this server. ~ SYSPATH/classes/kohana/request/client/internal.php [ 113 ]; referer:
2015-05-23 18:23:17 uri:/robots.txt; code:404; msg:Unable to find a route to match the URI: robots.txt-HTTP_Exception_404 [ 404 ]: Unable to find a route to match the URI: robots.txt ~ SYSPATH/classes/kohana/request.php [ 1124 ]; referer:
2015-05-23 20:18:59 uri:/novel/more?category=50111&search=2_%E5%8F%A4%E8%A3%85; code:error; msg:SQLSTATE[42S22]: Column not found: 1054 Unknown column 'novel_tags_s' in 'where clause'-exception 'PDOException' with message 'SQLSTATE[42S22]: Column not found: 1054 Unknown column 'novel_tags_s' in 'where clause'' in /var/www/html/www.igmoo.cn/modules/web/classes/zpdo/natural.php:110
Stack trace:
#0 /var/www/html/www.igmoo.cn/modules/web/classes/zpdo/natural.php(110): PDOStatement->execute()
#1 /var/www/html/www.igmoo.cn/application/classes/model/novel.php(150): Zpdo_Natural->get_all('select * from I...')
#2 /var/www/html/www.igmoo.cn/application/classes/controller/novel.php(102): Model_Novel->get_novellist_for_search(1, 40, '`category_id` =...')
#3 [internal function]: Controller_Novel->action_more()
#4 /var/www/html/www.igmoo.cn/system/classes/kohana/request/client/internal.php(118): ReflectionMethod->invoke(Object(Controller_Novel))
#5 /var/www/html/www.igmoo.cn/system/classes/kohana/request/client.php(64): Kohana_Request_Client_Internal->execute_request(Object(Request))
#6 /var/www/html/www.igmoo.cn/system/classes/kohana/request.php(1136): Kohana_Request_Client->execute(Object(Request))
#7 /var/www/html/www.igmoo.cn/public/index.php(118): Kohana_Request->execute()
#8 {main}; referer:
2015-05-23 20:18:59 uri:/novel/more?category=50114&search=0_%E5%8A%B1%E5%BF%97%E6%88%90%E5%8A%9F; code:error; msg:SQLSTATE[42S22]: Column not found: 1054 Unknown column 'novel_tags_s' in 'where clause'-exception 'PDOException' with message 'SQLSTATE[42S22]: Column not found: 1054 Unknown column 'novel_tags_s' in 'where clause'' in /var/www/html/www.igmoo.cn/modules/web/classes/zpdo/natural.php:110
Stack trace:
#0 /var/www/html/www.igmoo.cn/modules/web/classes/zpdo/natural.php(110): PDOStatement->execute()
#1 /var/www/html/www.igmoo.cn/application/classes/model/novel.php(150): Zpdo_Natural->get_all('select * from I...')
#2 /var/www/html/www.igmoo.cn/application/classes/controller/novel.php(102): Model_Novel->get_novellist_for_search(1, 40, '`category_id` =...')
#3 [internal function]: Controller_Novel->action_more()
#4 /var/www/html/www.igmoo.cn/system/classes/kohana/request/client/internal.php(118): ReflectionMethod->invoke(Object(Controller_Novel))
#5 /var/www/html/www.igmoo.cn/system/classes/kohana/request/client.php(64): Kohana_Request_Client_Internal->execute_request(Object(Request))
#6 /var/www/html/www.igmoo.cn/system/classes/kohana/request.php(1136): Kohana_Request_Client->execute(Object(Request))
#7 /var/www/html/www.igmoo.cn/public/index.php(118): Kohana_Request->execute()
#8 {main}; referer:
2015-05-23 20:19:08 uri:/novel/more?category=50113&search=2_%E6%AD%A6%E4%BE%A0%E4%BB%99%E4%BE%A0; code:error; msg:SQLSTATE[42S22]: Column not found: 1054 Unknown column 'novel_tags_s' in 'where clause'-exception 'PDOException' with message 'SQLSTATE[42S22]: Column not found: 1054 Unknown column 'novel_tags_s' in 'where clause'' in /var/www/html/www.igmoo.cn/modules/web/classes/zpdo/natural.php:110
Stack trace:
#0 /var/www/html/www.igmoo.cn/modules/web/classes/zpdo/natural.php(110): PDOStatement->execute()
#1 /var/www/html/www.igmoo.cn/application/classes/model/novel.php(150): Zpdo_Natural->get_all('select * from I...')
#2 /var/www/html/www.igmoo.cn/application/classes/controller/novel.php(102): Model_Novel->get_novellist_for_search(1, 40, '`category_id` =...')
#3 [internal function]: Controller_Novel->action_more()
#4 /var/www/html/www.igmoo.cn/system/classes/kohana/request/client/internal.php(118): ReflectionMethod->invoke(Object(Controller_Novel))
#5 /var/www/html/www.igmoo.cn/system/classes/kohana/request/client.php(64): Kohana_Request_Client_Internal->execute_request(Object(Request))
#6 /var/www/html/www.igmoo.cn/system/classes/kohana/request.php(1136): Kohana_Request_Client->execute(Object(Request))
#7 /var/www/html/www.igmoo.cn/public/index.php(118): Kohana_Request->execute()
#8 {main}; referer:
2015-05-23 20:19:19 uri:/novel/more?category=50114&search=1_%E5%B7%B2%E5%87%BA%E7%89%88; code:error; msg:SQLSTATE[42S22]: Column not found: 1054 Unknown column 'novel_tags_s' in 'where clause'-exception 'PDOException' with message 'SQLSTATE[42S22]: Column not found: 1054 Unknown column 'novel_tags_s' in 'where clause'' in /var/www/html/www.igmoo.cn/modules/web/classes/zpdo/natural.php:110
Stack trace:
#0 /var/www/html/www.igmoo.cn/modules/web/classes/zpdo/natural.php(110): PDOStatement->execute()
#1 /var/www/html/www.igmoo.cn/application/classes/model/novel.php(150): Zpdo_Natural->get_all('select * from I...')
#2 /var/www/html/www.igmoo.cn/application/classes/controller/novel.php(102): Model_Novel->get_novellist_for_search(1, 40, '`category_id` =...')
#3 [internal function]: Controller_Novel->action_more()
#4 /var/www/html/www.igmoo.cn/system/classes/kohana/request/client/internal.php(118): ReflectionMethod->invoke(Object(Controller_Novel))
#5 /var/www/html/www.igmoo.cn/system/classes/kohana/request/client.php(64): Kohana_Request_Client_Internal->execute_request(Object(Request))
#6 /var/www/html/www.igmoo.cn/system/classes/kohana/request.php(1136): Kohana_Request_Client->execute(Object(Request))
#7 /var/www/html/www.igmoo.cn/public/index.php(118): Kohana_Request->execute()
#8 {main}; referer:
2015-05-23 20:19:21 uri:/novel/more?category=50111&search=2_%E7%94%9F%E6%B4%BB; code:error; msg:SQLSTATE[42S22]: Column not found: 1054 Unknown column 'novel_tags_s' in 'where clause'-exception 'PDOException' with message 'SQLSTATE[42S22]: Column not found: 1054 Unknown column 'novel_tags_s' in 'where clause'' in /var/www/html/www.igmoo.cn/modules/web/classes/zpdo/natural.php:110
Stack trace:
#0 /var/www/html/www.igmoo.cn/modules/web/classes/zpdo/natural.php(110): PDOStatement->execute()
#1 /var/www/html/www.igmoo.cn/application/classes/model/novel.php(150): Zpdo_Natural->get_all('select * from I...')
#2 /var/www/html/www.igmoo.cn/application/classes/controller/novel.php(102): Model_Novel->get_novellist_for_search(1, 40, '`category_id` =...')
#3 [internal function]: Controller_Novel->action_more()
#4 /var/www/html/www.igmoo.cn/system/classes/kohana/request/client/internal.php(118): ReflectionMethod->invoke(Object(Controller_Novel))
#5 /var/www/html/www.igmoo.cn/system/classes/kohana/request/client.php(64): Kohana_Request_Client_Internal->execute_request(Object(Request))
#6 /var/www/html/www.igmoo.cn/system/classes/kohana/request.php(1136): Kohana_Request_Client->execute(Object(Request))
#7 /var/www/html/www.igmoo.cn/public/index.php(118): Kohana_Request->execute()
#8 {main}; referer:
2015-05-23 20:19:38 uri:/novel/more?category=50113&search=0_%E5%B0%91%E5%B9%B4%E6%BC%AB%E7%94%BB; code:error; msg:SQLSTATE[42S22]: Column not found: 1054 Unknown column 'novel_tags_s' in 'where clause'-exception 'PDOException' with message 'SQLSTATE[42S22]: Column not found: 1054 Unknown column 'novel_tags_s' in 'where clause'' in /var/www/html/www.igmoo.cn/modules/web/classes/zpdo/natural.php:110
Stack trace:
#0 /var/www/html/www.igmoo.cn/modules/web/classes/zpdo/natural.php(110): PDOStatement->execute()
#1 /var/www/html/www.igmoo.cn/application/classes/model/novel.php(150): Zpdo_Natural->get_all('select * from I...')
#2 /var/www/html/www.igmoo.cn/application/classes/controller/novel.php(102): Model_Novel->get_novellist_for_search(1, 40, '`category_id` =...')
#3 [internal function]: Controller_Novel->action_more()
#4 /var/www/html/www.igmoo.cn/system/classes/kohana/request/client/internal.php(118): ReflectionMethod->invoke(Object(Controller_Novel))
#5 /var/www/html/www.igmoo.cn/system/classes/kohana/request/client.php(64): Kohana_Request_Client_Internal->execute_request(Object(Request))
#6 /var/www/html/www.igmoo.cn/system/classes/kohana/request.php(1136): Kohana_Request_Client->execute(Object(Request))
#7 /var/www/html/www.igmoo.cn/public/index.php(118): Kohana_Request->execute()
#8 {main}; referer:
2015-05-23 20:19:49 uri:/novel/more?category=50111&search=0_%E5%8F%A4%E8%A8%80%E7%A9%BF%E8%B6%8A; code:error; msg:SQLSTATE[42S22]: Column not found: 1054 Unknown column 'novel_tags_s' in 'where clause'-exception 'PDOException' with message 'SQLSTATE[42S22]: Column not found: 1054 Unknown column 'novel_tags_s' in 'where clause'' in /var/www/html/www.igmoo.cn/modules/web/classes/zpdo/natural.php:110
Stack trace:
#0 /var/www/html/www.igmoo.cn/modules/web/classes/zpdo/natural.php(110): PDOStatement->execute()
#1 /var/www/html/www.igmoo.cn/application/classes/model/novel.php(150): Zpdo_Natural->get_all('select * from I...')
#2 /var/www/html/www.igmoo.cn/application/classes/controller/novel.php(102): Model_Novel->get_novellist_for_search(1, 40, '`category_id` =...')
#3 [internal function]: Controller_Novel->action_more()
#4 /var/www/html/www.igmoo.cn/system/classes/kohana/request/client/internal.php(118): ReflectionMethod->invoke(Object(Controller_Novel))
#5 /var/www/html/www.igmoo.cn/system/classes/kohana/request/client.php(64): Kohana_Request_Client_Internal->execute_request(Object(Request))
#6 /var/www/html/www.igmoo.cn/system/classes/kohana/request.php(1136): Kohana_Request_Client->execute(Object(Request))
#7 /var/www/html/www.igmoo.cn/public/index.php(118): Kohana_Request->execute()
#8 {main}; referer:
2015-05-23 20:20:00 uri:/novel/more?category=50113&search=2_%E6%B8%B8%E6%88%8F%E7%9B%8A%E6%99%BA; code:error; msg:SQLSTATE[42S22]: Column not found: 1054 Unknown column 'novel_tags_s' in 'where clause'-exception 'PDOException' with message 'SQLSTATE[42S22]: Column not found: 1054 Unknown column 'novel_tags_s' in 'where clause'' in /var/www/html/www.igmoo.cn/modules/web/classes/zpdo/natural.php:110
Stack trace:
#0 /var/www/html/www.igmoo.cn/modules/web/classes/zpdo/natural.php(110): PDOStatement->execute()
#1 /var/www/html/www.igmoo.cn/application/classes/model/novel.php(150): Zpdo_Natural->get_all('select * from I...')
#2 /var/www/html/www.igmoo.cn/application/classes/controller/novel.php(102): Model_Novel->get_novellist_for_search(1, 40, '`category_id` =...')
#3 [internal function]: Controller_Novel->action_more()
#4 /var/www/html/www.igmoo.cn/system/classes/kohana/request/client/internal.php(118): ReflectionMethod->invoke(Object(Controller_Novel))
#5 /var/www/html/www.igmoo.cn/system/classes/kohana/request/client.php(64): Kohana_Request_Client_Internal->execute_request(Object(Request))
#6 /var/www/html/www.igmoo.cn/system/classes/kohana/request.php(1136): Kohana_Request_Client->execute(Object(Request))
#7 /var/www/html/www.igmoo.cn/public/index.php(118): Kohana_Request->execute()
#8 {main}; referer:
2015-05-23 20:20:32 uri:/novel/more?category=50111&search=2_%E7%A5%9E%E8%AF%9D; code:error; msg:SQLSTATE[42S22]: Column not found: 1054 Unknown column 'novel_tags_s' in 'where clause'-exception 'PDOException' with message 'SQLSTATE[42S22]: Column not found: 1054 Unknown column 'novel_tags_s' in 'where clause'' in /var/www/html/www.igmoo.cn/modules/web/classes/zpdo/natural.php:110
Stack trace:
#0 /var/www/html/www.igmoo.cn/modules/web/classes/zpdo/natural.php(110): PDOStatement->execute()
#1 /var/www/html/www.igmoo.cn/application/classes/model/novel.php(150): Zpdo_Natural->get_all('select * from I...')
#2 /var/www/html/www.igmoo.cn/application/classes/controller/novel.php(102): Model_Novel->get_novellist_for_search(1, 40, '`category_id` =...')
#3 [internal function]: Controller_Novel->action_more()
#4 /var/www/html/www.igmoo.cn/system/classes/kohana/request/client/internal.php(118): ReflectionMethod->invoke(Object(Controller_Novel))
#5 /var/www/html/www.igmoo.cn/system/classes/kohana/request/client.php(64): Kohana_Request_Client_Internal->execute_request(Object(Request))
#6 /var/www/html/www.igmoo.cn/system/classes/kohana/request.php(1136): Kohana_Request_Client->execute(Object(Request))
#7 /var/www/html/www.igmoo.cn/public/index.php(118): Kohana_Request->execute()
#8 {main}; referer:
2015-05-23 20:25:10 uri:/novel/more?category=50111&search=0_%E5%86%9B%E4%BA%8B%E6%88%98%E4%BA%89; code:error; msg:SQLSTATE[42S22]: Column not found: 1054 Unknown column 'novel_tags_s' in 'where clause'-exception 'PDOException' with message 'SQLSTATE[42S22]: Column not found: 1054 Unknown column 'novel_tags_s' in 'where clause'' in /var/www/html/www.igmoo.cn/modules/web/classes/zpdo/natural.php:110
Stack trace:
#0 /var/www/html/www.igmoo.cn/modules/web/classes/zpdo/natural.php(110): PDOStatement->execute()
#1 /var/www/html/www.igmoo.cn/application/classes/model/novel.php(150): Zpdo_Natural->get_all('select * from I...')
#2 /var/www/html/www.igmoo.cn/application/classes/controller/novel.php(102): Model_Novel->get_novellist_for_search(1, 40, '`category_id` =...')
#3 [internal function]: Controller_Novel->action_more()
#4 /var/www/html/www.igmoo.cn/system/classes/kohana/request/client/internal.php(118): ReflectionMethod->invoke(Object(Controller_Novel))
#5 /var/www/html/www.igmoo.cn/system/classes/kohana/request/client.php(64): Kohana_Request_Client_Internal->execute_request(Object(Request))
#6 /var/www/html/www.igmoo.cn/system/classes/kohana/request.php(1136): Kohana_Request_Client->execute(Object(Request))
#7 /var/www/html/www.igmoo.cn/public/index.php(118): Kohana_Request->execute()
#8 {main}; referer:
2015-05-23 20:25:11 uri:/novel/more?category=50111&search=1_%E5%B7%B2%E5%87%BA%E7%89%88; code:error; msg:SQLSTATE[42S22]: Column not found: 1054 Unknown column 'novel_tags_s' in 'where clause'-exception 'PDOException' with message 'SQLSTATE[42S22]: Column not found: 1054 Unknown column 'novel_tags_s' in 'where clause'' in /var/www/html/www.igmoo.cn/modules/web/classes/zpdo/natural.php:110
Stack trace:
#0 /var/www/html/www.igmoo.cn/modules/web/classes/zpdo/natural.php(110): PDOStatement->execute()
#1 /var/www/html/www.igmoo.cn/application/classes/model/novel.php(150): Zpdo_Natural->get_all('select * from I...')
#2 /var/www/html/www.igmoo.cn/application/classes/controller/novel.php(102): Model_Novel->get_novellist_for_search(1, 40, '`category_id` =...')
#3 [internal function]: Controller_Novel->action_more()
#4 /var/www/html/www.igmoo.cn/system/classes/kohana/request/client/internal.php(118): ReflectionMethod->invoke(Object(Controller_Novel))
#5 /var/www/html/www.igmoo.cn/system/classes/kohana/request/client.php(64): Kohana_Request_Client_Internal->execute_request(Object(Request))
#6 /var/www/html/www.igmoo.cn/system/classes/kohana/request.php(1136): Kohana_Request_Client->execute(Object(Request))
#7 /var/www/html/www.igmoo.cn/public/index.php(118): Kohana_Request->execute()
#8 {main}; referer:
2015-05-23 20:26:00 uri:/novel/more?category=50113&search=0_%E5%84%BF%E7%AB%A5%E6%BC%AB%E7%94%BB; code:error; msg:SQLSTATE[42S22]: Column not found: 1054 Unknown column 'novel_tags_s' in 'where clause'-exception 'PDOException' with message 'SQLSTATE[42S22]: Column not found: 1054 Unknown column 'novel_tags_s' in 'where clause'' in /var/www/html/www.igmoo.cn/modules/web/classes/zpdo/natural.php:110
Stack trace:
#0 /var/www/html/www.igmoo.cn/modules/web/classes/zpdo/natural.php(110): PDOStatement->execute()
#1 /var/www/html/www.igmoo.cn/application/classes/model/novel.php(150): Zpdo_Natural->get_all('select * from I...')
#2 /var/www/html/www.igmoo.cn/application/classes/controller/novel.php(102): Model_Novel->get_novellist_for_search(1, 40, '`category_id` =...')
#3 [internal function]: Controller_Novel->action_more()
#4 /var/www/html/www.igmoo.cn/system/classes/kohana/request/client/internal.php(118): ReflectionMethod->invoke(Object(Controller_Novel))
#5 /var/www/html/www.igmoo.cn/system/classes/kohana/request/client.php(64): Kohana_Request_Client_Internal->execute_request(Object(Request))
#6 /var/www/html/www.igmoo.cn/system/classes/kohana/request.php(1136): Kohana_Request_Client->execute(Object(Request))
#7 /var/www/html/www.igmoo.cn/public/index.php(118): Kohana_Request->execute()
#8 {main}; referer:
2015-05-23 20:26:04 uri:/novel/more?category=50113&search=2_%E6%A0%A1%E5%9B%AD%E6%88%90%E9%95%BF; code:error; msg:SQLSTATE[42S22]: Column not found: 1054 Unknown column 'novel_tags_s' in 'where clause'-exception 'PDOException' with message 'SQLSTATE[42S22]: Column not found: 1054 Unknown column 'novel_tags_s' in 'where clause'' in /var/www/html/www.igmoo.cn/modules/web/classes/zpdo/natural.php:110
Stack trace:
#0 /var/www/html/www.igmoo.cn/modules/web/classes/zpdo/natural.php(110): PDOStatement->execute()
#1 /var/www/html/www.igmoo.cn/application/classes/model/novel.php(150): Zpdo_Natural->get_all('select * from I...')
#2 /var/www/html/www.igmoo.cn/application/classes/controller/novel.php(102): Model_Novel->get_novellist_for_search(1, 40, '`category_id` =...')
#3 [internal function]: Controller_Novel->action_more()
#4 /var/www/html/www.igmoo.cn/system/classes/kohana/request/client/internal.php(118): ReflectionMethod->invoke(Object(Controller_Novel))
#5 /var/www/html/www.igmoo.cn/system/classes/kohana/request/client.php(64): Kohana_Request_Client_Internal->execute_request(Object(Request))
#6 /var/www/html/www.igmoo.cn/system/classes/kohana/request.php(1136): Kohana_Request_Client->execute(Object(Request))
#7 /var/www/html/www.igmoo.cn/public/index.php(118): Kohana_Request->execute()
#8 {main}; referer:
2015-05-23 20:26:04 uri:/novel/more?category=50111&search=3_%E6%9A%97%E9%BB%91; code:error; msg:SQLSTATE[42S22]: Column not found: 1054 Unknown column 'novel_tags_s' in 'where clause'-exception 'PDOException' with message 'SQLSTATE[42S22]: Column not found: 1054 Unknown column 'novel_tags_s' in 'where clause'' in /var/www/html/www.igmoo.cn/modules/web/classes/zpdo/natural.php:110
Stack trace:
#0 /var/www/html/www.igmoo.cn/modules/web/classes/zpdo/natural.php(110): PDOStatement->execute()
#1 /var/www/html/www.igmoo.cn/application/classes/model/novel.php(150): Zpdo_Natural->get_all('select * from I...')
#2 /var/www/html/www.igmoo.cn/application/classes/controller/novel.php(102): Model_Novel->get_novellist_for_search(1, 40, '`category_id` =...')
#3 [internal function]: Controller_Novel->action_more()
#4 /var/www/html/www.igmoo.cn/system/classes/kohana/request/client/internal.php(118): ReflectionMethod->invoke(Object(Controller_Novel))
#5 /var/www/html/www.igmoo.cn/system/classes/kohana/request/client.php(64): Kohana_Request_Client_Internal->execute_request(Object(Request))
#6 /var/www/html/www.igmoo.cn/system/classes/kohana/request.php(1136): Kohana_Request_Client->execute(Object(Request))
#7 /var/www/html/www.igmoo.cn/public/index.php(118): Kohana_Request->execute()
#8 {main}; referer:
2015-05-23 20:26:24 uri:/novel/more?category=50114&search=0_%E6%94%BF%E6%B2%BB%E5%86%9B%E4%BA%8B; code:error; msg:SQLSTATE[42S22]: Column not found: 1054 Unknown column 'novel_tags_s' in 'where clause'-exception 'PDOException' with message 'SQLSTATE[42S22]: Column not found: 1054 Unknown column 'novel_tags_s' in 'where clause'' in /var/www/html/www.igmoo.cn/modules/web/classes/zpdo/natural.php:110
Stack trace:
#0 /var/www/html/www.igmoo.cn/modules/web/classes/zpdo/natural.php(110): PDOStatement->execute()
#1 /var/www/html/www.igmoo.cn/application/classes/model/novel.php(150): Zpdo_Natural->get_all('select * from I...')
#2 /var/www/html/www.igmoo.cn/application/classes/controller/novel.php(102): Model_Novel->get_novellist_for_search(1, 40, '`category_id` =...')
#3 [internal function]: Controller_Novel->action_more()
#4 /var/www/html/www.igmoo.cn/system/classes/kohana/request/client/internal.php(118): ReflectionMethod->invoke(Object(Controller_Novel))
#5 /var/www/html/www.igmoo.cn/system/classes/kohana/request/client.php(64): Kohana_Request_Client_Internal->execute_request(Object(Request))
#6 /var/www/html/www.igmoo.cn/system/classes/kohana/request.php(1136): Kohana_Request_Client->execute(Object(Request))
#7 /var/www/html/www.igmoo.cn/public/index.php(118): Kohana_Request->execute()
#8 {main}; referer:
2015-05-23 20:26:26 uri:/novel/more?category=50111&search=0_%E7%BB%BC%E5%90%88%E5%85%B6%E4%BB%96; code:error; msg:SQLSTATE[42S22]: Column not found: 1054 Unknown column 'novel_tags_s' in 'where clause'-exception 'PDOException' with message 'SQLSTATE[42S22]: Column not found: 1054 Unknown column 'novel_tags_s' in 'where clause'' in /var/www/html/www.igmoo.cn/modules/web/classes/zpdo/natural.php:110
Stack trace:
#0 /var/www/html/www.igmoo.cn/modules/web/classes/zpdo/natural.php(110): PDOStatement->execute()
#1 /var/www/html/www.igmoo.cn/application/classes/model/novel.php(150): Zpdo_Natural->get_all('select * from I...')
#2 /var/www/html/www.igmoo.cn/application/classes/controller/novel.php(102): Model_Novel->get_novellist_for_search(1, 40, '`category_id` =...')
#3 [internal function]: Controller_Novel->action_more()
#4 /var/www/html/www.igmoo.cn/system/classes/kohana/request/client/internal.php(118): ReflectionMethod->invoke(Object(Controller_Novel))
#5 /var/www/html/www.igmoo.cn/system/classes/kohana/request/client.php(64): Kohana_Request_Client_Internal->execute_request(Object(Request))
#6 /var/www/html/www.igmoo.cn/system/classes/kohana/request.php(1136): Kohana_Request_Client->execute(Object(Request))
#7 /var/www/html/www.igmoo.cn/public/index.php(118): Kohana_Request->execute()
#8 {main}; referer:
2015-05-23 20:26:27 uri:/novel/more?category=50111&search=2_%E5%86%9B%E4%BA%8B; code:error; msg:SQLSTATE[42S22]: Column not found: 1054 Unknown column 'novel_tags_s' in 'where clause'-exception 'PDOException' with message 'SQLSTATE[42S22]: Column not found: 1054 Unknown column 'novel_tags_s' in 'where clause'' in /var/www/html/www.igmoo.cn/modules/web/classes/zpdo/natural.php:110
Stack trace:
#0 /var/www/html/www.igmoo.cn/modules/web/classes/zpdo/natural.php(110): PDOStatement->execute()
#1 /var/www/html/www.igmoo.cn/application/classes/model/novel.php(150): Zpdo_Natural->get_all('select * from I...')
#2 /var/www/html/www.igmoo.cn/application/classes/controller/novel.php(102): Model_Novel->get_novellist_for_search(1, 40, '`category_id` =...')
#3 [internal function]: Controller_Novel->action_more()
#4 /var/www/html/www.igmoo.cn/system/classes/kohana/request/client/internal.php(118): ReflectionMethod->invoke(Object(Controller_Novel))
#5 /var/www/html/www.igmoo.cn/system/classes/kohana/request/client.php(64): Kohana_Request_Client_Internal->execute_request(Object(Request))
#6 /var/www/html/www.igmoo.cn/system/classes/kohana/request.php(1136): Kohana_Request_Client->execute(Object(Request))
#7 /var/www/html/www.igmoo.cn/public/index.php(118): Kohana_Request->execute()
#8 {main}; referer:
2015-05-23 20:26:29 uri:/novel/more?category=50113&search=2_%E4%BA%B2%E5%AD%90%E6%95%99%E8%82%B2; code:error; msg:SQLSTATE[42S22]: Column not found: 1054 Unknown column 'novel_tags_s' in 'where clause'-exception 'PDOException' with message 'SQLSTATE[42S22]: Column not found: 1054 Unknown column 'novel_tags_s' in 'where clause'' in /var/www/html/www.igmoo.cn/modules/web/classes/zpdo/natural.php:110
Stack trace:
#0 /var/www/html/www.igmoo.cn/modules/web/classes/zpdo/natural.php(110): PDOStatement->execute()
#1 /var/www/html/www.igmoo.cn/application/classes/model/novel.php(150): Zpdo_Natural->get_all('select * from I...')
#2 /var/www/html/www.igmoo.cn/application/classes/controller/novel.php(102): Model_Novel->get_novellist_for_search(1, 40, '`category_id` =...')
#3 [internal function]: Controller_Novel->action_more()
#4 /var/www/html/www.igmoo.cn/system/classes/kohana/request/client/internal.php(118): ReflectionMethod->invoke(Object(Controller_Novel))
#5 /var/www/html/www.igmoo.cn/system/classes/kohana/request/client.php(64): Kohana_Request_Client_Internal->execute_request(Object(Request))
#6 /var/www/html/www.igmoo.cn/system/classes/kohana/request.php(1136): Kohana_Request_Client->execute(Object(Request))
#7 /var/www/html/www.igmoo.cn/public/index.php(118): Kohana_Request->execute()
#8 {main}; referer:
2015-05-23 20:26:29 uri:/novel/more?category=50111&search=2_%E6%83%8A%E6%82%9A; code:error; msg:SQLSTATE[42S22]: Column not found: 1054 Unknown column 'novel_tags_s' in 'where clause'-exception 'PDOException' with message 'SQLSTATE[42S22]: Column not found: 1054 Unknown column 'novel_tags_s' in 'where clause'' in /var/www/html/www.igmoo.cn/modules/web/classes/zpdo/natural.php:110
Stack trace:
#0 /var/www/html/www.igmoo.cn/modules/web/classes/zpdo/natural.php(110): PDOStatement->execute()
#1 /var/www/html/www.igmoo.cn/application/classes/model/novel.php(150): Zpdo_Natural->get_all('select * from I...')
#2 /var/www/html/www.igmoo.cn/application/classes/controller/novel.php(102): Model_Novel->get_novellist_for_search(1, 40, '`category_id` =...')
#3 [internal function]: Controller_Novel->action_more()
#4 /var/www/html/www.igmoo.cn/system/classes/kohana/request/client/internal.php(118): ReflectionMethod->invoke(Object(Controller_Novel))
#5 /var/www/html/www.igmoo.cn/system/classes/kohana/request/client.php(64): Kohana_Request_Client_Internal->execute_request(Object(Request))
#6 /var/www/html/www.igmoo.cn/system/classes/kohana/request.php(1136): Kohana_Request_Client->execute(Object(Request))
#7 /var/www/html/www.igmoo.cn/public/index.php(118): Kohana_Request->execute()
#8 {main}; referer:
2015-05-23 21:07:58 uri:/team/contact; code:404; msg:The requested URL team/contact was not found on this server.-HTTP_Exception_404 [ 404 ]: The requested URL team/contact was not found on this server. ~ SYSPATH/classes/kohana/request/client/internal.php [ 87 ]; referer:
2015-05-23 21:08:00 uri:/robots.txt; code:404; msg:Unable to find a route to match the URI: robots.txt-HTTP_Exception_404 [ 404 ]: Unable to find a route to match the URI: robots.txt ~ SYSPATH/classes/kohana/request.php [ 1124 ]; referer:
2015-05-23 21:44:03 uri:/robots.txt; code:404; msg:Unable to find a route to match the URI: robots.txt-HTTP_Exception_404 [ 404 ]: Unable to find a route to match the URI: robots.txt ~ SYSPATH/classes/kohana/request.php [ 1124 ]; referer:
2015-05-23 21:44:06 uri:/detail/1ki; code:404; msg:The requested URL detail/1ki was not found on this server.-HTTP_Exception_404 [ 404 ]: The requested URL detail/1ki was not found on this server. ~ SYSPATH/classes/kohana/request/client/internal.php [ 87 ]; referer:
2015-05-23 21:44:18 uri:/team/about; code:404; msg:The requested URL team/about was not found on this server.-HTTP_Exception_404 [ 404 ]: The requested URL team/about was not found on this server. ~ SYSPATH/classes/kohana/request/client/internal.php [ 87 ]; referer:
2015-05-23 23:22:11 uri:/robots.txt; code:404; msg:Unable to find a route to match the URI: robots.txt-HTTP_Exception_404 [ 404 ]: Unable to find a route to match the URI: robots.txt ~ SYSPATH/classes/kohana/request.php [ 1124 ]; referer:
