2015-05-11 00:10:32 uri:/webscan38502863.txt; code:404; msg:Unable to find a route to match the URI: webscan38502863.txt-HTTP_Exception_404 [ 404 ]: Unable to find a route to match the URI: webscan38502863.txt ~ SYSPATH/classes/kohana/request.php [ 1124 ]; referer:http://121.40.211.61/
2015-05-11 00:10:33 uri:/webscan38502863.txt; code:404; msg:Unable to find a route to match the URI: webscan38502863.txt-HTTP_Exception_404 [ 404 ]: Unable to find a route to match the URI: webscan38502863.txt ~ SYSPATH/classes/kohana/request.php [ 1124 ]; referer:http://121.40.211.61/
2015-05-11 03:13:31 uri:/team/contact; code:404; msg:The requested URL team/contact was not found on this server.-HTTP_Exception_404 [ 404 ]: The requested URL team/contact was not found on this server. ~ SYSPATH/classes/kohana/request/client/internal.php [ 87 ]; referer:http://www.xgomo.com/team/contact
2015-05-11 06:32:38 uri:/2222; code:404; msg:The requested URL 2222 was not found on this server.-HTTP_Exception_404 [ 404 ]: The requested URL 2222 was not found on this server. ~ SYSPATH/classes/kohana/request/client/internal.php [ 87 ]; referer:
2015-05-11 06:38:54 uri:/index.action; code:404; msg:Unable to find a route to match the URI: index.action-HTTP_Exception_404 [ 404 ]: Unable to find a route to match the URI: index.action ~ SYSPATH/classes/kohana/request.php [ 1124 ]; referer:
2015-05-11 06:38:54 uri:/login.jsp; code:404; msg:Unable to find a route to match the URI: login.jsp-HTTP_Exception_404 [ 404 ]: Unable to find a route to match the URI: login.jsp ~ SYSPATH/classes/kohana/request.php [ 1124 ]; referer:
2015-05-11 06:38:54 uri:/login.do; code:404; msg:Unable to find a route to match the URI: login.do-HTTP_Exception_404 [ 404 ]: Unable to find a route to match the URI: login.do ~ SYSPATH/classes/kohana/request.php [ 1124 ]; referer:
2015-05-11 06:38:54 uri:/licenseUpload.jsp; code:404; msg:Unable to find a route to match the URI: licenseUpload.jsp-HTTP_Exception_404 [ 404 ]: Unable to find a route to match the URI: licenseUpload.jsp ~ SYSPATH/classes/kohana/request.php [ 1124 ]; referer:
2015-05-11 06:38:54 uri:/login!ajaxLogin.action; code:404; msg:Unable to find a route to match the URI: login!ajaxLogin.action-HTTP_Exception_404 [ 404 ]: Unable to find a route to match the URI: login!ajaxLogin.action ~ SYSPATH/classes/kohana/request.php [ 1124 ]; referer:
2015-05-11 06:38:54 uri:/index!gotoHomePage.action; code:404; msg:Unable to find a route to match the URI: index!gotoHomePage.action-HTTP_Exception_404 [ 404 ]: Unable to find a route to match the URI: index!gotoHomePage.action ~ SYSPATH/classes/kohana/request.php [ 1124 ]; referer:
2015-05-11 06:38:54 uri:/loginPageOperate!downLoad.action; code:404; msg:Unable to find a route to match the URI: loginPageOperate!downLoad.action-HTTP_Exception_404 [ 404 ]: Unable to find a route to match the URI: loginPageOperate!downLoad.action ~ SYSPATH/classes/kohana/request.php [ 1124 ]; referer:
2015-05-11 06:38:54 uri:/window.location; code:404; msg:Unable to find a route to match the URI: window.location-HTTP_Exception_404 [ 404 ]: Unable to find a route to match the URI: window.location ~ SYSPATH/classes/kohana/request.php [ 1124 ]; referer:
2015-05-11 06:38:54 uri:/admin/index.action; code:404; msg:Unable to find a route to match the URI: admin/index.action-HTTP_Exception_404 [ 404 ]: Unable to find a route to match the URI: admin/index.action ~ SYSPATH/classes/kohana/request.php [ 1124 ]; referer:
2015-05-11 06:38:54 uri:/index!OAIndex.action; code:404; msg:Unable to find a route to match the URI: index!OAIndex.action-HTTP_Exception_404 [ 404 ]: Unable to find a route to match the URI: index!OAIndex.action ~ SYSPATH/classes/kohana/request.php [ 1124 ]; referer:
2015-05-11 06:38:54 uri:/userInfoAction.action; code:404; msg:Unable to find a route to match the URI: userInfoAction.action-HTTP_Exception_404 [ 404 ]: Unable to find a route to match the URI: userInfoAction.action ~ SYSPATH/classes/kohana/request.php [ 1124 ]; referer:
2015-05-11 06:38:54 uri:/userInfoAction!saveUserInfo.action; code:404; msg:Unable to find a route to match the URI: userInfoAction!saveUserInfo.action-HTTP_Exception_404 [ 404 ]: Unable to find a route to match the URI: userInfoAction!saveUserInfo.action ~ SYSPATH/classes/kohana/request.php [ 1124 ]; referer:
2015-05-11 06:38:54 uri:/userAction_loginUI.action; code:404; msg:Unable to find a route to match the URI: userAction_loginUI.action-HTTP_Exception_404 [ 404 ]: Unable to find a route to match the URI: userAction_loginUI.action ~ SYSPATH/classes/kohana/request.php [ 1124 ]; referer:
2015-05-11 06:38:54 uri:/unAuthorizedAccess.action; code:404; msg:Unable to find a route to match the URI: unAuthorizedAccess.action-HTTP_Exception_404 [ 404 ]: Unable to find a route to match the URI: unAuthorizedAccess.action ~ SYSPATH/classes/kohana/request.php [ 1124 ]; referer:
2015-05-11 06:51:12 uri:/123; code:404; msg:The requested URL 123 was not found on this server.-HTTP_Exception_404 [ 404 ]: The requested URL 123 was not found on this server. ~ SYSPATH/classes/kohana/request/client/internal.php [ 87 ]; referer:
2015-05-11 06:51:17 uri:/team/contact; code:404; msg:The requested URL team/contact was not found on this server.-HTTP_Exception_404 [ 404 ]: The requested URL team/contact was not found on this server. ~ SYSPATH/classes/kohana/request/client/internal.php [ 87 ]; referer:
2015-05-11 06:53:13 uri:/team/about; code:404; msg:The requested URL team/about was not found on this server.-HTTP_Exception_404 [ 404 ]: The requested URL team/about was not found on this server. ~ SYSPATH/classes/kohana/request/client/internal.php [ 87 ]; referer:
2015-05-11 07:07:21 uri:/detail/1ki; code:404; msg:The requested URL detail/1ki was not found on this server.-HTTP_Exception_404 [ 404 ]: The requested URL detail/1ki was not found on this server. ~ SYSPATH/classes/kohana/request/client/internal.php [ 87 ]; referer:
2015-05-11 08:57:56 uri:/123456666; code:404; msg:The requested URL 123456666 was not found on this server.-HTTP_Exception_404 [ 404 ]: The requested URL 123456666 was not found on this server. ~ SYSPATH/classes/kohana/request/client/internal.php [ 87 ]; referer:http://www.xgomo.com/equipment
2015-05-11 08:58:07 uri:/123456666; code:404; msg:The requested URL 123456666 was not found on this server.-HTTP_Exception_404 [ 404 ]: The requested URL 123456666 was not found on this server. ~ SYSPATH/classes/kohana/request/client/internal.php [ 87 ]; referer:http://www.xgomo.com/equipment
2015-05-11 08:58:19 uri:/123456666; code:404; msg:The requested URL 123456666 was not found on this server.-HTTP_Exception_404 [ 404 ]: The requested URL 123456666 was not found on this server. ~ SYSPATH/classes/kohana/request/client/internal.php [ 87 ]; referer:http://www.xgomo.com/equipment
2015-05-11 08:58:28 uri:/123456666; code:404; msg:The requested URL 123456666 was not found on this server.-HTTP_Exception_404 [ 404 ]: The requested URL 123456666 was not found on this server. ~ SYSPATH/classes/kohana/request/client/internal.php [ 87 ]; referer:http://www.xgomo.com/equipment
2015-05-11 08:59:36 uri:/123456666; code:404; msg:The requested URL 123456666 was not found on this server.-HTTP_Exception_404 [ 404 ]: The requested URL 123456666 was not found on this server. ~ SYSPATH/classes/kohana/request/client/internal.php [ 87 ]; referer:http://www.xgomo.com/equipment
2015-05-11 09:04:34 uri:/123456666; code:404; msg:The requested URL 123456666 was not found on this server.-HTTP_Exception_404 [ 404 ]: The requested URL 123456666 was not found on this server. ~ SYSPATH/classes/kohana/request/client/internal.php [ 87 ]; referer:http://www.xgomo.com/equipment
2015-05-11 09:21:23 uri:/123456666; code:404; msg:The requested URL 123456666 was not found on this server.-HTTP_Exception_404 [ 404 ]: The requested URL 123456666 was not found on this server. ~ SYSPATH/classes/kohana/request/client/internal.php [ 87 ]; referer:http://www.xgomo.com/equipment
2015-05-11 10:25:41 uri:/123456666; code:404; msg:The requested URL 123456666 was not found on this server.-HTTP_Exception_404 [ 404 ]: The requested URL 123456666 was not found on this server. ~ SYSPATH/classes/kohana/request/client/internal.php [ 87 ]; referer:http://www.xgomo.com/equipment
2015-05-11 10:34:49 uri:/team/about; code:404; msg:The requested URL team/about was not found on this server.-HTTP_Exception_404 [ 404 ]: The requested URL team/about was not found on this server. ~ SYSPATH/classes/kohana/request/client/internal.php [ 87 ]; referer:http://www.xgomo.com/item?itemid=19ii
2015-05-11 10:34:53 uri:/team/about; code:404; msg:The requested URL team/about was not found on this server.-HTTP_Exception_404 [ 404 ]: The requested URL team/about was not found on this server. ~ SYSPATH/classes/kohana/request/client/internal.php [ 87 ]; referer:http://www.xgomo.com/item?itemid=19ii
2015-05-11 10:39:47 uri:/123456666; code:404; msg:The requested URL 123456666 was not found on this server.-HTTP_Exception_404 [ 404 ]: The requested URL 123456666 was not found on this server. ~ SYSPATH/classes/kohana/request/client/internal.php [ 87 ]; referer:http://www.xgomo.com/equipment
2015-05-11 10:41:38 uri:/123456666; code:404; msg:The requested URL 123456666 was not found on this server.-HTTP_Exception_404 [ 404 ]: The requested URL 123456666 was not found on this server. ~ SYSPATH/classes/kohana/request/client/internal.php [ 87 ]; referer:http://www.xgomo.com/equipment
2015-05-11 10:46:50 uri:/123456666; code:404; msg:The requested URL 123456666 was not found on this server.-HTTP_Exception_404 [ 404 ]: The requested URL 123456666 was not found on this server. ~ SYSPATH/classes/kohana/request/client/internal.php [ 87 ]; referer:http://www.xgomo.com/equipment?loc_province=&category=&child_category=
2015-05-11 10:55:07 uri:/123456666; code:404; msg:The requested URL 123456666 was not found on this server.-HTTP_Exception_404 [ 404 ]: The requested URL 123456666 was not found on this server. ~ SYSPATH/classes/kohana/request/client/internal.php [ 87 ]; referer:http://www.xgomo.com/equipment
2015-05-11 11:03:02 uri:/123456666; code:404; msg:The requested URL 123456666 was not found on this server.-HTTP_Exception_404 [ 404 ]: The requested URL 123456666 was not found on this server. ~ SYSPATH/classes/kohana/request/client/internal.php [ 87 ]; referer:http://www.xgomo.com/equipment
2015-05-11 11:03:21 uri:/123456666; code:404; msg:The requested URL 123456666 was not found on this server.-HTTP_Exception_404 [ 404 ]: The requested URL 123456666 was not found on this server. ~ SYSPATH/classes/kohana/request/client/internal.php [ 87 ]; referer:http://www.xgomo.com/equipment
2015-05-11 11:06:18 uri:/123456666; code:404; msg:The requested URL 123456666 was not found on this server.-HTTP_Exception_404 [ 404 ]: The requested URL 123456666 was not found on this server. ~ SYSPATH/classes/kohana/request/client/internal.php [ 87 ]; referer:http://www.xgomo.com/equipment
2015-05-11 11:07:09 uri:/detail/1ki; code:404; msg:The requested URL detail/1ki was not found on this server.-HTTP_Exception_404 [ 404 ]: The requested URL detail/1ki was not found on this server. ~ SYSPATH/classes/kohana/request/client/internal.php [ 87 ]; referer:http://www.xgomo.com/item/list4contr?contrstage=3
2015-05-11 11:07:15 uri:/detail/1ki; code:404; msg:The requested URL detail/1ki was not found on this server.-HTTP_Exception_404 [ 404 ]: The requested URL detail/1ki was not found on this server. ~ SYSPATH/classes/kohana/request/client/internal.php [ 87 ]; referer:http://www.xgomo.com/item/list4contr?contrstage=3
2015-05-11 11:11:39 uri:/123456666; code:404; msg:The requested URL 123456666 was not found on this server.-HTTP_Exception_404 [ 404 ]: The requested URL 123456666 was not found on this server. ~ SYSPATH/classes/kohana/request/client/internal.php [ 87 ]; referer:http://www.xgomo.com/equipment
2015-05-11 11:13:22 uri:/123456666; code:404; msg:The requested URL 123456666 was not found on this server.-HTTP_Exception_404 [ 404 ]: The requested URL 123456666 was not found on this server. ~ SYSPATH/classes/kohana/request/client/internal.php [ 87 ]; referer:http://www.xgomo.com/equipment
2015-05-11 11:14:10 uri:/2222; code:404; msg:The requested URL 2222 was not found on this server.-HTTP_Exception_404 [ 404 ]: The requested URL 2222 was not found on this server. ~ SYSPATH/classes/kohana/request/client/internal.php [ 87 ]; referer:http://www.xgomo.com/equipment?loc_province=3&category=&child_category=
2015-05-11 11:17:55 uri:/123456666; code:404; msg:The requested URL 123456666 was not found on this server.-HTTP_Exception_404 [ 404 ]: The requested URL 123456666 was not found on this server. ~ SYSPATH/classes/kohana/request/client/internal.php [ 87 ]; referer:http://www.xgomo.com/equipment
2015-05-11 11:39:07 uri:/123456666; code:404; msg:The requested URL 123456666 was not found on this server.-HTTP_Exception_404 [ 404 ]: The requested URL 123456666 was not found on this server. ~ SYSPATH/classes/kohana/request/client/internal.php [ 87 ]; referer:
2015-05-11 11:55:03 uri:/2222; code:404; msg:The requested URL 2222 was not found on this server.-HTTP_Exception_404 [ 404 ]: The requested URL 2222 was not found on this server. ~ SYSPATH/classes/kohana/request/client/internal.php [ 87 ]; referer:http://www.xgomo.com/equipment?loc_province=3&category=&child_category=
2015-05-11 12:35:31 uri:/robots.txt; code:404; msg:Unable to find a route to match the URI: robots.txt-HTTP_Exception_404 [ 404 ]: Unable to find a route to match the URI: robots.txt ~ SYSPATH/classes/kohana/request.php [ 1124 ]; referer:http://www.xgomo.com/robots.txt
2015-05-11 12:57:43 uri:/robots.txt; code:404; msg:Unable to find a route to match the URI: robots.txt-HTTP_Exception_404 [ 404 ]: Unable to find a route to match the URI: robots.txt ~ SYSPATH/classes/kohana/request.php [ 1124 ]; referer:
2015-05-11 13:10:16 uri:/111; code:404; msg:The requested URL 111 was not found on this server.-HTTP_Exception_404 [ 404 ]: The requested URL 111 was not found on this server. ~ SYSPATH/classes/kohana/request/client/internal.php [ 87 ]; referer:http://www.xgomo.com/equipment?loc_province=6&category=&child_category=
2015-05-11 13:45:09 uri:/detail/1ki; code:404; msg:The requested URL detail/1ki was not found on this server.-HTTP_Exception_404 [ 404 ]: The requested URL detail/1ki was not found on this server. ~ SYSPATH/classes/kohana/request/client/internal.php [ 87 ]; referer:
2015-05-11 13:47:32 uri:/robots.txt; code:404; msg:Unable to find a route to match the URI: robots.txt-HTTP_Exception_404 [ 404 ]: Unable to find a route to match the URI: robots.txt ~ SYSPATH/classes/kohana/request.php [ 1124 ]; referer:
2015-05-11 13:47:32 uri:/robots.txt; code:404; msg:Unable to find a route to match the URI: robots.txt-HTTP_Exception_404 [ 404 ]: Unable to find a route to match the URI: robots.txt ~ SYSPATH/classes/kohana/request.php [ 1124 ]; referer:
2015-05-11 13:47:33 uri:/robots.txt; code:404; msg:Unable to find a route to match the URI: robots.txt-HTTP_Exception_404 [ 404 ]: Unable to find a route to match the URI: robots.txt ~ SYSPATH/classes/kohana/request.php [ 1124 ]; referer:
2015-05-11 13:52:48 uri:/team/contact; code:404; msg:The requested URL team/contact was not found on this server.-HTTP_Exception_404 [ 404 ]: The requested URL team/contact was not found on this server. ~ SYSPATH/classes/kohana/request/client/internal.php [ 87 ]; referer:
2015-05-11 14:02:22 uri:/team/about; code:404; msg:The requested URL team/about was not found on this server.-HTTP_Exception_404 [ 404 ]: The requested URL team/about was not found on this server. ~ SYSPATH/classes/kohana/request/client/internal.php [ 87 ]; referer:
2015-05-11 14:06:17 uri:/robots.txt; code:404; msg:Unable to find a route to match the URI: robots.txt-HTTP_Exception_404 [ 404 ]: Unable to find a route to match the URI: robots.txt ~ SYSPATH/classes/kohana/request.php [ 1124 ]; referer:
2015-05-11 14:10:11 uri:/user/forgetpassword; code:404; msg:The requested URL user/forgetpassword was not found on this server.-HTTP_Exception_404 [ 404 ]: The requested URL user/forgetpassword was not found on this server. ~ SYSPATH/classes/kohana/request/client/internal.php [ 113 ]; referer:
2015-05-11 14:20:25 uri:/111; code:404; msg:The requested URL 111 was not found on this server.-HTTP_Exception_404 [ 404 ]: The requested URL 111 was not found on this server. ~ SYSPATH/classes/kohana/request/client/internal.php [ 87 ]; referer:http://www.xgomo.com/equipment?loc_province=6&category=&child_category=
2015-05-11 15:02:09 uri:/public/agreement; code:404; msg:The requested URL public/agreement was not found on this server.-HTTP_Exception_404 [ 404 ]: The requested URL public/agreement was not found on this server. ~ SYSPATH/classes/kohana/request/client/internal.php [ 87 ]; referer:
2015-05-11 15:17:14 uri:/robots.txt; code:404; msg:Unable to find a route to match the URI: robots.txt-HTTP_Exception_404 [ 404 ]: Unable to find a route to match the URI: robots.txt ~ SYSPATH/classes/kohana/request.php [ 1124 ]; referer:
2015-05-11 16:19:12 uri:/robots.txt; code:404; msg:Unable to find a route to match the URI: robots.txt-HTTP_Exception_404 [ 404 ]: Unable to find a route to match the URI: robots.txt ~ SYSPATH/classes/kohana/request.php [ 1124 ]; referer:http://www.igmoo.cn/robots.txt
2015-05-11 17:19:58 uri:/team/about; code:404; msg:The requested URL team/about was not found on this server.-HTTP_Exception_404 [ 404 ]: The requested URL team/about was not found on this server. ~ SYSPATH/classes/kohana/request/client/internal.php [ 87 ]; referer:
2015-05-11 17:27:41 uri:/includes/templates/error.tpl; code:404; msg:Unable to find a route to match the URI: includes/templates/error.tpl-HTTP_Exception_404 [ 404 ]: Unable to find a route to match the URI: includes/templates/error.tpl ~ SYSPATH/classes/kohana/request.php [ 1124 ]; referer:
2015-05-11 19:44:59 uri:/robots.txt; code:404; msg:Unable to find a route to match the URI: robots.txt-HTTP_Exception_404 [ 404 ]: Unable to find a route to match the URI: robots.txt ~ SYSPATH/classes/kohana/request.php [ 1124 ]; referer:
2015-05-11 20:00:10 uri:/login.action; code:404; msg:Unable to find a route to match the URI: login.action-HTTP_Exception_404 [ 404 ]: Unable to find a route to match the URI: login.action ~ SYSPATH/classes/kohana/request.php [ 1124 ]; referer:
2015-05-11 20:00:10 uri:/index.action; code:404; msg:Unable to find a route to match the URI: index.action-HTTP_Exception_404 [ 404 ]: Unable to find a route to match the URI: index.action ~ SYSPATH/classes/kohana/request.php [ 1124 ]; referer:
2015-05-11 20:00:11 uri:/login.jsp; code:404; msg:Unable to find a route to match the URI: login.jsp-HTTP_Exception_404 [ 404 ]: Unable to find a route to match the URI: login.jsp ~ SYSPATH/classes/kohana/request.php [ 1124 ]; referer:
2015-05-11 20:00:11 uri:/licenseUpload.jsp; code:404; msg:Unable to find a route to match the URI: licenseUpload.jsp-HTTP_Exception_404 [ 404 ]: Unable to find a route to match the URI: licenseUpload.jsp ~ SYSPATH/classes/kohana/request.php [ 1124 ]; referer:
2015-05-11 20:00:11 uri:/userInfoAction.action; code:404; msg:Unable to find a route to match the URI: userInfoAction.action-HTTP_Exception_404 [ 404 ]: Unable to find a route to match the URI: userInfoAction.action ~ SYSPATH/classes/kohana/request.php [ 1124 ]; referer:
2015-05-11 20:00:11 uri:/userAction_loginUI.action; code:404; msg:Unable to find a route to match the URI: userAction_loginUI.action-HTTP_Exception_404 [ 404 ]: Unable to find a route to match the URI: userAction_loginUI.action ~ SYSPATH/classes/kohana/request.php [ 1124 ]; referer:
2015-05-11 20:00:11 uri:/unAuthorizedAccess.action; code:404; msg:Unable to find a route to match the URI: unAuthorizedAccess.action-HTTP_Exception_404 [ 404 ]: Unable to find a route to match the URI: unAuthorizedAccess.action ~ SYSPATH/classes/kohana/request.php [ 1124 ]; referer:
2015-05-11 21:09:02 uri:/ipc$; code:404; msg:The requested URL ipc$ was not found on this server.-HTTP_Exception_404 [ 404 ]: The requested URL ipc$ was not found on this server. ~ SYSPATH/classes/kohana/request/client/internal.php [ 87 ]; referer:
2015-05-11 21:13:48 uri:/login.jsp; code:404; msg:Unable to find a route to match the URI: login.jsp-HTTP_Exception_404 [ 404 ]: Unable to find a route to match the URI: login.jsp ~ SYSPATH/classes/kohana/request.php [ 1124 ]; referer:
2015-05-11 21:13:48 uri:/siteEnter.action; code:404; msg:Unable to find a route to match the URI: siteEnter.action-HTTP_Exception_404 [ 404 ]: Unable to find a route to match the URI: siteEnter.action ~ SYSPATH/classes/kohana/request.php [ 1124 ]; referer:
2015-05-11 21:13:48 uri:/login!init.action; code:404; msg:Unable to find a route to match the URI: login!init.action-HTTP_Exception_404 [ 404 ]: Unable to find a route to match the URI: login!init.action ~ SYSPATH/classes/kohana/request.php [ 1124 ]; referer:
2015-05-11 21:13:48 uri:/admin/index.jsp; code:404; msg:Unable to find a route to match the URI: admin/index.jsp-HTTP_Exception_404 [ 404 ]: Unable to find a route to match the URI: admin/index.jsp ~ SYSPATH/classes/kohana/request.php [ 1124 ]; referer:
2015-05-11 21:13:48 uri:/index!download.action; code:404; msg:Unable to find a route to match the URI: index!download.action-HTTP_Exception_404 [ 404 ]: Unable to find a route to match the URI: index!download.action ~ SYSPATH/classes/kohana/request.php [ 1124 ]; referer:
2015-05-11 21:13:48 uri:/index!execute.action; code:404; msg:Unable to find a route to match the URI: index!execute.action-HTTP_Exception_404 [ 404 ]: Unable to find a route to match the URI: index!execute.action ~ SYSPATH/classes/kohana/request.php [ 1124 ]; referer:
2015-05-11 21:13:49 uri:/index!WCIndex.action; code:404; msg:Unable to find a route to match the URI: index!WCIndex.action-HTTP_Exception_404 [ 404 ]: Unable to find a route to match the URI: index!WCIndex.action ~ SYSPATH/classes/kohana/request.php [ 1124 ]; referer:
2015-05-11 21:13:49 uri:/index!OAIndex.action; code:404; msg:Unable to find a route to match the URI: index!OAIndex.action-HTTP_Exception_404 [ 404 ]: Unable to find a route to match the URI: index!OAIndex.action ~ SYSPATH/classes/kohana/request.php [ 1124 ]; referer:
2015-05-11 21:13:49 uri:/userInfoAction.action; code:404; msg:Unable to find a route to match the URI: userInfoAction.action-HTTP_Exception_404 [ 404 ]: Unable to find a route to match the URI: userInfoAction.action ~ SYSPATH/classes/kohana/request.php [ 1124 ]; referer:
2015-05-11 21:13:49 uri:/admin/install!license.action; code:404; msg:Unable to find a route to match the URI: admin/install!license.action-HTTP_Exception_404 [ 404 ]: Unable to find a route to match the URI: admin/install!license.action ~ SYSPATH/classes/kohana/request.php [ 1124 ]; referer:
2015-05-11 21:13:49 uri:/admin/index.action; code:404; msg:Unable to find a route to match the URI: admin/index.action-HTTP_Exception_404 [ 404 ]: Unable to find a route to match the URI: admin/index.action ~ SYSPATH/classes/kohana/request.php [ 1124 ]; referer:
2015-05-11 21:13:49 uri:/license!getExpireDateOfDays.action; code:404; msg:Unable to find a route to match the URI: license!getExpireDateOfDays.action-HTTP_Exception_404 [ 404 ]: Unable to find a route to match the URI: license!getExpireDateOfDays.action ~ SYSPATH/classes/kohana/request.php [ 1124 ]; referer:
2015-05-11 21:13:49 uri:/userAction_loginUI.action; code:404; msg:Unable to find a route to match the URI: userAction_loginUI.action-HTTP_Exception_404 [ 404 ]: Unable to find a route to match the URI: userAction_loginUI.action ~ SYSPATH/classes/kohana/request.php [ 1124 ]; referer:
2015-05-11 21:13:49 uri:/unAuthorizedAccess.action; code:404; msg:Unable to find a route to match the URI: unAuthorizedAccess.action-HTTP_Exception_404 [ 404 ]: Unable to find a route to match the URI: unAuthorizedAccess.action ~ SYSPATH/classes/kohana/request.php [ 1124 ]; referer:
2015-05-11 21:19:42 uri:/jmx-console/; code:404; msg:The requested URL jmx-console was not found on this server.-HTTP_Exception_404 [ 404 ]: The requested URL jmx-console was not found on this server. ~ SYSPATH/classes/kohana/request/client/internal.php [ 87 ]; referer:http://121.40.211.61/
2015-05-11 21:19:44 uri:/web-console/; code:404; msg:The requested URL web-console was not found on this server.-HTTP_Exception_404 [ 404 ]: The requested URL web-console was not found on this server. ~ SYSPATH/classes/kohana/request/client/internal.php [ 87 ]; referer:http://121.40.211.61/
2015-05-11 21:19:46 uri:/invoker/JMXInvokerServlet; code:404; msg:The requested URL invoker/JMXInvokerServlet was not found on this server.-HTTP_Exception_404 [ 404 ]: The requested URL invoker/JMXInvokerServlet was not found on this server. ~ SYSPATH/classes/kohana/request/client/internal.php [ 87 ]; referer:http://121.40.211.61/
2015-05-11 21:19:48 uri:/invoker/EJBInvokerServlet; code:404; msg:The requested URL invoker/EJBInvokerServlet was not found on this server.-HTTP_Exception_404 [ 404 ]: The requested URL invoker/EJBInvokerServlet was not found on this server. ~ SYSPATH/classes/kohana/request/client/internal.php [ 87 ]; referer:http://121.40.211.61/
2015-05-11 21:19:50 uri:/status/; code:404; msg:The requested URL status was not found on this server.-HTTP_Exception_404 [ 404 ]: The requested URL status was not found on this server. ~ SYSPATH/classes/kohana/request/client/internal.php [ 87 ]; referer:http://121.40.211.61/
2015-05-11 21:19:52 uri:/server-status/; code:404; msg:The requested URL server-status was not found on this server.-HTTP_Exception_404 [ 404 ]: The requested URL server-status was not found on this server. ~ SYSPATH/classes/kohana/request/client/internal.php [ 87 ]; referer:http://121.40.211.61/
2015-05-11 21:19:59 uri:/login.action?debug=browser; code:404; msg:Unable to find a route to match the URI: login.action-HTTP_Exception_404 [ 404 ]: Unable to find a route to match the URI: login.action ~ SYSPATH/classes/kohana/request.php [ 1124 ]; referer:http://121.40.211.61/
2015-05-11 21:20:01 uri:/admin.action?debug=browser; code:404; msg:Unable to find a route to match the URI: admin.action-HTTP_Exception_404 [ 404 ]: Unable to find a route to match the URI: admin.action ~ SYSPATH/classes/kohana/request.php [ 1124 ]; referer:http://121.40.211.61/
2015-05-11 21:20:03 uri:/index.action?debug=browser; code:404; msg:Unable to find a route to match the URI: index.action-HTTP_Exception_404 [ 404 ]: Unable to find a route to match the URI: index.action ~ SYSPATH/classes/kohana/request.php [ 1124 ]; referer:http://121.40.211.61/
2015-05-11 21:20:04 uri:/login.action; code:404; msg:Unable to find a route to match the URI: login.action-HTTP_Exception_404 [ 404 ]: Unable to find a route to match the URI: login.action ~ SYSPATH/classes/kohana/request.php [ 1124 ]; referer:http://121.40.211.61/
2015-05-11 21:20:06 uri:/admin.action; code:404; msg:Unable to find a route to match the URI: admin.action-HTTP_Exception_404 [ 404 ]: Unable to find a route to match the URI: admin.action ~ SYSPATH/classes/kohana/request.php [ 1124 ]; referer:http://121.40.211.61/
2015-05-11 21:20:09 uri:/index.action; code:404; msg:Unable to find a route to match the URI: index.action-HTTP_Exception_404 [ 404 ]: Unable to find a route to match the URI: index.action ~ SYSPATH/classes/kohana/request.php [ 1124 ]; referer:http://121.40.211.61/
2015-05-11 21:20:21 uri:/index.action?redirect%3A%25%7Bnew+java.lang.String%28%27http%3A%2F%2Fxxxxxxxxxxxxx%27%29%7D; code:404; msg:Unable to find a route to match the URI: index.action-HTTP_Exception_404 [ 404 ]: Unable to find a route to match the URI: index.action ~ SYSPATH/classes/kohana/request.php [ 1124 ]; referer:http://121.40.211.61/
2015-05-11 21:20:23 uri:/login.action?redirect%3A%25%7Bnew+java.lang.String%28%27http%3A%2F%2Fxxxxxxxxxxxxx%27%29%7D; code:404; msg:Unable to find a route to match the URI: login.action-HTTP_Exception_404 [ 404 ]: Unable to find a route to match the URI: login.action ~ SYSPATH/classes/kohana/request.php [ 1124 ]; referer:http://121.40.211.61/
2015-05-11 21:20:24 uri:/admin.action?redirect%3A%25%7Bnew+java.lang.String%28%27http%3A%2F%2Fxxxxxxxxxxxxx%27%29%7D; code:404; msg:Unable to find a route to match the URI: admin.action-HTTP_Exception_404 [ 404 ]: Unable to find a route to match the URI: admin.action ~ SYSPATH/classes/kohana/request.php [ 1124 ]; referer:http://121.40.211.61/
2015-05-11 21:20:25 uri:/index.action; code:404; msg:Unable to find a route to match the URI: index.action-HTTP_Exception_404 [ 404 ]: Unable to find a route to match the URI: index.action ~ SYSPATH/classes/kohana/request.php [ 1124 ]; referer:http://121.40.211.61/
2015-05-11 21:20:26 uri:/login.action; code:404; msg:Unable to find a route to match the URI: login.action-HTTP_Exception_404 [ 404 ]: Unable to find a route to match the URI: login.action ~ SYSPATH/classes/kohana/request.php [ 1124 ]; referer:http://121.40.211.61/
2015-05-11 21:20:28 uri:/admin.action; code:404; msg:Unable to find a route to match the URI: admin.action-HTTP_Exception_404 [ 404 ]: Unable to find a route to match the URI: admin.action ~ SYSPATH/classes/kohana/request.php [ 1124 ]; referer:http://121.40.211.61/
2015-05-11 21:20:33 uri:/manager/html; code:404; msg:The requested URL manager/html was not found on this server.-HTTP_Exception_404 [ 404 ]: The requested URL manager/html was not found on this server. ~ SYSPATH/classes/kohana/request/client/internal.php [ 87 ]; referer:http://121.40.211.61/
2015-05-11 21:25:26 uri:/robots.txt; code:404; msg:Unable to find a route to match the URI: robots.txt-HTTP_Exception_404 [ 404 ]: Unable to find a route to match the URI: robots.txt ~ SYSPATH/classes/kohana/request.php [ 1124 ]; referer:
2015-05-11 21:26:21 uri:/team/contact; code:404; msg:The requested URL team/contact was not found on this server.-HTTP_Exception_404 [ 404 ]: The requested URL team/contact was not found on this server. ~ SYSPATH/classes/kohana/request/client/internal.php [ 87 ]; referer:
2015-05-11 21:28:30 uri:/robots.txt; code:404; msg:Unable to find a route to match the URI: robots.txt-HTTP_Exception_404 [ 404 ]: Unable to find a route to match the URI: robots.txt ~ SYSPATH/classes/kohana/request.php [ 1124 ]; referer:
2015-05-11 22:22:47 uri:/robots.txt; code:404; msg:Unable to find a route to match the URI: robots.txt-HTTP_Exception_404 [ 404 ]: Unable to find a route to match the URI: robots.txt ~ SYSPATH/classes/kohana/request.php [ 1124 ]; referer:
2015-05-11 23:05:05 uri:/login.action; code:404; msg:Unable to find a route to match the URI: login.action-HTTP_Exception_404 [ 404 ]: Unable to find a route to match the URI: login.action ~ SYSPATH/classes/kohana/request.php [ 1124 ]; referer:
